<?xml version="1.0" encoding="UTF-8"?>
<robot generator="Robot 7.3.2 (Python 3.12.3 on linux)" generated="2025-10-23T11:57:35.353452" rpa="false" schemaversion="5">
<suite id="s1" name="Test" source="/home/explt13/pro/SoftwareTestingLEcture2025/testCases/test.robot">
<kw name="Open Browser And Maximize" owner="resources" type="SETUP">
<kw name="Open Browser" owner="SeleniumLibrary">
<msg time="2025-10-23T11:57:36.476402" level="INFO">Opening browser 'Chrome' to base url 'https://www.demoblaze.com/'.</msg>
<arg>${baseUrl}</arg>
<arg>Chrome</arg>
<doc>Opens a new browser instance to the optional ``url``.</doc>
<status status="PASS" start="2025-10-23T11:57:36.472640" elapsed="3.761981"/>
</kw>
<kw name="Maximize Browser Window" owner="SeleniumLibrary">
<doc>Maximizes current browser window.</doc>
<status status="PASS" start="2025-10-23T11:57:40.236210" elapsed="0.037863"/>
</kw>
<status status="PASS" start="2025-10-23T11:57:36.462084" elapsed="3.814154"/>
</kw>
<test id="s1-t1" name="LOGIN_TEST" line="9">
<kw name="Sign Up" owner="resources">
<kw name="Wait Until Page Contains Element" owner="SeleniumLibrary">
<arg>${signUpButton}</arg>
<arg>timeout=80</arg>
<arg>error=logInButtonNotFound</arg>
<doc>Waits until the element ``locator`` appears on the current page.</doc>
<status status="PASS" start="2025-10-23T11:57:40.293026" elapsed="0.039745"/>
</kw>
<kw name="Sleep" owner="BuiltIn">
<msg time="2025-10-23T11:57:41.340028" level="INFO">Slept 1 second.</msg>
<arg>1s</arg>
<doc>Pauses the test executed for the given time.</doc>
<status status="PASS" start="2025-10-23T11:57:40.335547" elapsed="1.005540"/>
</kw>
<kw name="Click Element" owner="SeleniumLibrary">
<msg time="2025-10-23T11:57:41.343884" level="INFO">Clicking element '//*[@id="signin2"]'.</msg>
<arg>${signUpButton}</arg>
<doc>Click the element identified by ``locator``.</doc>
<status status="PASS" start="2025-10-23T11:57:41.342119" elapsed="0.157074"/>
</kw>
<kw name="Wait Until Page Contains Element" owner="SeleniumLibrary">
<arg>${signUpUsername}</arg>
<arg>timeout=80</arg>
<arg>error=logInButtonNotFound</arg>
<doc>Waits until the element ``locator`` appears on the current page.</doc>
<status status="PASS" start="2025-10-23T11:57:41.501365" elapsed="0.023295"/>
</kw>
<kw name="Sleep" owner="BuiltIn">
<msg time="2025-10-23T11:57:42.527482" level="INFO">Slept 1 second.</msg>
<arg>1s</arg>
<doc>Pauses the test executed for the given time.</doc>
<status status="PASS" start="2025-10-23T11:57:41.525802" elapsed="1.002881"/>
</kw>
<kw name="Input Text" owner="SeleniumLibrary">
<msg time="2025-10-23T11:57:42.531824" level="INFO">Typing text 'testing1996d6' into text field '//*[@id="sign-username"]'.</msg>
<arg>${signUpUsername}</arg>
<arg>${login}</arg>
<doc>Types the given ``text`` into the text field identified by ``locator``.</doc>
<status status="PASS" start="2025-10-23T11:57:42.529778" elapsed="0.158796"/>
</kw>
<kw name="Sleep" owner="BuiltIn">
<msg time="2025-10-23T11:57:44.691673" level="INFO">Slept 2 seconds.</msg>
<arg>2s</arg>
<doc>Pauses the test executed for the given time.</doc>
<status status="PASS" start="2025-10-23T11:57:42.690041" elapsed="2.003512"/>
</kw>
<kw name="Input Password" owner="SeleniumLibrary">
<msg time="2025-10-23T11:57:44.698559" level="INFO">Typing password into text field '//*[@id="sign-password"]'.</msg>
<msg time="2025-10-23T11:57:44.767273" level="INFO">Temporally setting log level to: NONE</msg>
<arg>${signUpPassword}</arg>
<arg>${password}</arg>
<doc>Types the given password into the text field identified by ``locator``.</doc>
<status status="PASS" start="2025-10-23T11:57:44.695613" elapsed="0.154384"/>
</kw>
<kw name="Sleep" owner="BuiltIn">
<msg time="2025-10-23T11:57:46.852583" level="INFO">Slept 2 seconds.</msg>
<arg>2s</arg>
<doc>Pauses the test executed for the given time.</doc>
<status status="PASS" start="2025-10-23T11:57:44.851130" elapsed="2.002410"/>
</kw>
<kw name="Click Element" owner="SeleniumLibrary">
<msg time="2025-10-23T11:57:46.857899" level="INFO">Clicking element '//*[@id="signInModal"]/div/div/div[3]/button[2]'.</msg>
<arg>${signUpFormButton}</arg>
<doc>Click the element identified by ``locator``.</doc>
<status status="PASS" start="2025-10-23T11:57:46.854704" elapsed="0.113566"/>
</kw>
<kw name="Sleep" owner="BuiltIn">
<msg time="2025-10-23T11:57:49.974614" level="INFO">Slept 3 seconds.</msg>
<arg>3s</arg>
<doc>Pauses the test executed for the given time.</doc>
<status status="PASS" start="2025-10-23T11:57:46.970506" elapsed="3.005110"/>
</kw>
<kw name="Handle Alert" owner="SeleniumLibrary">
<msg time="2025-10-23T11:57:49.978208" level="INFO">HANDLE::&lt;class 'NoneType'&gt;::None</msg>
<arg>action=ACCEPT</arg>
<doc>Handles the current alert and returns its message.</doc>
<status status="PASS" start="2025-10-23T11:57:49.976809" elapsed="0.034618"/>
</kw>
<status status="PASS" start="2025-10-23T11:57:40.287758" elapsed="9.724624"/>
</kw>
<kw name="Log in" owner="resources">
<kw name="Wait Until Page Contains Element" owner="SeleniumLibrary">
<arg>${logInButton}</arg>
<arg>timeout=80</arg>
<arg>error=logInButtonNotFound</arg>
<doc>Waits until the element ``locator`` appears on the current page.</doc>
<status status="PASS" start="2025-10-23T11:57:50.021054" elapsed="0.034354"/>
</kw>
<kw name="Sleep" owner="BuiltIn">
<msg time="2025-10-23T11:57:51.058686" level="INFO">Slept 1 second.</msg>
<arg>1s</arg>
<doc>Pauses the test executed for the given time.</doc>
<status status="PASS" start="2025-10-23T11:57:50.056854" elapsed="1.002934"/>
</kw>
<kw name="Click Element" owner="SeleniumLibrary">
<msg time="2025-10-23T11:57:51.062433" level="INFO">Clicking element '//*[@id="login2"]'.</msg>
<arg>${logInButton}</arg>
<doc>Click the element identified by ``locator``.</doc>
<status status="PASS" start="2025-10-23T11:57:51.060792" elapsed="0.100590"/>
</kw>
<kw name="Wait Until Page Contains Element" owner="SeleniumLibrary">
<arg>${loginUsernameField}</arg>
<arg>timeout=80</arg>
<arg>error=logInButtonNotFound</arg>
<doc>Waits until the element ``locator`` appears on the current page.</doc>
<status status="PASS" start="2025-10-23T11:57:51.163185" elapsed="0.025715"/>
</kw>
<kw name="Sleep" owner="BuiltIn">
<msg time="2025-10-23T11:57:52.193393" level="INFO">Slept 1 second.</msg>
<arg>1s</arg>
<doc>Pauses the test executed for the given time.</doc>
<status status="PASS" start="2025-10-23T11:57:51.191534" elapsed="1.002754"/>
</kw>
<kw name="Input Text" owner="SeleniumLibrary">
<msg time="2025-10-23T11:57:52.197218" level="INFO">Typing text 'testing1996d6' into text field '//*[@id="loginusername"]'.</msg>
<arg>${loginUsernameField}</arg>
<arg>${login}</arg>
<doc>Types the given ``text`` into the text field identified by ``locator``.</doc>
<status status="PASS" start="2025-10-23T11:57:52.195401" elapsed="0.131900"/>
</kw>
<kw name="Input Password" owner="SeleniumLibrary">
<msg time="2025-10-23T11:57:52.330757" level="INFO">Typing password into text field '//*[@id="loginpassword"]'.</msg>
<msg time="2025-10-23T11:57:52.396424" level="INFO">Temporally setting log level to: NONE</msg>
<arg>${loginPasswordField}</arg>
<arg>${password}</arg>
<doc>Types the given password into the text field identified by ``locator``.</doc>
<status status="PASS" start="2025-10-23T11:57:52.328472" elapsed="0.146294"/>
</kw>
<kw name="Sleep" owner="BuiltIn">
<msg time="2025-10-23T11:57:53.478107" level="INFO">Slept 1 second.</msg>
<arg>1s</arg>
<doc>Pauses the test executed for the given time.</doc>
<status status="PASS" start="2025-10-23T11:57:52.476283" elapsed="1.002752"/>
</kw>
<kw name="Click Element" owner="SeleniumLibrary">
<msg time="2025-10-23T11:57:53.481706" level="INFO">Clicking element '//*[@id="logInModal"]/div/div/div[3]/button[2]'.</msg>
<arg>${logInFormButton}</arg>
<doc>Click the element identified by ``locator``.</doc>
<status status="PASS" start="2025-10-23T11:57:53.480042" elapsed="0.108200"/>
</kw>
<kw name="Sleep" owner="BuiltIn">
<msg time="2025-10-23T11:57:57.598115" level="INFO">Slept 4 seconds.</msg>
<arg>4s</arg>
<doc>Pauses the test executed for the given time.</doc>
<status status="PASS" start="2025-10-23T11:57:53.595123" elapsed="4.004035"/>
</kw>
<status status="PASS" start="2025-10-23T11:57:50.016162" elapsed="7.584288"/>
</kw>
<status status="PASS" start="2025-10-23T11:57:40.278180" elapsed="17.323724"/>
</test>
<test id="s1-t2" name="LOGOUT_TEST" line="13">
<kw name="Log Out" owner="resources">
<kw name="Wait Until Page Contains Element" owner="SeleniumLibrary">
<arg>${logOutButton}</arg>
<arg>timeout=80</arg>
<arg>error=logOutButtonNotFound</arg>
<doc>Waits until the element ``locator`` appears on the current page.</doc>
<status status="PASS" start="2025-10-23T11:57:57.610174" elapsed="0.028325"/>
</kw>
<kw name="Click Element" owner="SeleniumLibrary">
<msg time="2025-10-23T11:57:57.641581" level="INFO">Clicking element '//*[@id="logout2"]'.</msg>
<arg>${logOutButton}</arg>
<doc>Click the element identified by ``locator``.</doc>
<status status="PASS" start="2025-10-23T11:57:57.639958" elapsed="0.494066"/>
</kw>
<kw name="Sleep" owner="BuiltIn">
<msg time="2025-10-23T11:58:00.140416" level="INFO">Slept 2 seconds.</msg>
<arg>2s</arg>
<doc>Pauses the test executed for the given time.</doc>
<status status="PASS" start="2025-10-23T11:57:58.136856" elapsed="2.004481"/>
</kw>
<status status="PASS" start="2025-10-23T11:57:57.607664" elapsed="2.534981"/>
</kw>
<status status="PASS" start="2025-10-23T11:57:57.604184" elapsed="2.539720"/>
</test>
<test id="s1-t3" name="BUY_PRODUCT_TEST" line="16">
<kw name="Add To Cart" owner="resources">
<kw name="Wait Until Page Contains Element" owner="SeleniumLibrary">
<arg>${openProductPageButton}</arg>
<arg>timeout=80</arg>
<arg>error=openProductPageButtonNotFound</arg>
<doc>Waits until the element ``locator`` appears on the current page.</doc>
<status status="PASS" start="2025-10-23T11:58:00.156055" elapsed="0.026375"/>
</kw>
<kw name="Sleep" owner="BuiltIn">
<msg time="2025-10-23T11:58:01.185691" level="INFO">Slept 1 second.</msg>
<arg>1s</arg>
<doc>Pauses the test executed for the given time.</doc>
<status status="PASS" start="2025-10-23T11:58:00.184090" elapsed="1.003009"/>
</kw>
<kw name="Click Element" owner="SeleniumLibrary">
<msg time="2025-10-23T11:58:01.191609" level="INFO">Clicking element '//*[@id="tbodyid"]/div[3]/div/div/h4/a'.</msg>
<arg>${openProductPageButton}</arg>
<doc>Click the element identified by ``locator``.</doc>
<status status="PASS" start="2025-10-23T11:58:01.188763" elapsed="0.779952"/>
</kw>
<kw name="Sleep" owner="BuiltIn">
<msg time="2025-10-23T11:58:03.972751" level="INFO">Slept 2 seconds.</msg>
<arg>2s</arg>
<doc>Pauses the test executed for the given time.</doc>
<status status="PASS" start="2025-10-23T11:58:01.970797" elapsed="2.002933"/>
</kw>
<kw name="Click Element" owner="SeleniumLibrary">
<msg time="2025-10-23T11:58:03.976975" level="INFO">Clicking element '//*[@class="btn btn-success btn-lg"]'.</msg>
<arg>${addToCartButton}</arg>
<doc>Click the element identified by ``locator``.</doc>
<status status="PASS" start="2025-10-23T11:58:03.974914" elapsed="0.140209"/>
</kw>
<kw name="Sleep" owner="BuiltIn">
<msg time="2025-10-23T11:58:05.118403" level="INFO">Slept 1 second.</msg>
<arg>1s</arg>
<doc>Pauses the test executed for the given time.</doc>
<status status="PASS" start="2025-10-23T11:58:04.116646" elapsed="1.003774"/>
</kw>
<kw name="Handle Alert" owner="SeleniumLibrary">
<msg time="2025-10-23T11:58:05.126124" level="INFO">HANDLE::&lt;class 'NoneType'&gt;::None</msg>
<arg>action=ACCEPT</arg>
<doc>Handles the current alert and returns its message.</doc>
<status status="PASS" start="2025-10-23T11:58:05.122782" elapsed="0.038462"/>
</kw>
<status status="PASS" start="2025-10-23T11:58:00.153223" elapsed="5.009017"/>
</kw>
<kw name="Open Cart Page" owner="resources">
<kw name="Click Element" owner="SeleniumLibrary">
<msg time="2025-10-23T11:58:05.170127" level="INFO">Clicking element '//*[@id="cartur"]'.</msg>
<arg>${cartButton}</arg>
<doc>Click the element identified by ``locator``.</doc>
<status status="PASS" start="2025-10-23T11:58:05.166431" elapsed="1.353722"/>
</kw>
<kw name="Sleep" owner="BuiltIn">
<msg time="2025-10-23T11:58:08.524552" level="INFO">Slept 2 seconds.</msg>
<arg>2s</arg>
<doc>Pauses the test executed for the given time.</doc>
<status status="PASS" start="2025-10-23T11:58:06.521652" elapsed="2.003880"/>
</kw>
<status status="PASS" start="2025-10-23T11:58:05.163851" elapsed="3.362564"/>
</kw>
<kw name="Buy Product" owner="resources">
<kw name="Wait Until Page Contains Element" owner="SeleniumLibrary">
<arg>${orderButton}</arg>
<arg>timeout=80</arg>
<arg>error=orderButtonNotFound</arg>
<doc>Waits until the element ``locator`` appears on the current page.</doc>
<status status="PASS" start="2025-10-23T11:58:08.530739" elapsed="0.026202"/>
</kw>
<kw name="Click Element" owner="SeleniumLibrary">
<msg time="2025-10-23T11:58:08.560429" level="INFO">Clicking element '//*[@class="btn btn-success"]'.</msg>
<arg>${orderButton}</arg>
<doc>Click the element identified by ``locator``.</doc>
<status status="PASS" start="2025-10-23T11:58:08.558521" elapsed="0.104750"/>
</kw>
<kw name="Sleep" owner="BuiltIn">
<msg time="2025-10-23T11:58:10.666585" level="INFO">Slept 2 seconds.</msg>
<arg>2s</arg>
<doc>Pauses the test executed for the given time.</doc>
<status status="PASS" start="2025-10-23T11:58:08.664705" elapsed="2.002909"/>
</kw>
<kw name="Wait Until Page Contains Element" owner="SeleniumLibrary">
<arg>${orderFormModal}</arg>
<arg>timeout=80</arg>
<arg>error=orderFormModalNotFound</arg>
<doc>Waits until the element ``locator`` appears on the current page.</doc>
<status status="PASS" start="2025-10-23T11:58:10.668716" elapsed="0.023751"/>
</kw>
<kw name="Sleep" owner="BuiltIn">
<msg time="2025-10-23T11:58:11.695045" level="INFO">Slept 1 second.</msg>
<arg>1s</arg>
<doc>Pauses the test executed for the given time.</doc>
<status status="PASS" start="2025-10-23T11:58:10.693586" elapsed="1.002377"/>
</kw>
<kw name="Input Text" owner="SeleniumLibrary">
<msg time="2025-10-23T11:58:11.698903" level="INFO">Typing text 'John' into text field '//*[@id="name"]'.</msg>
<arg>${orderFormNameField}</arg>
<arg>${orderFormNameValue}</arg>
<doc>Types the given ``text`` into the text field identified by ``locator``.</doc>
<status status="PASS" start="2025-10-23T11:58:11.696965" elapsed="0.144138"/>
</kw>
<kw name="Input Text" owner="SeleniumLibrary">
<msg time="2025-10-23T11:58:11.849596" level="INFO">Typing text 'New Zeland' into text field '//*[@id="country"]'.</msg>
<arg>${orderFormCountryField}</arg>
<arg>${orderFormCountryValue}</arg>
<doc>Types the given ``text`` into the text field identified by ``locator``.</doc>
<status status="PASS" start="2025-10-23T11:58:11.844266" elapsed="0.154886"/>
</kw>
<kw name="Input Text" owner="SeleniumLibrary">
<msg time="2025-10-23T11:58:12.007200" level="INFO">Typing text 'Wellington' into text field '//*[@id="city"]'.</msg>
<arg>${orderFormCityField}</arg>
<arg>${orderFormCityValue}</arg>
<doc>Types the given ``text`` into the text field identified by ``locator``.</doc>
<status status="PASS" start="2025-10-23T11:58:12.001593" elapsed="0.193651"/>
</kw>
<kw name="Input Text" owner="SeleniumLibrary">
<msg time="2025-10-23T11:58:12.203396" level="INFO">Typing text '5130290000000009' into text field '//*[@id="card"]'.</msg>
<arg>${orderFormCreditCardField}</arg>
<arg>${orderFormCreditCardValue}</arg>
<doc>Types the given ``text`` into the text field identified by ``locator``.</doc>
<status status="PASS" start="2025-10-23T11:58:12.197654" elapsed="0.162551"/>
</kw>
<kw name="Input Text" owner="SeleniumLibrary">
<msg time="2025-10-23T11:58:12.364947" level="INFO">Typing text 'November' into text field '//*[@id="month"]'.</msg>
<arg>${orderFormMonthField}</arg>
<arg>${orderFormMonthValue}</arg>
<doc>Types the given ``text`` into the text field identified by ``locator``.</doc>
<status status="PASS" start="2025-10-23T11:58:12.362515" elapsed="0.232914"/>
</kw>
<kw name="Input Text" owner="SeleniumLibrary">
<msg time="2025-10-23T11:58:12.602644" level="INFO">Typing text '2025' into text field '//*[@id="year"]'.</msg>
<arg>${orderFormYearField}</arg>
<arg>${orderFormYearValue}</arg>
<doc>Types the given ``text`` into the text field identified by ``locator``.</doc>
<status status="PASS" start="2025-10-23T11:58:12.597865" elapsed="0.145450"/>
</kw>
<kw name="Wait Until Element Is Visible" owner="SeleniumLibrary">
<arg>${purchaseButton}</arg>
<arg>timeout=5s</arg>
<doc>Waits until the element ``locator`` is visible.</doc>
<status status="PASS" start="2025-10-23T11:58:12.746204" elapsed="0.050546"/>
</kw>
<kw name="Click Element" owner="SeleniumLibrary">
<msg time="2025-10-23T11:58:12.799675" level="INFO">Clicking element '//button[contains(text(), "Purchase")]'.</msg>
<arg>${purchaseButton}</arg>
<doc>Click the element identified by ``locator``.</doc>
<status status="PASS" start="2025-10-23T11:58:12.797869" elapsed="0.120020"/>
</kw>
<kw name="Wait Until Page Contains Element" owner="SeleniumLibrary">
<arg>${purchaseSuccessButton}</arg>
<arg>timeout=80</arg>
<arg>error=purchaseFormIsNotValid</arg>
<doc>Waits until the element ``locator`` appears on the current page.</doc>
<status status="PASS" start="2025-10-23T11:58:12.920142" elapsed="0.026585"/>
</kw>
<kw name="Sleep" owner="BuiltIn">
<msg time="2025-10-23T11:58:13.949224" level="INFO">Slept 1 second.</msg>
<arg>1s</arg>
<doc>Pauses the test executed for the given time.</doc>
<status status="PASS" start="2025-10-23T11:58:12.947787" elapsed="1.003097"/>
</kw>
<kw name="Click Element" owner="SeleniumLibrary">
<msg time="2025-10-23T11:58:13.955487" level="INFO">Clicking element '//*[@class="sa-confirm-button-container"]/button'.</msg>
<arg>${purchaseSuccessButton}</arg>
<doc>Click the element identified by ``locator``.</doc>
<status status="PASS" start="2025-10-23T11:58:13.953046" elapsed="0.890643"/>
</kw>
<kw name="Sleep" owner="BuiltIn">
<msg time="2025-10-23T11:58:16.848523" level="INFO">Slept 2 seconds.</msg>
<arg>2s</arg>
<doc>Pauses the test executed for the given time.</doc>
<status status="PASS" start="2025-10-23T11:58:14.845938" elapsed="2.003570"/>
</kw>
<status status="PASS" start="2025-10-23T11:58:08.528757" elapsed="8.321669"/>
</kw>
<status status="PASS" start="2025-10-23T11:58:00.148777" elapsed="16.702953"/>
</test>
<test id="s1-t4" name="REMOVE_FROM_CART_TEST" line="21">
<kw name="Add To Cart" owner="resources">
<kw name="Wait Until Page Contains Element" owner="SeleniumLibrary">
<arg>${openProductPageButton}</arg>
<arg>timeout=80</arg>
<arg>error=openProductPageButtonNotFound</arg>
<doc>Waits until the element ``locator`` appears on the current page.</doc>
<status status="PASS" start="2025-10-23T11:58:16.859301" elapsed="0.018077"/>
</kw>
<kw name="Sleep" owner="BuiltIn">
<msg time="2025-10-23T11:58:17.880250" level="INFO">Slept 1 second.</msg>
<arg>1s</arg>
<doc>Pauses the test executed for the given time.</doc>
<status status="PASS" start="2025-10-23T11:58:16.878529" elapsed="1.003221"/>
</kw>
<kw name="Click Element" owner="SeleniumLibrary">
<msg time="2025-10-23T11:58:17.884854" level="INFO">Clicking element '//*[@id="tbodyid"]/div[3]/div/div/h4/a'.</msg>
<arg>${openProductPageButton}</arg>
<doc>Click the element identified by ``locator``.</doc>
<status status="PASS" start="2025-10-23T11:58:17.883163" elapsed="1.054695"/>
</kw>
<kw name="Sleep" owner="BuiltIn">
<msg time="2025-10-23T11:58:20.941613" level="INFO">Slept 2 seconds.</msg>
<arg>2s</arg>
<doc>Pauses the test executed for the given time.</doc>
<status status="PASS" start="2025-10-23T11:58:18.939824" elapsed="2.002753"/>
</kw>
<kw name="Click Element" owner="SeleniumLibrary">
<msg time="2025-10-23T11:58:20.945749" level="INFO">Clicking element '//*[@class="btn btn-success btn-lg"]'.</msg>
<arg>${addToCartButton}</arg>
<doc>Click the element identified by ``locator``.</doc>
<status status="PASS" start="2025-10-23T11:58:20.943628" elapsed="0.107629"/>
</kw>
<kw name="Sleep" owner="BuiltIn">
<msg time="2025-10-23T11:58:22.054571" level="INFO">Slept 1 second.</msg>
<arg>1s</arg>
<doc>Pauses the test executed for the given time.</doc>
<status status="PASS" start="2025-10-23T11:58:21.052501" elapsed="1.003141"/>
</kw>
<kw name="Handle Alert" owner="SeleniumLibrary">
<msg time="2025-10-23T11:58:22.058048" level="INFO">HANDLE::&lt;class 'NoneType'&gt;::None</msg>
<arg>action=ACCEPT</arg>
<doc>Handles the current alert and returns its message.</doc>
<status status="PASS" start="2025-10-23T11:58:22.056670" elapsed="0.039144"/>
</kw>
<status status="PASS" start="2025-10-23T11:58:16.857361" elapsed="5.239764"/>
</kw>
<kw name="Remove From Cart" owner="resources">
<kw name="Open Cart Page" owner="resources">
<kw name="Click Element" owner="SeleniumLibrary">
<msg time="2025-10-23T11:58:22.106870" level="INFO">Clicking element '//*[@id="cartur"]'.</msg>
<arg>${cartButton}</arg>
<doc>Click the element identified by ``locator``.</doc>
<status status="PASS" start="2025-10-23T11:58:22.105198" elapsed="0.934828"/>
</kw>
<kw name="Sleep" owner="BuiltIn">
<msg time="2025-10-23T11:58:25.046236" level="INFO">Slept 2 seconds.</msg>
<arg>2s</arg>
<doc>Pauses the test executed for the given time.</doc>
<status status="PASS" start="2025-10-23T11:58:23.042496" elapsed="2.004667"/>
</kw>
<status status="PASS" start="2025-10-23T11:58:22.102578" elapsed="2.945499"/>
</kw>
<kw name="Wait Until Page Contains Element" owner="SeleniumLibrary">
<arg>${removeFromCartButton}</arg>
<arg>timeout=80</arg>
<arg>error=removeButtonNotFound</arg>
<doc>Waits until the element ``locator`` appears on the current page.</doc>
<status status="PASS" start="2025-10-23T11:58:25.049238" elapsed="0.022744"/>
</kw>
<kw name="Click Element" owner="SeleniumLibrary">
<msg time="2025-10-23T11:58:25.076663" level="INFO">Clicking element '//tbody[@id="tbodyid"]//a[text()="Delete"]'.</msg>
<arg>${removeFromCartButton}</arg>
<doc>Click the element identified by ``locator``.</doc>
<status status="PASS" start="2025-10-23T11:58:25.073739" elapsed="0.110630"/>
</kw>
<kw name="Sleep" owner="BuiltIn">
<msg time="2025-10-23T11:58:26.186804" level="INFO">Slept 1 second.</msg>
<arg>1s</arg>
<doc>Pauses the test executed for the given time.</doc>
<status status="PASS" start="2025-10-23T11:58:25.185399" elapsed="1.002371"/>
</kw>
<kw name="Page Should Contain Element" owner="SeleniumLibrary">
<msg time="2025-10-23T11:58:26.468378" level="INFO">Current page contains element '//*[@id="tbodyid" and not (*)]'.</msg>
<arg>${removedElement}</arg>
<doc>Verifies that element ``locator`` is found on the current page.</doc>
<status status="PASS" start="2025-10-23T11:58:26.189066" elapsed="0.281296"/>
</kw>
<kw name="Sleep" owner="BuiltIn">
<msg time="2025-10-23T11:58:28.476152" level="INFO">Slept 2 seconds.</msg>
<arg>2s</arg>
<doc>Pauses the test executed for the given time.</doc>
<status status="PASS" start="2025-10-23T11:58:26.472570" elapsed="2.004502"/>
</kw>
<status status="PASS" start="2025-10-23T11:58:22.099757" elapsed="6.378140"/>
</kw>
<status status="PASS" start="2025-10-23T11:58:16.853543" elapsed="11.625641"/>
</test>
<kw name="Close Browser Custom" owner="resources" type="TEARDOWN">
<kw name="Close All Browsers" owner="SeleniumLibrary">
<doc>Closes all open browsers and resets the browser cache.</doc>
<status status="PASS" start="2025-10-23T11:58:28.488348" elapsed="0.164208"/>
</kw>
<status status="PASS" start="2025-10-23T11:58:28.485670" elapsed="0.168254"/>
</kw>
<status status="PASS" start="2025-10-23T11:57:35.375159" elapsed="53.279707"/>
</suite>
<statistics>
<total>
<stat pass="4" fail="0" skip="0">All Tests</stat>
</total>
<tag>
</tag>
<suite>
<stat name="Test" id="s1" pass="4" fail="0" skip="0">Test</stat>
</suite>
</statistics>
<errors>
</errors>
</robot>
