<?xml version="1.0" encoding="UTF-8"?>
<robot generator="Rebot 7.3.2 (Python 3.12.12 on linux)" generated="2025-11-21T19:17:57.681233" rpa="false" schemaversion="5">
<suite id="s1" name="Suites">
<suite id="s1-s1" name="Test Windows, 10, Chrome, 120.0" source="/app/testCases/test.robot">
<kw name="Open Browser And Maximize" owner="resources" type="SETUP">
<kw name="Evaluate" owner="BuiltIn">
<msg time="2025-11-21T19:16:03.292030" level="INFO">${caps} = {}</msg>
<var>${caps}</var>
<arg>{}</arg>
<doc>Evaluates the given expression in Python and returns the result.</doc>
<status status="PASS" start="2025-11-21T19:16:03.290982" elapsed="0.002263"/>
</kw>
<kw name="Create Webdriver" owner="SeleniumLibrary">
<msg time="2025-11-21T19:16:03.295559" level="INFO">Creating an instance of the Remote WebDriver.</msg>
<msg time="2025-11-21T19:16:03.300242" level="INFO">Completed setup!</msg>
<arg>Remote</arg>
<arg>command_executor=http://localhost:4444/wd/hub</arg>
<arg>desired_capabilities=${caps}</arg>
<doc>Creates an instance of Selenium WebDriver.</doc>
<status status="PASS" start="2025-11-21T19:16:03.294157" elapsed="30.625930"/>
</kw>
<kw name="Go To" owner="SeleniumLibrary">
<msg time="2025-11-21T19:16:33.923418" level="INFO">Opening url 'https://www.demoblaze.com/'</msg>
<arg>${baseUrl}</arg>
<doc>Navigates the current browser window to the provided ``url``.</doc>
<status status="PASS" start="2025-11-21T19:16:33.921840" elapsed="0.539459"/>
</kw>
<kw name="Maximize Browser Window" owner="SeleniumLibrary">
<doc>Maximizes current browser window.</doc>
<status status="PASS" start="2025-11-21T19:16:34.462921" elapsed="0.763280"/>
</kw>
<status status="PASS" start="2025-11-21T19:16:03.287867" elapsed="31.939413"/>
</kw>
<test id="s1-s1-t1" name="LOGIN_TEST" line="9">
<kw name="Sign Up" owner="resources">
<kw name="Wait Until Page Contains Element" owner="SeleniumLibrary">
<arg>${signUpButton}</arg>
<arg>timeout=80</arg>
<arg>error=logInButtonNotFound</arg>
<doc>Waits until the element ``locator`` appears on the current page.</doc>
<status status="PASS" start="2025-11-21T19:16:35.232693" elapsed="0.306469"/>
</kw>
<kw name="Sleep" owner="BuiltIn">
<msg time="2025-11-21T19:16:36.542173" level="INFO">Slept 1 second.</msg>
<arg>1s</arg>
<doc>Pauses the test executed for the given time.</doc>
<status status="PASS" start="2025-11-21T19:16:35.541164" elapsed="1.002371"/>
</kw>
<kw name="Click Element" owner="SeleniumLibrary">
<msg time="2025-11-21T19:16:36.546293" level="INFO">Clicking element '//*[@id="signin2"]'.</msg>
<arg>${signUpButton}</arg>
<doc>Click the element identified by ``locator``.</doc>
<status status="PASS" start="2025-11-21T19:16:36.545425" elapsed="0.445828"/>
</kw>
<kw name="Wait Until Page Contains Element" owner="SeleniumLibrary">
<arg>${signUpUsername}</arg>
<arg>timeout=80</arg>
<arg>error=logInButtonNotFound</arg>
<doc>Waits until the element ``locator`` appears on the current page.</doc>
<status status="PASS" start="2025-11-21T19:16:36.993346" elapsed="0.261858"/>
</kw>
<kw name="Sleep" owner="BuiltIn">
<msg time="2025-11-21T19:16:38.258108" level="INFO">Slept 1 second.</msg>
<arg>1s</arg>
<doc>Pauses the test executed for the given time.</doc>
<status status="PASS" start="2025-11-21T19:16:37.257096" elapsed="1.002308"/>
</kw>
<kw name="Input Text" owner="SeleniumLibrary">
<msg time="2025-11-21T19:16:38.262262" level="INFO">Typing text 'testing1996_r2s1_j29ume' into text field '//*[@id="sign-username"]'.</msg>
<arg>${signUpUsername}</arg>
<arg>${login}</arg>
<doc>Types the given ``text`` into the text field identified by ``locator``.</doc>
<status status="PASS" start="2025-11-21T19:16:38.261377" elapsed="0.968255"/>
</kw>
<kw name="Sleep" owner="BuiltIn">
<msg time="2025-11-21T19:16:39.732460" level="INFO">Slept 500 milliseconds.</msg>
<arg>0.5s</arg>
<doc>Pauses the test executed for the given time.</doc>
<status status="PASS" start="2025-11-21T19:16:39.231536" elapsed="0.502209"/>
</kw>
<kw name="Input Password" owner="SeleniumLibrary">
<msg time="2025-11-21T19:16:39.736511" level="INFO">Typing password into text field '//*[@id="sign-password"]'.</msg>
<msg time="2025-11-21T19:16:40.233107" level="INFO">Temporally setting log level to: NONE</msg>
<arg>${signUpPassword}</arg>
<arg>${password}</arg>
<doc>Types the given password into the text field identified by ``locator``.</doc>
<status status="PASS" start="2025-11-21T19:16:39.735632" elapsed="0.895629"/>
</kw>
<kw name="Sleep" owner="BuiltIn">
<msg time="2025-11-21T19:16:41.134196" level="INFO">Slept 500 milliseconds.</msg>
<arg>0.5s</arg>
<doc>Pauses the test executed for the given time.</doc>
<status status="PASS" start="2025-11-21T19:16:40.633222" elapsed="0.502306"/>
</kw>
<kw name="Click Element" owner="SeleniumLibrary">
<msg time="2025-11-21T19:16:41.138236" level="INFO">Clicking element '//*[@id="signInModal"]/div/div/div[3]/button[2]'.</msg>
<arg>${signUpFormButton}</arg>
<doc>Click the element identified by ``locator``.</doc>
<status status="PASS" start="2025-11-21T19:16:41.137399" elapsed="0.517127"/>
</kw>
<kw name="Sleep" owner="BuiltIn">
<msg time="2025-11-21T19:16:43.658387" level="INFO">Slept 2 seconds.</msg>
<arg>2s</arg>
<doc>Pauses the test executed for the given time.</doc>
<status status="PASS" start="2025-11-21T19:16:41.656795" elapsed="2.002845"/>
</kw>
<kw name="Handle Alert" owner="SeleniumLibrary">
<msg time="2025-11-21T19:16:43.662175" level="INFO">HANDLE::&lt;class 'NoneType'&gt;::None</msg>
<arg>action=ACCEPT</arg>
<doc>Handles the current alert and returns its message.</doc>
<status status="PASS" start="2025-11-21T19:16:43.661443" elapsed="0.512687"/>
</kw>
<kw name="Sleep" owner="BuiltIn">
<msg time="2025-11-21T19:16:45.176965" level="INFO">Slept 1 second.</msg>
<arg>1s</arg>
<doc>Pauses the test executed for the given time.</doc>
<status status="PASS" start="2025-11-21T19:16:44.176069" elapsed="1.002150"/>
</kw>
<status status="PASS" start="2025-11-21T19:16:35.231732" elapsed="9.948404"/>
</kw>
<kw name="Log in" owner="resources">
<kw name="Wait Until Page Contains Element" owner="SeleniumLibrary">
<arg>${logInButton}</arg>
<arg>timeout=80</arg>
<arg>error=logInButtonNotFound</arg>
<doc>Waits until the element ``locator`` appears on the current page.</doc>
<status status="PASS" start="2025-11-21T19:16:45.181984" elapsed="0.211665"/>
</kw>
<kw name="Sleep" owner="BuiltIn">
<msg time="2025-11-21T19:16:46.396466" level="INFO">Slept 1 second.</msg>
<arg>1s</arg>
<doc>Pauses the test executed for the given time.</doc>
<status status="PASS" start="2025-11-21T19:16:45.395621" elapsed="1.002166"/>
</kw>
<kw name="Click Element" owner="SeleniumLibrary">
<msg time="2025-11-21T19:16:46.400517" level="INFO">Clicking element '//*[@id="login2"]'.</msg>
<arg>${logInButton}</arg>
<doc>Click the element identified by ``locator``.</doc>
<status status="PASS" start="2025-11-21T19:16:46.399654" elapsed="0.477814"/>
</kw>
<kw name="Wait Until Page Contains Element" owner="SeleniumLibrary">
<arg>${loginUsernameField}</arg>
<arg>timeout=80</arg>
<arg>error=logInButtonNotFound</arg>
<doc>Waits until the element ``locator`` appears on the current page.</doc>
<status status="PASS" start="2025-11-21T19:16:46.879374" elapsed="0.209101"/>
</kw>
<kw name="Sleep" owner="BuiltIn">
<msg time="2025-11-21T19:16:48.091225" level="INFO">Slept 1 second.</msg>
<arg>1s</arg>
<doc>Pauses the test executed for the given time.</doc>
<status status="PASS" start="2025-11-21T19:16:47.090323" elapsed="1.002213"/>
</kw>
<kw name="Input Text" owner="SeleniumLibrary">
<msg time="2025-11-21T19:16:48.095489" level="INFO">Typing text 'testing1996_r2s1_j29ume' into text field '//*[@id="loginusername"]'.</msg>
<arg>${loginUsernameField}</arg>
<arg>${login}</arg>
<doc>Types the given ``text`` into the text field identified by ``locator``.</doc>
<status status="PASS" start="2025-11-21T19:16:48.094541" elapsed="1.226633"/>
</kw>
<kw name="Input Password" owner="SeleniumLibrary">
<msg time="2025-11-21T19:16:49.324043" level="INFO">Typing password into text field '//*[@id="loginpassword"]'.</msg>
<msg time="2025-11-21T19:16:49.677124" level="INFO">Temporally setting log level to: NONE</msg>
<arg>${loginPasswordField}</arg>
<arg>${password}</arg>
<doc>Types the given password into the text field identified by ``locator``.</doc>
<status status="PASS" start="2025-11-21T19:16:49.323154" elapsed="0.616955"/>
</kw>
<kw name="Sleep" owner="BuiltIn">
<msg time="2025-11-21T19:16:50.943455" level="INFO">Slept 1 second.</msg>
<arg>1s</arg>
<doc>Pauses the test executed for the given time.</doc>
<status status="PASS" start="2025-11-21T19:16:49.942588" elapsed="1.002170"/>
</kw>
<kw name="Click Element" owner="SeleniumLibrary">
<msg time="2025-11-21T19:16:50.947641" level="INFO">Clicking element '//*[@id="logInModal"]/div/div/div[3]/button[2]'.</msg>
<arg>${logInFormButton}</arg>
<doc>Click the element identified by ``locator``.</doc>
<status status="PASS" start="2025-11-21T19:16:50.946652" elapsed="0.480058"/>
</kw>
<kw name="Sleep" owner="BuiltIn">
<msg time="2025-11-21T19:16:53.429413" level="INFO">Slept 2 seconds.</msg>
<arg>2s</arg>
<doc>Pauses the test executed for the given time.</doc>
<status status="PASS" start="2025-11-21T19:16:51.428559" elapsed="2.002160"/>
</kw>
<status status="PASS" start="2025-11-21T19:16:45.181039" elapsed="8.251503"/>
</kw>
<status status="PASS" start="2025-11-21T19:16:35.229036" elapsed="18.204292"/>
</test>
<test id="s1-s1-t2" name="LOGOUT_TEST" line="13">
<kw name="Log Out" owner="resources">
<kw name="Wait Until Page Contains Element" owner="SeleniumLibrary">
<arg>${logOutButton}</arg>
<arg>timeout=80</arg>
<arg>error=logOutButtonNotFound</arg>
<doc>Waits until the element ``locator`` appears on the current page.</doc>
<status status="PASS" start="2025-11-21T19:16:54.447565" elapsed="0.216029"/>
</kw>
<kw name="Sleep" owner="BuiltIn">
<msg time="2025-11-21T19:16:59.666334" level="INFO">Slept 5 seconds.</msg>
<arg>5s</arg>
<doc>Pauses the test executed for the given time.</doc>
<status status="PASS" start="2025-11-21T19:16:54.665479" elapsed="5.002123"/>
</kw>
<kw name="Click Element" owner="SeleniumLibrary">
<msg time="2025-11-21T19:16:59.670286" level="INFO">Clicking element '//*[@id="logout2"]'.</msg>
<arg>${logOutButton}</arg>
<doc>Click the element identified by ``locator``.</doc>
<status status="PASS" start="2025-11-21T19:16:59.669433" elapsed="0.823497"/>
</kw>
<kw name="Sleep" owner="BuiltIn">
<msg time="2025-11-21T19:17:02.498635" level="INFO">Slept 2 seconds.</msg>
<arg>2s</arg>
<doc>Pauses the test executed for the given time.</doc>
<status status="PASS" start="2025-11-21T19:17:00.497126" elapsed="2.002791"/>
</kw>
<status status="PASS" start="2025-11-21T19:16:54.446650" elapsed="8.055112"/>
</kw>
<status status="PASS" start="2025-11-21T19:16:54.444134" elapsed="8.058408"/>
</test>
<test id="s1-s1-t3" name="BUY_PRODUCT_TEST" line="16">
<kw name="Add To Cart" owner="resources">
<kw name="Wait Until Page Contains Element" owner="SeleniumLibrary">
<arg>${openProductPageButton}</arg>
<arg>timeout=80</arg>
<arg>error=openProductPageButtonNotFound</arg>
<doc>Waits until the element ``locator`` appears on the current page.</doc>
<status status="PASS" start="2025-11-21T19:17:03.717297" elapsed="0.182558"/>
</kw>
<kw name="Sleep" owner="BuiltIn">
<msg time="2025-11-21T19:17:04.902638" level="INFO">Slept 1 second.</msg>
<arg>1s</arg>
<doc>Pauses the test executed for the given time.</doc>
<status status="PASS" start="2025-11-21T19:17:03.901686" elapsed="1.002395"/>
</kw>
<kw name="Click Element" owner="SeleniumLibrary">
<msg time="2025-11-21T19:17:04.908375" level="INFO">Clicking element '//*[@id="tbodyid"]/div[3]/div/div/h4/a'.</msg>
<arg>${openProductPageButton}</arg>
<doc>Click the element identified by ``locator``.</doc>
<status status="PASS" start="2025-11-21T19:17:04.906798" elapsed="0.801670"/>
</kw>
<kw name="Sleep" owner="BuiltIn">
<msg time="2025-11-21T19:17:07.711332" level="INFO">Slept 2 seconds.</msg>
<arg>2s</arg>
<doc>Pauses the test executed for the given time.</doc>
<status status="PASS" start="2025-11-21T19:17:05.710350" elapsed="2.002316"/>
</kw>
<kw name="Click Element" owner="SeleniumLibrary">
<msg time="2025-11-21T19:17:07.715372" level="INFO">Clicking element '//*[@class="btn btn-success btn-lg"]'.</msg>
<arg>${addToCartButton}</arg>
<doc>Click the element identified by ``locator``.</doc>
<status status="PASS" start="2025-11-21T19:17:07.714531" elapsed="0.420295"/>
</kw>
<kw name="Sleep" owner="BuiltIn">
<msg time="2025-11-21T19:17:10.137799" level="INFO">Slept 2 seconds.</msg>
<arg>2s</arg>
<doc>Pauses the test executed for the given time.</doc>
<status status="PASS" start="2025-11-21T19:17:08.136916" elapsed="2.003440"/>
</kw>
<kw name="Handle Alert" owner="SeleniumLibrary">
<msg time="2025-11-21T19:17:10.143378" level="INFO">HANDLE::&lt;class 'NoneType'&gt;::None</msg>
<arg>action=ACCEPT</arg>
<doc>Handles the current alert and returns its message.</doc>
<status status="PASS" start="2025-11-21T19:17:10.142625" elapsed="0.593777"/>
</kw>
<kw name="Sleep" owner="BuiltIn">
<msg time="2025-11-21T19:17:11.739177" level="INFO">Slept 1 second.</msg>
<arg>1s</arg>
<doc>Pauses the test executed for the given time.</doc>
<status status="PASS" start="2025-11-21T19:17:10.738269" elapsed="1.002165"/>
</kw>
<status status="PASS" start="2025-11-21T19:17:03.716369" elapsed="8.025781"/>
</kw>
<kw name="Open Cart Page" owner="resources">
<kw name="Wait Until Page Contains Element" owner="SeleniumLibrary">
<arg>${cartButton}</arg>
<arg>timeout=80</arg>
<arg>error=openCartPageButtonNotFound</arg>
<doc>Waits until the element ``locator`` appears on the current page.</doc>
<status status="PASS" start="2025-11-21T19:17:11.743908" elapsed="0.240665"/>
</kw>
<kw name="Sleep" owner="BuiltIn">
<msg time="2025-11-21T19:17:12.987419" level="INFO">Slept 1 second.</msg>
<arg>1s</arg>
<doc>Pauses the test executed for the given time.</doc>
<status status="PASS" start="2025-11-21T19:17:11.986450" elapsed="1.002210"/>
</kw>
<kw name="Click Element" owner="SeleniumLibrary">
<msg time="2025-11-21T19:17:12.991314" level="INFO">Clicking element '//*[@id="cartur"]'.</msg>
<arg>${cartButton}</arg>
<doc>Click the element identified by ``locator``.</doc>
<status status="PASS" start="2025-11-21T19:17:12.990476" elapsed="0.885978"/>
</kw>
<kw name="Sleep" owner="BuiltIn">
<msg time="2025-11-21T19:17:15.879224" level="INFO">Slept 2 seconds.</msg>
<arg>2s</arg>
<doc>Pauses the test executed for the given time.</doc>
<status status="PASS" start="2025-11-21T19:17:13.878283" elapsed="2.002194"/>
</kw>
<status status="PASS" start="2025-11-21T19:17:11.742974" elapsed="4.139218"/>
</kw>
<kw name="Buy Product" owner="resources">
<kw name="Wait Until Page Contains Element" owner="SeleniumLibrary">
<arg>${orderButton}</arg>
<arg>timeout=80</arg>
<arg>error=orderButtonNotFound</arg>
<doc>Waits until the element ``locator`` appears on the current page.</doc>
<status status="PASS" start="2025-11-21T19:17:15.884047" elapsed="0.169550"/>
</kw>
<kw name="Click Element" owner="SeleniumLibrary">
<msg time="2025-11-21T19:17:16.056260" level="INFO">Clicking element '//*[@class="btn btn-success"]'.</msg>
<arg>${orderButton}</arg>
<doc>Click the element identified by ``locator``.</doc>
<status status="PASS" start="2025-11-21T19:17:16.055426" elapsed="0.387225"/>
</kw>
<kw name="Sleep" owner="BuiltIn">
<msg time="2025-11-21T19:17:18.445462" level="INFO">Slept 2 seconds.</msg>
<arg>2s</arg>
<doc>Pauses the test executed for the given time.</doc>
<status status="PASS" start="2025-11-21T19:17:16.444529" elapsed="2.002205"/>
</kw>
<kw name="Wait Until Page Contains Element" owner="SeleniumLibrary">
<arg>${orderFormModal}</arg>
<arg>timeout=80</arg>
<arg>error=orderFormModalNotFound</arg>
<doc>Waits until the element ``locator`` appears on the current page.</doc>
<status status="PASS" start="2025-11-21T19:17:18.448597" elapsed="0.238646"/>
</kw>
<kw name="Sleep" owner="BuiltIn">
<msg time="2025-11-21T19:17:19.690071" level="INFO">Slept 1 second.</msg>
<arg>1s</arg>
<doc>Pauses the test executed for the given time.</doc>
<status status="PASS" start="2025-11-21T19:17:18.689158" elapsed="1.002294"/>
</kw>
<kw name="Input Text" owner="SeleniumLibrary">
<msg time="2025-11-21T19:17:19.694207" level="INFO">Typing text 'John' into text field '//*[@id="name"]'.</msg>
<arg>${orderFormNameField}</arg>
<arg>${orderFormNameValue}</arg>
<doc>Types the given ``text`` into the text field identified by ``locator``.</doc>
<status status="PASS" start="2025-11-21T19:17:19.693318" elapsed="0.666757"/>
</kw>
<kw name="Sleep" owner="BuiltIn">
<msg time="2025-11-21T19:17:20.612975" level="INFO">Slept 250 milliseconds.</msg>
<arg>0.25s</arg>
<doc>Pauses the test executed for the given time.</doc>
<status status="PASS" start="2025-11-21T19:17:20.362035" elapsed="0.252206"/>
</kw>
<kw name="Input Text" owner="SeleniumLibrary">
<msg time="2025-11-21T19:17:20.617019" level="INFO">Typing text 'New Zeland' into text field '//*[@id="country"]'.</msg>
<arg>${orderFormCountryField}</arg>
<arg>${orderFormCountryValue}</arg>
<doc>Types the given ``text`` into the text field identified by ``locator``.</doc>
<status status="PASS" start="2025-11-21T19:17:20.616102" elapsed="0.663165"/>
</kw>
<kw name="Sleep" owner="BuiltIn">
<msg time="2025-11-21T19:17:21.532159" level="INFO">Slept 250 milliseconds.</msg>
<arg>0.25s</arg>
<doc>Pauses the test executed for the given time.</doc>
<status status="PASS" start="2025-11-21T19:17:21.281230" elapsed="0.252384"/>
</kw>
<kw name="Input Text" owner="SeleniumLibrary">
<msg time="2025-11-21T19:17:21.537439" level="INFO">Typing text 'Wellington' into text field '//*[@id="city"]'.</msg>
<arg>${orderFormCityField}</arg>
<arg>${orderFormCityValue}</arg>
<doc>Types the given ``text`` into the text field identified by ``locator``.</doc>
<status status="PASS" start="2025-11-21T19:17:21.536528" elapsed="0.712041"/>
</kw>
<kw name="Sleep" owner="BuiltIn">
<msg time="2025-11-21T19:17:22.501390" level="INFO">Slept 250 milliseconds.</msg>
<arg>0.25s</arg>
<doc>Pauses the test executed for the given time.</doc>
<status status="PASS" start="2025-11-21T19:17:22.250472" elapsed="0.252193"/>
</kw>
<kw name="Input Text" owner="SeleniumLibrary">
<msg time="2025-11-21T19:17:22.505440" level="INFO">Typing text '5130290000000009' into text field '//*[@id="card"]'.</msg>
<arg>${orderFormCreditCardField}</arg>
<arg>${orderFormCreditCardValue}</arg>
<doc>Types the given ``text`` into the text field identified by ``locator``.</doc>
<status status="PASS" start="2025-11-21T19:17:22.504533" elapsed="0.757265"/>
</kw>
<kw name="Sleep" owner="BuiltIn">
<msg time="2025-11-21T19:17:23.514577" level="INFO">Slept 250 milliseconds.</msg>
<arg>0.25s</arg>
<doc>Pauses the test executed for the given time.</doc>
<status status="PASS" start="2025-11-21T19:17:23.263696" elapsed="0.252183"/>
</kw>
<kw name="Input Text" owner="SeleniumLibrary">
<msg time="2025-11-21T19:17:23.518616" level="INFO">Typing text 'November' into text field '//*[@id="month"]'.</msg>
<arg>${orderFormMonthField}</arg>
<arg>${orderFormMonthValue}</arg>
<doc>Types the given ``text`` into the text field identified by ``locator``.</doc>
<status status="PASS" start="2025-11-21T19:17:23.517735" elapsed="0.616923"/>
</kw>
<kw name="Sleep" owner="BuiltIn">
<msg time="2025-11-21T19:17:24.387378" level="INFO">Slept 250 milliseconds.</msg>
<arg>0.25s</arg>
<doc>Pauses the test executed for the given time.</doc>
<status status="PASS" start="2025-11-21T19:17:24.136548" elapsed="0.252248"/>
</kw>
<kw name="Input Text" owner="SeleniumLibrary">
<msg time="2025-11-21T19:17:24.391587" level="INFO">Typing text '2025' into text field '//*[@id="year"]'.</msg>
<arg>${orderFormYearField}</arg>
<arg>${orderFormYearValue}</arg>
<doc>Types the given ``text`` into the text field identified by ``locator``.</doc>
<status status="PASS" start="2025-11-21T19:17:24.390690" elapsed="0.684896"/>
</kw>
<kw name="Sleep" owner="BuiltIn">
<msg time="2025-11-21T19:17:25.328467" level="INFO">Slept 250 milliseconds.</msg>
<arg>0.25s</arg>
<doc>Pauses the test executed for the given time.</doc>
<status status="PASS" start="2025-11-21T19:17:25.077492" elapsed="0.252242"/>
</kw>
<kw name="Wait Until Element Is Visible" owner="SeleniumLibrary">
<arg>${purchaseButton}</arg>
<arg>timeout=5s</arg>
<doc>Waits until the element ``locator`` is visible.</doc>
<status status="PASS" start="2025-11-21T19:17:25.331640" elapsed="0.518313"/>
</kw>
<kw name="Sleep" owner="BuiltIn">
<msg time="2025-11-21T19:17:26.852829" level="INFO">Slept 1 second.</msg>
<arg>1s</arg>
<doc>Pauses the test executed for the given time.</doc>
<status status="PASS" start="2025-11-21T19:17:25.851870" elapsed="1.002234"/>
</kw>
<kw name="Click Element" owner="SeleniumLibrary">
<msg time="2025-11-21T19:17:26.856842" level="INFO">Clicking element '//button[contains(text(), "Purchase")]'.</msg>
<arg>${purchaseButton}</arg>
<doc>Click the element identified by ``locator``.</doc>
<status status="PASS" start="2025-11-21T19:17:26.855983" elapsed="0.441957"/>
</kw>
<kw name="Wait Until Page Contains Element" owner="SeleniumLibrary">
<arg>${purchaseSuccessButton}</arg>
<arg>timeout=80</arg>
<arg>error=purchaseFormIsNotValid</arg>
<doc>Waits until the element ``locator`` appears on the current page.</doc>
<status status="PASS" start="2025-11-21T19:17:27.299976" elapsed="0.187619"/>
</kw>
<kw name="Sleep" owner="BuiltIn">
<msg time="2025-11-21T19:17:28.490460" level="INFO">Slept 1 second.</msg>
<arg>1s</arg>
<doc>Pauses the test executed for the given time.</doc>
<status status="PASS" start="2025-11-21T19:17:27.489510" elapsed="1.002225"/>
</kw>
<kw name="Click Element" owner="SeleniumLibrary">
<msg time="2025-11-21T19:17:28.494451" level="INFO">Clicking element '//*[@class="sa-confirm-button-container"]/button'.</msg>
<arg>${purchaseSuccessButton}</arg>
<doc>Click the element identified by ``locator``.</doc>
<status status="PASS" start="2025-11-21T19:17:28.493585" elapsed="0.958674"/>
</kw>
<kw name="Sleep" owner="BuiltIn">
<msg time="2025-11-21T19:17:31.455069" level="INFO">Slept 2 seconds.</msg>
<arg>2s</arg>
<doc>Pauses the test executed for the given time.</doc>
<status status="PASS" start="2025-11-21T19:17:29.454154" elapsed="2.002231"/>
</kw>
<status status="PASS" start="2025-11-21T19:17:15.883121" elapsed="15.575193"/>
</kw>
<status status="PASS" start="2025-11-21T19:17:03.713859" elapsed="27.745268"/>
</test>
<test id="s1-s1-t4" name="REMOVE_FROM_CART_TEST" line="21">
<kw name="Add To Cart" owner="resources">
<kw name="Wait Until Page Contains Element" owner="SeleniumLibrary">
<arg>${openProductPageButton}</arg>
<arg>timeout=80</arg>
<arg>error=openProductPageButtonNotFound</arg>
<doc>Waits until the element ``locator`` appears on the current page.</doc>
<status status="PASS" start="2025-11-21T19:17:32.738435" elapsed="0.223256"/>
</kw>
<kw name="Sleep" owner="BuiltIn">
<msg time="2025-11-21T19:17:33.964428" level="INFO">Slept 1 second.</msg>
<arg>1s</arg>
<doc>Pauses the test executed for the given time.</doc>
<status status="PASS" start="2025-11-21T19:17:32.963565" elapsed="1.002106"/>
</kw>
<kw name="Click Element" owner="SeleniumLibrary">
<msg time="2025-11-21T19:17:33.968357" level="INFO">Clicking element '//*[@id="tbodyid"]/div[3]/div/div/h4/a'.</msg>
<arg>${openProductPageButton}</arg>
<doc>Click the element identified by ``locator``.</doc>
<status status="PASS" start="2025-11-21T19:17:33.967516" elapsed="1.094926"/>
</kw>
<kw name="Sleep" owner="BuiltIn">
<msg time="2025-11-21T19:17:37.065307" level="INFO">Slept 2 seconds.</msg>
<arg>2s</arg>
<doc>Pauses the test executed for the given time.</doc>
<status status="PASS" start="2025-11-21T19:17:35.064343" elapsed="2.002234"/>
</kw>
<kw name="Click Element" owner="SeleniumLibrary">
<msg time="2025-11-21T19:17:37.069249" level="INFO">Clicking element '//*[@class="btn btn-success btn-lg"]'.</msg>
<arg>${addToCartButton}</arg>
<doc>Click the element identified by ``locator``.</doc>
<status status="PASS" start="2025-11-21T19:17:37.068418" elapsed="0.599127"/>
</kw>
<kw name="Sleep" owner="BuiltIn">
<msg time="2025-11-21T19:17:39.670412" level="INFO">Slept 2 seconds.</msg>
<arg>2s</arg>
<doc>Pauses the test executed for the given time.</doc>
<status status="PASS" start="2025-11-21T19:17:37.669425" elapsed="2.002281"/>
</kw>
<kw name="Handle Alert" owner="SeleniumLibrary">
<msg time="2025-11-21T19:17:39.674316" level="INFO">HANDLE::&lt;class 'NoneType'&gt;::None</msg>
<arg>action=ACCEPT</arg>
<doc>Handles the current alert and returns its message.</doc>
<status status="PASS" start="2025-11-21T19:17:39.673545" elapsed="0.575153"/>
</kw>
<kw name="Sleep" owner="BuiltIn">
<msg time="2025-11-21T19:17:41.251546" level="INFO">Slept 1 second.</msg>
<arg>1s</arg>
<doc>Pauses the test executed for the given time.</doc>
<status status="PASS" start="2025-11-21T19:17:40.250655" elapsed="1.002161"/>
</kw>
<status status="PASS" start="2025-11-21T19:17:32.737488" elapsed="8.517099"/>
</kw>
<kw name="Remove From Cart" owner="resources">
<kw name="Open Cart Page" owner="resources">
<kw name="Wait Until Page Contains Element" owner="SeleniumLibrary">
<arg>${cartButton}</arg>
<arg>timeout=80</arg>
<arg>error=openCartPageButtonNotFound</arg>
<doc>Waits until the element ``locator`` appears on the current page.</doc>
<status status="PASS" start="2025-11-21T19:17:41.257219" elapsed="0.186452"/>
</kw>
<kw name="Sleep" owner="BuiltIn">
<msg time="2025-11-21T19:17:42.446481" level="INFO">Slept 1 second.</msg>
<arg>1s</arg>
<doc>Pauses the test executed for the given time.</doc>
<status status="PASS" start="2025-11-21T19:17:41.445601" elapsed="1.002154"/>
</kw>
<kw name="Click Element" owner="SeleniumLibrary">
<msg time="2025-11-21T19:17:42.450447" level="INFO">Clicking element '//*[@id="cartur"]'.</msg>
<arg>${cartButton}</arg>
<doc>Click the element identified by ``locator``.</doc>
<status status="PASS" start="2025-11-21T19:17:42.449604" elapsed="0.769595"/>
</kw>
<kw name="Sleep" owner="BuiltIn">
<msg time="2025-11-21T19:17:45.222174" level="INFO">Slept 2 seconds.</msg>
<arg>2s</arg>
<doc>Pauses the test executed for the given time.</doc>
<status status="PASS" start="2025-11-21T19:17:43.221125" elapsed="2.002350"/>
</kw>
<status status="PASS" start="2025-11-21T19:17:41.256419" elapsed="3.968822"/>
</kw>
<kw name="Wait Until Page Contains Element" owner="SeleniumLibrary">
<arg>${removeFromCartButton}</arg>
<arg>timeout=80</arg>
<arg>error=removeButtonNotFound</arg>
<doc>Waits until the element ``locator`` appears on the current page.</doc>
<status status="PASS" start="2025-11-21T19:17:45.227763" elapsed="0.172095"/>
</kw>
<kw name="Sleep" owner="BuiltIn">
<msg time="2025-11-21T19:17:46.402613" level="INFO">Slept 1 second.</msg>
<arg>1s</arg>
<doc>Pauses the test executed for the given time.</doc>
<status status="PASS" start="2025-11-21T19:17:45.401729" elapsed="1.002144"/>
</kw>
<kw name="Click Element" owner="SeleniumLibrary">
<msg time="2025-11-21T19:17:46.406553" level="INFO">Clicking element '//tbody[@id="tbodyid"]//a[text()="Delete"]'.</msg>
<arg>${removeFromCartButton}</arg>
<doc>Click the element identified by ``locator``.</doc>
<status status="PASS" start="2025-11-21T19:17:46.405716" elapsed="0.423366"/>
</kw>
<kw name="Sleep" owner="BuiltIn">
<msg time="2025-11-21T19:17:48.831980" level="INFO">Slept 2 seconds.</msg>
<arg>2s</arg>
<doc>Pauses the test executed for the given time.</doc>
<status status="PASS" start="2025-11-21T19:17:46.830989" elapsed="2.002273"/>
</kw>
<kw name="Page Should Contain Element" owner="SeleniumLibrary">
<msg time="2025-11-21T19:17:49.020733" level="INFO">Current page contains element '//*[@id="tbodyid" and not (*)]'.</msg>
<arg>${removedElement}</arg>
<doc>Verifies that element ``locator`` is found on the current page.</doc>
<status status="PASS" start="2025-11-21T19:17:48.835128" elapsed="0.186790"/>
</kw>
<kw name="Sleep" owner="BuiltIn">
<msg time="2025-11-21T19:17:51.024824" level="INFO">Slept 2 seconds.</msg>
<arg>2s</arg>
<doc>Pauses the test executed for the given time.</doc>
<status status="PASS" start="2025-11-21T19:17:49.023835" elapsed="2.002325"/>
</kw>
<status status="PASS" start="2025-11-21T19:17:41.255441" elapsed="9.772509"/>
</kw>
<status status="PASS" start="2025-11-21T19:17:32.734949" elapsed="18.293774"/>
</test>
<kw name="Close Browser Custom" owner="resources" type="TEARDOWN">
<kw name="Close All Browsers" owner="SeleniumLibrary">
<doc>Closes all open browsers and resets the browser cache.</doc>
<status status="PASS" start="2025-11-21T19:17:51.968292" elapsed="1.517258"/>
</kw>
<status status="PASS" start="2025-11-21T19:17:51.966115" elapsed="1.520293"/>
</kw>
<status status="PASS" start="2025-11-21T19:16:03.187000" elapsed="105.761000"/>
</suite>
<suite id="s1-s2" name="Test OS X, Tahoe, Safari, 26.0" source="/app/testCases/test.robot">
<kw name="Open Browser And Maximize" owner="resources" type="SETUP">
<kw name="Evaluate" owner="BuiltIn">
<msg time="2025-11-21T19:16:03.312534" level="INFO">${caps} = {}</msg>
<var>${caps}</var>
<arg>{}</arg>
<doc>Evaluates the given expression in Python and returns the result.</doc>
<status status="PASS" start="2025-11-21T19:16:03.311496" elapsed="0.002323"/>
</kw>
<kw name="Create Webdriver" owner="SeleniumLibrary">
<msg time="2025-11-21T19:16:03.315794" level="INFO">Creating an instance of the Remote WebDriver.</msg>
<msg time="2025-11-21T19:16:03.320178" level="INFO">Completed setup!</msg>
<arg>Remote</arg>
<arg>command_executor=http://localhost:4444/wd/hub</arg>
<arg>desired_capabilities=${caps}</arg>
<doc>Creates an instance of Selenium WebDriver.</doc>
<status status="PASS" start="2025-11-21T19:16:03.314796" elapsed="4.684111"/>
</kw>
<kw name="Go To" owner="SeleniumLibrary">
<msg time="2025-11-21T19:16:08.001218" level="INFO">Opening url 'https://www.demoblaze.com/'</msg>
<arg>${baseUrl}</arg>
<doc>Navigates the current browser window to the provided ``url``.</doc>
<status status="PASS" start="2025-11-21T19:16:08.000136" elapsed="1.167121"/>
</kw>
<kw name="Maximize Browser Window" owner="SeleniumLibrary">
<doc>Maximizes current browser window.</doc>
<status status="PASS" start="2025-11-21T19:16:09.168510" elapsed="0.176491"/>
</kw>
<status status="PASS" start="2025-11-21T19:16:03.308467" elapsed="6.037435"/>
</kw>
<test id="s1-s2-t1" name="LOGIN_TEST" line="9">
<kw name="Sign Up" owner="resources">
<kw name="Wait Until Page Contains Element" owner="SeleniumLibrary">
<arg>${signUpButton}</arg>
<arg>timeout=80</arg>
<arg>error=logInButtonNotFound</arg>
<doc>Waits until the element ``locator`` appears on the current page.</doc>
<status status="PASS" start="2025-11-21T19:16:09.351415" elapsed="0.199063"/>
</kw>
<kw name="Sleep" owner="BuiltIn">
<msg time="2025-11-21T19:16:10.553367" level="INFO">Slept 1 second.</msg>
<arg>1s</arg>
<doc>Pauses the test executed for the given time.</doc>
<status status="PASS" start="2025-11-21T19:16:09.552376" elapsed="1.002275"/>
</kw>
<kw name="Click Element" owner="SeleniumLibrary">
<msg time="2025-11-21T19:16:10.557425" level="INFO">Clicking element '//*[@id="signin2"]'.</msg>
<arg>${signUpButton}</arg>
<doc>Click the element identified by ``locator``.</doc>
<status status="PASS" start="2025-11-21T19:16:10.556509" elapsed="0.433828"/>
</kw>
<kw name="Wait Until Page Contains Element" owner="SeleniumLibrary">
<arg>${signUpUsername}</arg>
<arg>timeout=80</arg>
<arg>error=logInButtonNotFound</arg>
<doc>Waits until the element ``locator`` appears on the current page.</doc>
<status status="PASS" start="2025-11-21T19:16:10.992288" elapsed="0.166307"/>
</kw>
<kw name="Sleep" owner="BuiltIn">
<msg time="2025-11-21T19:16:12.161488" level="INFO">Slept 1 second.</msg>
<arg>1s</arg>
<doc>Pauses the test executed for the given time.</doc>
<status status="PASS" start="2025-11-21T19:16:11.160466" elapsed="1.002490"/>
</kw>
<kw name="Input Text" owner="SeleniumLibrary">
<msg time="2025-11-21T19:16:12.165671" level="INFO">Typing text 'testing1996_r2s1_qw85xx' into text field '//*[@id="sign-username"]'.</msg>
<arg>${signUpUsername}</arg>
<arg>${login}</arg>
<doc>Types the given ``text`` into the text field identified by ``locator``.</doc>
<status status="PASS" start="2025-11-21T19:16:12.164795" elapsed="0.518121"/>
</kw>
<kw name="Sleep" owner="BuiltIn">
<msg time="2025-11-21T19:16:13.186017" level="INFO">Slept 500 milliseconds.</msg>
<arg>0.5s</arg>
<doc>Pauses the test executed for the given time.</doc>
<status status="PASS" start="2025-11-21T19:16:12.685049" elapsed="0.502411"/>
</kw>
<kw name="Input Password" owner="SeleniumLibrary">
<msg time="2025-11-21T19:16:13.190195" level="INFO">Typing password into text field '//*[@id="sign-password"]'.</msg>
<msg time="2025-11-21T19:16:13.583455" level="INFO">Temporally setting log level to: NONE</msg>
<arg>${signUpPassword}</arg>
<arg>${password}</arg>
<doc>Types the given password into the text field identified by ``locator``.</doc>
<status status="PASS" start="2025-11-21T19:16:13.189320" elapsed="0.657047"/>
</kw>
<kw name="Sleep" owner="BuiltIn">
<msg time="2025-11-21T19:16:14.349263" level="INFO">Slept 500 milliseconds.</msg>
<arg>0.5s</arg>
<doc>Pauses the test executed for the given time.</doc>
<status status="PASS" start="2025-11-21T19:16:13.848266" elapsed="0.502287"/>
</kw>
<kw name="Click Element" owner="SeleniumLibrary">
<msg time="2025-11-21T19:16:14.353581" level="INFO">Clicking element '//*[@id="signInModal"]/div/div/div[3]/button[2]'.</msg>
<arg>${signUpFormButton}</arg>
<doc>Click the element identified by ``locator``.</doc>
<status status="PASS" start="2025-11-21T19:16:14.352712" elapsed="0.403865"/>
</kw>
<kw name="Sleep" owner="BuiltIn">
<msg time="2025-11-21T19:16:16.759520" level="INFO">Slept 2 seconds.</msg>
<arg>2s</arg>
<doc>Pauses the test executed for the given time.</doc>
<status status="PASS" start="2025-11-21T19:16:14.758580" elapsed="2.002251"/>
</kw>
<kw name="Handle Alert" owner="SeleniumLibrary">
<msg time="2025-11-21T19:16:16.763444" level="INFO">HANDLE::&lt;class 'NoneType'&gt;::None</msg>
<arg>action=ACCEPT</arg>
<doc>Handles the current alert and returns its message.</doc>
<status status="PASS" start="2025-11-21T19:16:16.762679" elapsed="0.506444"/>
</kw>
<kw name="Sleep" owner="BuiltIn">
<msg time="2025-11-21T19:16:18.271931" level="INFO">Slept 1 second.</msg>
<arg>1s</arg>
<doc>Pauses the test executed for the given time.</doc>
<status status="PASS" start="2025-11-21T19:16:17.271025" elapsed="1.002213"/>
</kw>
<status status="PASS" start="2025-11-21T19:16:09.350427" elapsed="8.924645"/>
</kw>
<kw name="Log in" owner="resources">
<kw name="Wait Until Page Contains Element" owner="SeleniumLibrary">
<arg>${logInButton}</arg>
<arg>timeout=80</arg>
<arg>error=logInButtonNotFound</arg>
<doc>Waits until the element ``locator`` appears on the current page.</doc>
<status status="PASS" start="2025-11-21T19:16:18.276927" elapsed="0.157532"/>
</kw>
<kw name="Sleep" owner="BuiltIn">
<msg time="2025-11-21T19:16:19.437263" level="INFO">Slept 1 second.</msg>
<arg>1s</arg>
<doc>Pauses the test executed for the given time.</doc>
<status status="PASS" start="2025-11-21T19:16:18.436294" elapsed="1.002264"/>
</kw>
<kw name="Click Element" owner="SeleniumLibrary">
<msg time="2025-11-21T19:16:19.441248" level="INFO">Clicking element '//*[@id="login2"]'.</msg>
<arg>${logInButton}</arg>
<doc>Click the element identified by ``locator``.</doc>
<status status="PASS" start="2025-11-21T19:16:19.440417" elapsed="0.384180"/>
</kw>
<kw name="Wait Until Page Contains Element" owner="SeleniumLibrary">
<arg>${loginUsernameField}</arg>
<arg>timeout=80</arg>
<arg>error=logInButtonNotFound</arg>
<doc>Waits until the element ``locator`` appears on the current page.</doc>
<status status="PASS" start="2025-11-21T19:16:19.826521" elapsed="0.154843"/>
</kw>
<kw name="Sleep" owner="BuiltIn">
<msg time="2025-11-21T19:16:20.984263" level="INFO">Slept 1 second.</msg>
<arg>1s</arg>
<doc>Pauses the test executed for the given time.</doc>
<status status="PASS" start="2025-11-21T19:16:19.983363" elapsed="1.002204"/>
</kw>
<kw name="Input Text" owner="SeleniumLibrary">
<msg time="2025-11-21T19:16:20.988442" level="INFO">Typing text 'testing1996_r2s1_qw85xx' into text field '//*[@id="loginusername"]'.</msg>
<arg>${loginUsernameField}</arg>
<arg>${login}</arg>
<doc>Types the given ``text`` into the text field identified by ``locator``.</doc>
<status status="PASS" start="2025-11-21T19:16:20.987526" elapsed="0.639120"/>
</kw>
<kw name="Input Password" owner="SeleniumLibrary">
<msg time="2025-11-21T19:16:21.629422" level="INFO">Typing password into text field '//*[@id="loginpassword"]'.</msg>
<msg time="2025-11-21T19:16:21.953292" level="INFO">Temporally setting log level to: NONE</msg>
<arg>${loginPasswordField}</arg>
<arg>${password}</arg>
<doc>Types the given password into the text field identified by ``locator``.</doc>
<status status="PASS" start="2025-11-21T19:16:21.628546" elapsed="0.511167"/>
</kw>
<kw name="Sleep" owner="BuiltIn">
<msg time="2025-11-21T19:16:23.142628" level="INFO">Slept 1 second.</msg>
<arg>1s</arg>
<doc>Pauses the test executed for the given time.</doc>
<status status="PASS" start="2025-11-21T19:16:22.141719" elapsed="1.002187"/>
</kw>
<kw name="Click Element" owner="SeleniumLibrary">
<msg time="2025-11-21T19:16:23.146598" level="INFO">Clicking element '//*[@id="logInModal"]/div/div/div[3]/button[2]'.</msg>
<arg>${logInFormButton}</arg>
<doc>Click the element identified by ``locator``.</doc>
<status status="PASS" start="2025-11-21T19:16:23.145760" elapsed="0.376909"/>
</kw>
<kw name="Sleep" owner="BuiltIn">
<msg time="2025-11-21T19:16:25.525476" level="INFO">Slept 2 seconds.</msg>
<arg>2s</arg>
<doc>Pauses the test executed for the given time.</doc>
<status status="PASS" start="2025-11-21T19:16:23.524541" elapsed="2.002200"/>
</kw>
<status status="PASS" start="2025-11-21T19:16:18.275969" elapsed="7.252554"/>
</kw>
<status status="PASS" start="2025-11-21T19:16:09.347624" elapsed="16.181681"/>
</test>
<test id="s1-s2-t2" name="LOGOUT_TEST" line="13">
<kw name="Log Out" owner="resources">
<kw name="Wait Until Page Contains Element" owner="SeleniumLibrary">
<arg>${logOutButton}</arg>
<arg>timeout=80</arg>
<arg>error=logOutButtonNotFound</arg>
<doc>Waits until the element ``locator`` appears on the current page.</doc>
<status status="PASS" start="2025-11-21T19:16:26.729695" elapsed="0.189020"/>
</kw>
<kw name="Sleep" owner="BuiltIn">
<msg time="2025-11-21T19:16:31.921448" level="INFO">Slept 5 seconds.</msg>
<arg>5s</arg>
<doc>Pauses the test executed for the given time.</doc>
<status status="PASS" start="2025-11-21T19:16:26.920564" elapsed="5.002166"/>
</kw>
<kw name="Click Element" owner="SeleniumLibrary">
<msg time="2025-11-21T19:16:31.925666" level="INFO">Clicking element '//*[@id="logout2"]'.</msg>
<arg>${logOutButton}</arg>
<doc>Click the element identified by ``locator``.</doc>
<status status="PASS" start="2025-11-21T19:16:31.924701" elapsed="0.558594"/>
</kw>
<kw name="Sleep" owner="BuiltIn">
<msg time="2025-11-21T19:16:34.486333" level="INFO">Slept 2 seconds.</msg>
<arg>2s</arg>
<doc>Pauses the test executed for the given time.</doc>
<status status="PASS" start="2025-11-21T19:16:32.485278" elapsed="2.002323"/>
</kw>
<status status="PASS" start="2025-11-21T19:16:26.728742" elapsed="7.760801"/>
</kw>
<status status="PASS" start="2025-11-21T19:16:26.726099" elapsed="7.764216"/>
</test>
<test id="s1-s2-t3" name="BUY_PRODUCT_TEST" line="16">
<kw name="Add To Cart" owner="resources">
<kw name="Wait Until Page Contains Element" owner="SeleniumLibrary">
<arg>${openProductPageButton}</arg>
<arg>timeout=80</arg>
<arg>error=openProductPageButtonNotFound</arg>
<doc>Waits until the element ``locator`` appears on the current page.</doc>
<status status="PASS" start="2025-11-21T19:16:35.407051" elapsed="0.169450"/>
</kw>
<kw name="Sleep" owner="BuiltIn">
<msg time="2025-11-21T19:16:36.579304" level="INFO">Slept 1 second.</msg>
<arg>1s</arg>
<doc>Pauses the test executed for the given time.</doc>
<status status="PASS" start="2025-11-21T19:16:35.578355" elapsed="1.002214"/>
</kw>
<kw name="Click Element" owner="SeleniumLibrary">
<msg time="2025-11-21T19:16:36.583371" level="INFO">Clicking element '//*[@id="tbodyid"]/div[3]/div/div/h4/a'.</msg>
<arg>${openProductPageButton}</arg>
<doc>Click the element identified by ``locator``.</doc>
<status status="PASS" start="2025-11-21T19:16:36.582527" elapsed="0.398322"/>
</kw>
<kw name="Sleep" owner="BuiltIn">
<msg time="2025-11-21T19:16:38.983719" level="INFO">Slept 2 seconds.</msg>
<arg>2s</arg>
<doc>Pauses the test executed for the given time.</doc>
<status status="PASS" start="2025-11-21T19:16:36.982772" elapsed="2.002219"/>
</kw>
<kw name="Click Element" owner="SeleniumLibrary">
<msg time="2025-11-21T19:16:38.987740" level="INFO">Clicking element '//*[@class="btn btn-success btn-lg"]'.</msg>
<arg>${addToCartButton}</arg>
<doc>Click the element identified by ``locator``.</doc>
<status status="PASS" start="2025-11-21T19:16:38.986897" elapsed="0.354193"/>
</kw>
<kw name="Sleep" owner="BuiltIn">
<msg time="2025-11-21T19:16:41.344426" level="INFO">Slept 2 seconds.</msg>
<arg>2s</arg>
<doc>Pauses the test executed for the given time.</doc>
<status status="PASS" start="2025-11-21T19:16:39.343562" elapsed="2.002209"/>
</kw>
<kw name="Handle Alert" owner="SeleniumLibrary">
<msg time="2025-11-21T19:16:41.348467" level="INFO">HANDLE::&lt;class 'NoneType'&gt;::None</msg>
<arg>action=ACCEPT</arg>
<doc>Handles the current alert and returns its message.</doc>
<status status="PASS" start="2025-11-21T19:16:41.347697" elapsed="0.578202"/>
</kw>
<kw name="Sleep" owner="BuiltIn">
<msg time="2025-11-21T19:16:42.929992" level="INFO">Slept 1 second.</msg>
<arg>1s</arg>
<doc>Pauses the test executed for the given time.</doc>
<status status="PASS" start="2025-11-21T19:16:41.928448" elapsed="1.003466"/>
</kw>
<status status="PASS" start="2025-11-21T19:16:35.405931" elapsed="7.528716"/>
</kw>
<kw name="Open Cart Page" owner="resources">
<kw name="Wait Until Page Contains Element" owner="SeleniumLibrary">
<arg>${cartButton}</arg>
<arg>timeout=80</arg>
<arg>error=openCartPageButtonNotFound</arg>
<doc>Waits until the element ``locator`` appears on the current page.</doc>
<status status="PASS" start="2025-11-21T19:16:42.936890" elapsed="0.165064"/>
</kw>
<kw name="Sleep" owner="BuiltIn">
<msg time="2025-11-21T19:16:44.106173" level="INFO">Slept 1 second.</msg>
<arg>1s</arg>
<doc>Pauses the test executed for the given time.</doc>
<status status="PASS" start="2025-11-21T19:16:43.104583" elapsed="1.002858"/>
</kw>
<kw name="Click Element" owner="SeleniumLibrary">
<msg time="2025-11-21T19:16:44.110101" level="INFO">Clicking element '//*[@id="cartur"]'.</msg>
<arg>${cartButton}</arg>
<doc>Click the element identified by ``locator``.</doc>
<status status="PASS" start="2025-11-21T19:16:44.109252" elapsed="0.351134"/>
</kw>
<kw name="Sleep" owner="BuiltIn">
<msg time="2025-11-21T19:16:46.463513" level="INFO">Slept 2 seconds.</msg>
<arg>2s</arg>
<doc>Pauses the test executed for the given time.</doc>
<status status="PASS" start="2025-11-21T19:16:44.462513" elapsed="2.002270"/>
</kw>
<status status="PASS" start="2025-11-21T19:16:42.935587" elapsed="3.531250"/>
</kw>
<kw name="Buy Product" owner="resources">
<kw name="Wait Until Page Contains Element" owner="SeleniumLibrary">
<arg>${orderButton}</arg>
<arg>timeout=80</arg>
<arg>error=orderButtonNotFound</arg>
<doc>Waits until the element ``locator`` appears on the current page.</doc>
<status status="PASS" start="2025-11-21T19:16:46.468927" elapsed="0.156538"/>
</kw>
<kw name="Click Element" owner="SeleniumLibrary">
<msg time="2025-11-21T19:16:46.629801" level="INFO">Clicking element '//*[@class="btn btn-success"]'.</msg>
<arg>${orderButton}</arg>
<doc>Click the element identified by ``locator``.</doc>
<status status="PASS" start="2025-11-21T19:16:46.628777" elapsed="0.337377"/>
</kw>
<kw name="Sleep" owner="BuiltIn">
<msg time="2025-11-21T19:16:48.968996" level="INFO">Slept 2 seconds.</msg>
<arg>2s</arg>
<doc>Pauses the test executed for the given time.</doc>
<status status="PASS" start="2025-11-21T19:16:46.968019" elapsed="2.002265"/>
</kw>
<kw name="Wait Until Page Contains Element" owner="SeleniumLibrary">
<arg>${orderFormModal}</arg>
<arg>timeout=80</arg>
<arg>error=orderFormModalNotFound</arg>
<doc>Waits until the element ``locator`` appears on the current page.</doc>
<status status="PASS" start="2025-11-21T19:16:48.972218" elapsed="0.204578"/>
</kw>
<kw name="Sleep" owner="BuiltIn">
<msg time="2025-11-21T19:16:50.179602" level="INFO">Slept 1 second.</msg>
<arg>1s</arg>
<doc>Pauses the test executed for the given time.</doc>
<status status="PASS" start="2025-11-21T19:16:49.178711" elapsed="1.002165"/>
</kw>
<kw name="Input Text" owner="SeleniumLibrary">
<msg time="2025-11-21T19:16:50.183606" level="INFO">Typing text 'John' into text field '//*[@id="name"]'.</msg>
<arg>${orderFormNameField}</arg>
<arg>${orderFormNameValue}</arg>
<doc>Types the given ``text`` into the text field identified by ``locator``.</doc>
<status status="PASS" start="2025-11-21T19:16:50.182722" elapsed="0.592475"/>
</kw>
<kw name="Sleep" owner="BuiltIn">
<msg time="2025-11-21T19:16:51.028169" level="INFO">Slept 250 milliseconds.</msg>
<arg>0.25s</arg>
<doc>Pauses the test executed for the given time.</doc>
<status status="PASS" start="2025-11-21T19:16:50.777255" elapsed="0.252351"/>
</kw>
<kw name="Input Text" owner="SeleniumLibrary">
<msg time="2025-11-21T19:16:51.032510" level="INFO">Typing text 'New Zeland' into text field '//*[@id="country"]'.</msg>
<arg>${orderFormCountryField}</arg>
<arg>${orderFormCountryValue}</arg>
<doc>Types the given ``text`` into the text field identified by ``locator``.</doc>
<status status="PASS" start="2025-11-21T19:16:51.031576" elapsed="0.546673"/>
</kw>
<kw name="Sleep" owner="BuiltIn">
<msg time="2025-11-21T19:16:51.831139" level="INFO">Slept 250 milliseconds.</msg>
<arg>0.25s</arg>
<doc>Pauses the test executed for the given time.</doc>
<status status="PASS" start="2025-11-21T19:16:51.580177" elapsed="0.252213"/>
</kw>
<kw name="Input Text" owner="SeleniumLibrary">
<msg time="2025-11-21T19:16:51.835280" level="INFO">Typing text 'Wellington' into text field '//*[@id="city"]'.</msg>
<arg>${orderFormCityField}</arg>
<arg>${orderFormCityValue}</arg>
<doc>Types the given ``text`` into the text field identified by ``locator``.</doc>
<status status="PASS" start="2025-11-21T19:16:51.834246" elapsed="0.546335"/>
</kw>
<kw name="Sleep" owner="BuiltIn">
<msg time="2025-11-21T19:16:52.633409" level="INFO">Slept 250 milliseconds.</msg>
<arg>0.25s</arg>
<doc>Pauses the test executed for the given time.</doc>
<status status="PASS" start="2025-11-21T19:16:52.382501" elapsed="0.252191"/>
</kw>
<kw name="Input Text" owner="SeleniumLibrary">
<msg time="2025-11-21T19:16:52.637432" level="INFO">Typing text '5130290000000009' into text field '//*[@id="card"]'.</msg>
<arg>${orderFormCreditCardField}</arg>
<arg>${orderFormCreditCardValue}</arg>
<doc>Types the given ``text`` into the text field identified by ``locator``.</doc>
<status status="PASS" start="2025-11-21T19:16:52.636548" elapsed="0.637764"/>
</kw>
<kw name="Sleep" owner="BuiltIn">
<msg time="2025-11-21T19:16:53.527286" level="INFO">Slept 250 milliseconds.</msg>
<arg>0.25s</arg>
<doc>Pauses the test executed for the given time.</doc>
<status status="PASS" start="2025-11-21T19:16:53.276255" elapsed="0.252312"/>
</kw>
<kw name="Input Text" owner="SeleniumLibrary">
<msg time="2025-11-21T19:16:53.531329" level="INFO">Typing text 'November' into text field '//*[@id="month"]'.</msg>
<arg>${orderFormMonthField}</arg>
<arg>${orderFormMonthValue}</arg>
<doc>Types the given ``text`` into the text field identified by ``locator``.</doc>
<status status="PASS" start="2025-11-21T19:16:53.530403" elapsed="0.640093"/>
</kw>
<kw name="Sleep" owner="BuiltIn">
<msg time="2025-11-21T19:16:54.423385" level="INFO">Slept 250 milliseconds.</msg>
<arg>0.25s</arg>
<doc>Pauses the test executed for the given time.</doc>
<status status="PASS" start="2025-11-21T19:16:54.172415" elapsed="0.252399"/>
</kw>
<kw name="Input Text" owner="SeleniumLibrary">
<msg time="2025-11-21T19:16:54.427580" level="INFO">Typing text '2025' into text field '//*[@id="year"]'.</msg>
<arg>${orderFormYearField}</arg>
<arg>${orderFormYearValue}</arg>
<doc>Types the given ``text`` into the text field identified by ``locator``.</doc>
<status status="PASS" start="2025-11-21T19:16:54.426689" elapsed="0.546674"/>
</kw>
<kw name="Sleep" owner="BuiltIn">
<msg time="2025-11-21T19:16:55.226249" level="INFO">Slept 250 milliseconds.</msg>
<arg>0.25s</arg>
<doc>Pauses the test executed for the given time.</doc>
<status status="PASS" start="2025-11-21T19:16:54.975301" elapsed="0.252264"/>
</kw>
<kw name="Wait Until Element Is Visible" owner="SeleniumLibrary">
<arg>${purchaseButton}</arg>
<arg>timeout=5s</arg>
<doc>Waits until the element ``locator`` is visible.</doc>
<status status="PASS" start="2025-11-21T19:16:55.229557" elapsed="0.473253"/>
</kw>
<kw name="Sleep" owner="BuiltIn">
<msg time="2025-11-21T19:16:56.705645" level="INFO">Slept 1 second.</msg>
<arg>1s</arg>
<doc>Pauses the test executed for the given time.</doc>
<status status="PASS" start="2025-11-21T19:16:55.704734" elapsed="1.002223"/>
</kw>
<kw name="Click Element" owner="SeleniumLibrary">
<msg time="2025-11-21T19:16:56.709703" level="INFO">Clicking element '//button[contains(text(), "Purchase")]'.</msg>
<arg>${purchaseButton}</arg>
<doc>Click the element identified by ``locator``.</doc>
<status status="PASS" start="2025-11-21T19:16:56.708847" elapsed="0.359696"/>
</kw>
<kw name="Wait Until Page Contains Element" owner="SeleniumLibrary">
<arg>${purchaseSuccessButton}</arg>
<arg>timeout=80</arg>
<arg>error=purchaseFormIsNotValid</arg>
<doc>Waits until the element ``locator`` appears on the current page.</doc>
<status status="PASS" start="2025-11-21T19:16:57.070460" elapsed="0.170866"/>
</kw>
<kw name="Sleep" owner="BuiltIn">
<msg time="2025-11-21T19:16:58.244252" level="INFO">Slept 1 second.</msg>
<arg>1s</arg>
<doc>Pauses the test executed for the given time.</doc>
<status status="PASS" start="2025-11-21T19:16:57.243199" elapsed="1.002410"/>
</kw>
<kw name="Click Element" owner="SeleniumLibrary">
<msg time="2025-11-21T19:16:58.248425" level="INFO">Clicking element '//*[@class="sa-confirm-button-container"]/button'.</msg>
<arg>${purchaseSuccessButton}</arg>
<doc>Click the element identified by ``locator``.</doc>
<status status="PASS" start="2025-11-21T19:16:58.247580" elapsed="0.375179"/>
</kw>
<kw name="Sleep" owner="BuiltIn">
<msg time="2025-11-21T19:17:00.625521" level="INFO">Slept 2 seconds.</msg>
<arg>2s</arg>
<doc>Pauses the test executed for the given time.</doc>
<status status="PASS" start="2025-11-21T19:16:58.624647" elapsed="2.002198"/>
</kw>
<status status="PASS" start="2025-11-21T19:16:46.467804" elapsed="14.160889"/>
</kw>
<status status="PASS" start="2025-11-21T19:16:35.403320" elapsed="25.226177"/>
</test>
<test id="s1-s2-t4" name="REMOVE_FROM_CART_TEST" line="21">
<kw name="Add To Cart" owner="resources">
<kw name="Wait Until Page Contains Element" owner="SeleniumLibrary">
<arg>${openProductPageButton}</arg>
<arg>timeout=80</arg>
<arg>error=openProductPageButtonNotFound</arg>
<doc>Waits until the element ``locator`` appears on the current page.</doc>
<status status="PASS" start="2025-11-21T19:17:01.704667" elapsed="0.201725"/>
</kw>
<kw name="Sleep" owner="BuiltIn">
<msg time="2025-11-21T19:17:02.909303" level="INFO">Slept 1 second.</msg>
<arg>1s</arg>
<doc>Pauses the test executed for the given time.</doc>
<status status="PASS" start="2025-11-21T19:17:01.908285" elapsed="1.002327"/>
</kw>
<kw name="Click Element" owner="SeleniumLibrary">
<msg time="2025-11-21T19:17:02.913400" level="INFO">Clicking element '//*[@id="tbodyid"]/div[3]/div/div/h4/a'.</msg>
<arg>${openProductPageButton}</arg>
<doc>Click the element identified by ``locator``.</doc>
<status status="PASS" start="2025-11-21T19:17:02.912543" elapsed="0.367948"/>
</kw>
<kw name="Sleep" owner="BuiltIn">
<msg time="2025-11-21T19:17:05.283315" level="INFO">Slept 2 seconds.</msg>
<arg>2s</arg>
<doc>Pauses the test executed for the given time.</doc>
<status status="PASS" start="2025-11-21T19:17:03.282405" elapsed="2.002258"/>
</kw>
<kw name="Click Element" owner="SeleniumLibrary">
<msg time="2025-11-21T19:17:05.287553" level="INFO">Clicking element '//*[@class="btn btn-success btn-lg"]'.</msg>
<arg>${addToCartButton}</arg>
<doc>Click the element identified by ``locator``.</doc>
<status status="PASS" start="2025-11-21T19:17:05.286649" elapsed="0.578525"/>
</kw>
<kw name="Sleep" owner="BuiltIn">
<msg time="2025-11-21T19:17:07.868055" level="INFO">Slept 2 seconds.</msg>
<arg>2s</arg>
<doc>Pauses the test executed for the given time.</doc>
<status status="PASS" start="2025-11-21T19:17:05.867059" elapsed="2.002313"/>
</kw>
<kw name="Handle Alert" owner="SeleniumLibrary">
<msg time="2025-11-21T19:17:07.871975" level="INFO">HANDLE::&lt;class 'NoneType'&gt;::None</msg>
<arg>action=ACCEPT</arg>
<doc>Handles the current alert and returns its message.</doc>
<status status="PASS" start="2025-11-21T19:17:07.871215" elapsed="0.482672"/>
</kw>
<kw name="Sleep" owner="BuiltIn">
<msg time="2025-11-21T19:17:09.356933" level="INFO">Slept 1 second.</msg>
<arg>1s</arg>
<doc>Pauses the test executed for the given time.</doc>
<status status="PASS" start="2025-11-21T19:17:08.355911" elapsed="1.002723"/>
</kw>
<status status="PASS" start="2025-11-21T19:17:01.703704" elapsed="7.656763"/>
</kw>
<kw name="Remove From Cart" owner="resources">
<kw name="Open Cart Page" owner="resources">
<kw name="Wait Until Page Contains Element" owner="SeleniumLibrary">
<arg>${cartButton}</arg>
<arg>timeout=80</arg>
<arg>error=openCartPageButtonNotFound</arg>
<doc>Waits until the element ``locator`` appears on the current page.</doc>
<status status="PASS" start="2025-11-21T19:17:09.363155" elapsed="0.240699"/>
</kw>
<kw name="Sleep" owner="BuiltIn">
<msg time="2025-11-21T19:17:10.606776" level="INFO">Slept 1 second.</msg>
<arg>1s</arg>
<doc>Pauses the test executed for the given time.</doc>
<status status="PASS" start="2025-11-21T19:17:09.605823" elapsed="1.002265"/>
</kw>
<kw name="Click Element" owner="SeleniumLibrary">
<msg time="2025-11-21T19:17:10.610833" level="INFO">Clicking element '//*[@id="cartur"]'.</msg>
<arg>${cartButton}</arg>
<doc>Click the element identified by ``locator``.</doc>
<status status="PASS" start="2025-11-21T19:17:10.609987" elapsed="0.385119"/>
</kw>
<kw name="Sleep" owner="BuiltIn">
<msg time="2025-11-21T19:17:12.997923" level="INFO">Slept 2 seconds.</msg>
<arg>2s</arg>
<doc>Pauses the test executed for the given time.</doc>
<status status="PASS" start="2025-11-21T19:17:10.997006" elapsed="2.002250"/>
</kw>
<status status="PASS" start="2025-11-21T19:17:09.362339" elapsed="3.638868"/>
</kw>
<kw name="Wait Until Page Contains Element" owner="SeleniumLibrary">
<arg>${removeFromCartButton}</arg>
<arg>timeout=80</arg>
<arg>error=removeButtonNotFound</arg>
<doc>Waits until the element ``locator`` appears on the current page.</doc>
<status status="PASS" start="2025-11-21T19:17:13.002941" elapsed="0.156962"/>
</kw>
<kw name="Sleep" owner="BuiltIn">
<msg time="2025-11-21T19:17:14.162851" level="INFO">Slept 1 second.</msg>
<arg>1s</arg>
<doc>Pauses the test executed for the given time.</doc>
<status status="PASS" start="2025-11-21T19:17:13.161860" elapsed="1.002318"/>
</kw>
<kw name="Click Element" owner="SeleniumLibrary">
<msg time="2025-11-21T19:17:14.166877" level="INFO">Clicking element '//tbody[@id="tbodyid"]//a[text()="Delete"]'.</msg>
<arg>${removeFromCartButton}</arg>
<doc>Click the element identified by ``locator``.</doc>
<status status="PASS" start="2025-11-21T19:17:14.166037" elapsed="0.451746"/>
</kw>
<kw name="Sleep" owner="BuiltIn">
<msg time="2025-11-21T19:17:16.620747" level="INFO">Slept 2 seconds.</msg>
<arg>2s</arg>
<doc>Pauses the test executed for the given time.</doc>
<status status="PASS" start="2025-11-21T19:17:14.619701" elapsed="2.002338"/>
</kw>
<kw name="Page Should Contain Element" owner="SeleniumLibrary">
<msg time="2025-11-21T19:17:16.882112" level="INFO">Current page contains element '//*[@id="tbodyid" and not (*)]'.</msg>
<arg>${removedElement}</arg>
<doc>Verifies that element ``locator`` is found on the current page.</doc>
<status status="PASS" start="2025-11-21T19:17:16.623886" elapsed="0.259528"/>
</kw>
<kw name="Sleep" owner="BuiltIn">
<msg time="2025-11-21T19:17:18.886208" level="INFO">Slept 2 seconds.</msg>
<arg>2s</arg>
<doc>Pauses the test executed for the given time.</doc>
<status status="PASS" start="2025-11-21T19:17:16.885253" elapsed="2.002249"/>
</kw>
<status status="PASS" start="2025-11-21T19:17:09.361342" elapsed="9.527949"/>
</kw>
<status status="PASS" start="2025-11-21T19:17:01.701078" elapsed="17.188968"/>
</test>
<kw name="Close Browser Custom" owner="resources" type="TEARDOWN">
<kw name="Close All Browsers" owner="SeleniumLibrary">
<doc>Closes all open browsers and resets the browser cache.</doc>
<status status="PASS" start="2025-11-21T19:17:19.940158" elapsed="2.088695"/>
</kw>
<status status="PASS" start="2025-11-21T19:17:19.935910" elapsed="2.093805"/>
</kw>
<status status="PASS" start="2025-11-21T19:16:03.205647" elapsed="78.825738"/>
</suite>
<suite id="s1-s3" name="Test Windows, 11, Firefox, latest" source="/app/testCases/test.robot">
<kw name="Open Browser And Maximize" owner="resources" type="SETUP">
<kw name="Evaluate" owner="BuiltIn">
<msg time="2025-11-21T19:16:03.292309" level="INFO">${caps} = {}</msg>
<var>${caps}</var>
<arg>{}</arg>
<doc>Evaluates the given expression in Python and returns the result.</doc>
<status status="PASS" start="2025-11-21T19:16:03.291267" elapsed="0.002244"/>
</kw>
<kw name="Create Webdriver" owner="SeleniumLibrary">
<msg time="2025-11-21T19:16:03.295947" level="INFO">Creating an instance of the Remote WebDriver.</msg>
<msg time="2025-11-21T19:16:03.300326" level="INFO">Completed setup!</msg>
<arg>Remote</arg>
<arg>command_executor=http://localhost:4444/wd/hub</arg>
<arg>desired_capabilities=${caps}</arg>
<doc>Creates an instance of Selenium WebDriver.</doc>
<status status="PASS" start="2025-11-21T19:16:03.294421" elapsed="21.809334"/>
</kw>
<kw name="Go To" owner="SeleniumLibrary">
<msg time="2025-11-21T19:16:25.105668" level="INFO">Opening url 'https://www.demoblaze.com/'</msg>
<arg>${baseUrl}</arg>
<doc>Navigates the current browser window to the provided ``url``.</doc>
<status status="PASS" start="2025-11-21T19:16:25.104772" elapsed="0.990238"/>
</kw>
<kw name="Maximize Browser Window" owner="SeleniumLibrary">
<doc>Maximizes current browser window.</doc>
<status status="PASS" start="2025-11-21T19:16:26.096200" elapsed="0.797030"/>
</kw>
<status status="PASS" start="2025-11-21T19:16:03.288227" elapsed="23.605885"/>
</kw>
<test id="s1-s3-t1" name="LOGIN_TEST" line="9">
<kw name="Sign Up" owner="resources">
<kw name="Wait Until Page Contains Element" owner="SeleniumLibrary">
<arg>${signUpButton}</arg>
<arg>timeout=80</arg>
<arg>error=logInButtonNotFound</arg>
<doc>Waits until the element ``locator`` appears on the current page.</doc>
<status status="PASS" start="2025-11-21T19:16:26.899541" elapsed="0.264711"/>
</kw>
<kw name="Sleep" owner="BuiltIn">
<msg time="2025-11-21T19:16:28.167206" level="INFO">Slept 1 second.</msg>
<arg>1s</arg>
<doc>Pauses the test executed for the given time.</doc>
<status status="PASS" start="2025-11-21T19:16:27.166187" elapsed="1.002381"/>
</kw>
<kw name="Click Element" owner="SeleniumLibrary">
<msg time="2025-11-21T19:16:28.171252" level="INFO">Clicking element '//*[@id="signin2"]'.</msg>
<arg>${signUpButton}</arg>
<doc>Click the element identified by ``locator``.</doc>
<status status="PASS" start="2025-11-21T19:16:28.170422" elapsed="0.891393"/>
</kw>
<kw name="Wait Until Page Contains Element" owner="SeleniumLibrary">
<arg>${signUpUsername}</arg>
<arg>timeout=80</arg>
<arg>error=logInButtonNotFound</arg>
<doc>Waits until the element ``locator`` appears on the current page.</doc>
<status status="PASS" start="2025-11-21T19:16:29.063752" elapsed="0.534602"/>
</kw>
<kw name="Sleep" owner="BuiltIn">
<msg time="2025-11-21T19:16:30.605060" level="INFO">Slept 1 second.</msg>
<arg>1s</arg>
<doc>Pauses the test executed for the given time.</doc>
<status status="PASS" start="2025-11-21T19:16:29.602976" elapsed="1.004216"/>
</kw>
<kw name="Input Text" owner="SeleniumLibrary">
<msg time="2025-11-21T19:16:30.612813" level="INFO">Typing text 'testing1996_r2s1_az7zb5' into text field '//*[@id="sign-username"]'.</msg>
<arg>${signUpUsername}</arg>
<arg>${login}</arg>
<doc>Types the given ``text`` into the text field identified by ``locator``.</doc>
<status status="PASS" start="2025-11-21T19:16:30.610649" elapsed="0.655981"/>
</kw>
<kw name="Sleep" owner="BuiltIn">
<msg time="2025-11-21T19:16:31.769930" level="INFO">Slept 500 milliseconds.</msg>
<arg>0.5s</arg>
<doc>Pauses the test executed for the given time.</doc>
<status status="PASS" start="2025-11-21T19:16:31.268980" elapsed="0.502401"/>
</kw>
<kw name="Input Password" owner="SeleniumLibrary">
<msg time="2025-11-21T19:16:31.774107" level="INFO">Typing password into text field '//*[@id="sign-password"]'.</msg>
<msg time="2025-11-21T19:16:32.393549" level="INFO">Temporally setting log level to: NONE</msg>
<arg>${signUpPassword}</arg>
<arg>${password}</arg>
<doc>Types the given password into the text field identified by ``locator``.</doc>
<status status="PASS" start="2025-11-21T19:16:31.773229" elapsed="1.249728"/>
</kw>
<kw name="Sleep" owner="BuiltIn">
<msg time="2025-11-21T19:16:33.526103" level="INFO">Slept 500 milliseconds.</msg>
<arg>0.5s</arg>
<doc>Pauses the test executed for the given time.</doc>
<status status="PASS" start="2025-11-21T19:16:33.025130" elapsed="0.502304"/>
</kw>
<kw name="Click Element" owner="SeleniumLibrary">
<msg time="2025-11-21T19:16:33.530363" level="INFO">Clicking element '//*[@id="signInModal"]/div/div/div[3]/button[2]'.</msg>
<arg>${signUpFormButton}</arg>
<doc>Click the element identified by ``locator``.</doc>
<status status="PASS" start="2025-11-21T19:16:33.529477" elapsed="0.480076"/>
</kw>
<kw name="Sleep" owner="BuiltIn">
<msg time="2025-11-21T19:16:36.012593" level="INFO">Slept 2 seconds.</msg>
<arg>2s</arg>
<doc>Pauses the test executed for the given time.</doc>
<status status="PASS" start="2025-11-21T19:16:34.011598" elapsed="2.002267"/>
</kw>
<kw name="Handle Alert" owner="SeleniumLibrary">
<msg time="2025-11-21T19:16:36.016505" level="INFO">HANDLE::&lt;class 'NoneType'&gt;::None</msg>
<arg>action=ACCEPT</arg>
<doc>Handles the current alert and returns its message.</doc>
<status status="PASS" start="2025-11-21T19:16:36.015749" elapsed="0.696851"/>
</kw>
<kw name="Sleep" owner="BuiltIn">
<msg time="2025-11-21T19:16:37.715466" level="INFO">Slept 1 second.</msg>
<arg>1s</arg>
<doc>Pauses the test executed for the given time.</doc>
<status status="PASS" start="2025-11-21T19:16:36.714499" elapsed="1.002253"/>
</kw>
<status status="PASS" start="2025-11-21T19:16:26.898550" elapsed="10.819992"/>
</kw>
<kw name="Log in" owner="resources">
<kw name="Wait Until Page Contains Element" owner="SeleniumLibrary">
<arg>${logInButton}</arg>
<arg>timeout=80</arg>
<arg>error=logInButtonNotFound</arg>
<doc>Waits until the element ``locator`` appears on the current page.</doc>
<status status="PASS" start="2025-11-21T19:16:37.720336" elapsed="0.431542"/>
</kw>
<kw name="Sleep" owner="BuiltIn">
<msg time="2025-11-21T19:16:39.154601" level="INFO">Slept 1 second.</msg>
<arg>1s</arg>
<doc>Pauses the test executed for the given time.</doc>
<status status="PASS" start="2025-11-21T19:16:38.153743" elapsed="1.002112"/>
</kw>
<kw name="Click Element" owner="SeleniumLibrary">
<msg time="2025-11-21T19:16:39.158565" level="INFO">Clicking element '//*[@id="login2"]'.</msg>
<arg>${logInButton}</arg>
<doc>Click the element identified by ``locator``.</doc>
<status status="PASS" start="2025-11-21T19:16:39.157717" elapsed="0.442803"/>
</kw>
<kw name="Wait Until Page Contains Element" owner="SeleniumLibrary">
<arg>${loginUsernameField}</arg>
<arg>timeout=80</arg>
<arg>error=logInButtonNotFound</arg>
<doc>Waits until the element ``locator`` appears on the current page.</doc>
<status status="PASS" start="2025-11-21T19:16:39.602455" elapsed="0.253680"/>
</kw>
<kw name="Sleep" owner="BuiltIn">
<msg time="2025-11-21T19:16:40.859083" level="INFO">Slept 1 second.</msg>
<arg>1s</arg>
<doc>Pauses the test executed for the given time.</doc>
<status status="PASS" start="2025-11-21T19:16:39.858048" elapsed="1.002361"/>
</kw>
<kw name="Input Text" owner="SeleniumLibrary">
<msg time="2025-11-21T19:16:40.863175" level="INFO">Typing text 'testing1996_r2s1_az7zb5' into text field '//*[@id="loginusername"]'.</msg>
<arg>${loginUsernameField}</arg>
<arg>${login}</arg>
<doc>Types the given ``text`` into the text field identified by ``locator``.</doc>
<status status="PASS" start="2025-11-21T19:16:40.862259" elapsed="0.570403"/>
</kw>
<kw name="Input Password" owner="SeleniumLibrary">
<msg time="2025-11-21T19:16:41.435451" level="INFO">Typing password into text field '//*[@id="loginpassword"]'.</msg>
<msg time="2025-11-21T19:16:41.839811" level="INFO">Temporally setting log level to: NONE</msg>
<arg>${loginPasswordField}</arg>
<arg>${password}</arg>
<doc>Types the given password into the text field identified by ``locator``.</doc>
<status status="PASS" start="2025-11-21T19:16:41.434577" elapsed="0.582922"/>
</kw>
<kw name="Sleep" owner="BuiltIn">
<msg time="2025-11-21T19:16:43.022865" level="INFO">Slept 1 second.</msg>
<arg>1s</arg>
<doc>Pauses the test executed for the given time.</doc>
<status status="PASS" start="2025-11-21T19:16:42.021577" elapsed="1.002911"/>
</kw>
<kw name="Click Element" owner="SeleniumLibrary">
<msg time="2025-11-21T19:16:43.028772" level="INFO">Clicking element '//*[@id="logInModal"]/div/div/div[3]/button[2]'.</msg>
<arg>${logInFormButton}</arg>
<doc>Click the element identified by ``locator``.</doc>
<status status="PASS" start="2025-11-21T19:16:43.027334" elapsed="0.608782"/>
</kw>
<kw name="Sleep" owner="BuiltIn">
<msg time="2025-11-21T19:16:45.639913" level="INFO">Slept 2 seconds.</msg>
<arg>2s</arg>
<doc>Pauses the test executed for the given time.</doc>
<status status="PASS" start="2025-11-21T19:16:43.639048" elapsed="2.002296"/>
</kw>
<status status="PASS" start="2025-11-21T19:16:37.719406" elapsed="7.924054"/>
</kw>
<status status="PASS" start="2025-11-21T19:16:26.895806" elapsed="18.748504"/>
</test>
<test id="s1-s3-t2" name="LOGOUT_TEST" line="13">
<kw name="Log Out" owner="resources">
<kw name="Wait Until Page Contains Element" owner="SeleniumLibrary">
<arg>${logOutButton}</arg>
<arg>timeout=80</arg>
<arg>error=logOutButtonNotFound</arg>
<doc>Waits until the element ``locator`` appears on the current page.</doc>
<status status="PASS" start="2025-11-21T19:16:46.715783" elapsed="0.250045"/>
</kw>
<kw name="Sleep" owner="BuiltIn">
<msg time="2025-11-21T19:16:51.968548" level="INFO">Slept 5 seconds.</msg>
<arg>5s</arg>
<doc>Pauses the test executed for the given time.</doc>
<status status="PASS" start="2025-11-21T19:16:46.967674" elapsed="5.002185"/>
</kw>
<kw name="Click Element" owner="SeleniumLibrary">
<msg time="2025-11-21T19:16:51.972548" level="INFO">Clicking element '//*[@id="logout2"]'.</msg>
<arg>${logOutButton}</arg>
<doc>Click the element identified by ``locator``.</doc>
<status status="PASS" start="2025-11-21T19:16:51.971718" elapsed="0.967982"/>
</kw>
<kw name="Sleep" owner="BuiltIn">
<msg time="2025-11-21T19:16:54.942379" level="INFO">Slept 2 seconds.</msg>
<arg>2s</arg>
<doc>Pauses the test executed for the given time.</doc>
<status status="PASS" start="2025-11-21T19:16:52.941572" elapsed="2.002040"/>
</kw>
<status status="PASS" start="2025-11-21T19:16:46.714519" elapsed="8.230841"/>
</kw>
<status status="PASS" start="2025-11-21T19:16:46.711932" elapsed="8.234167"/>
</test>
<test id="s1-s3-t3" name="BUY_PRODUCT_TEST" line="16">
<kw name="Add To Cart" owner="resources">
<kw name="Wait Until Page Contains Element" owner="SeleniumLibrary">
<arg>${openProductPageButton}</arg>
<arg>timeout=80</arg>
<arg>error=openProductPageButtonNotFound</arg>
<doc>Waits until the element ``locator`` appears on the current page.</doc>
<status status="PASS" start="2025-11-21T19:16:55.816758" elapsed="0.243950"/>
</kw>
<kw name="Sleep" owner="BuiltIn">
<msg time="2025-11-21T19:16:57.063466" level="INFO">Slept 1 second.</msg>
<arg>1s</arg>
<doc>Pauses the test executed for the given time.</doc>
<status status="PASS" start="2025-11-21T19:16:56.062599" elapsed="1.002155"/>
</kw>
<kw name="Click Element" owner="SeleniumLibrary">
<msg time="2025-11-21T19:16:57.067471" level="INFO">Clicking element '//*[@id="tbodyid"]/div[3]/div/div/h4/a'.</msg>
<arg>${openProductPageButton}</arg>
<doc>Click the element identified by ``locator``.</doc>
<status status="PASS" start="2025-11-21T19:16:57.066603" elapsed="0.980648"/>
</kw>
<kw name="Sleep" owner="BuiltIn">
<msg time="2025-11-21T19:17:00.050132" level="INFO">Slept 2 seconds.</msg>
<arg>2s</arg>
<doc>Pauses the test executed for the given time.</doc>
<status status="PASS" start="2025-11-21T19:16:58.049177" elapsed="2.002252"/>
</kw>
<kw name="Click Element" owner="SeleniumLibrary">
<msg time="2025-11-21T19:17:00.054129" level="INFO">Clicking element '//*[@class="btn btn-success btn-lg"]'.</msg>
<arg>${addToCartButton}</arg>
<doc>Click the element identified by ``locator``.</doc>
<status status="PASS" start="2025-11-21T19:17:00.053299" elapsed="0.426302"/>
</kw>
<kw name="Sleep" owner="BuiltIn">
<msg time="2025-11-21T19:17:02.482444" level="INFO">Slept 2 seconds.</msg>
<arg>2s</arg>
<doc>Pauses the test executed for the given time.</doc>
<status status="PASS" start="2025-11-21T19:17:00.481537" elapsed="2.002184"/>
</kw>
<kw name="Handle Alert" owner="SeleniumLibrary">
<msg time="2025-11-21T19:17:02.486356" level="INFO">HANDLE::&lt;class 'NoneType'&gt;::None</msg>
<arg>action=ACCEPT</arg>
<doc>Handles the current alert and returns its message.</doc>
<status status="PASS" start="2025-11-21T19:17:02.485596" elapsed="0.498833"/>
</kw>
<kw name="Sleep" owner="BuiltIn">
<msg time="2025-11-21T19:17:03.987294" level="INFO">Slept 1 second.</msg>
<arg>1s</arg>
<doc>Pauses the test executed for the given time.</doc>
<status status="PASS" start="2025-11-21T19:17:02.986312" elapsed="1.002257"/>
</kw>
<status status="PASS" start="2025-11-21T19:16:55.815817" elapsed="8.174513"/>
</kw>
<kw name="Open Cart Page" owner="resources">
<kw name="Wait Until Page Contains Element" owner="SeleniumLibrary">
<arg>${cartButton}</arg>
<arg>timeout=80</arg>
<arg>error=openCartPageButtonNotFound</arg>
<doc>Waits until the element ``locator`` appears on the current page.</doc>
<status status="PASS" start="2025-11-21T19:17:03.992088" elapsed="0.196773"/>
</kw>
<kw name="Sleep" owner="BuiltIn">
<msg time="2025-11-21T19:17:05.191668" level="INFO">Slept 1 second.</msg>
<arg>1s</arg>
<doc>Pauses the test executed for the given time.</doc>
<status status="PASS" start="2025-11-21T19:17:04.190747" elapsed="1.002518"/>
</kw>
<kw name="Click Element" owner="SeleniumLibrary">
<msg time="2025-11-21T19:17:05.196556" level="INFO">Clicking element '//*[@id="cartur"]'.</msg>
<arg>${cartButton}</arg>
<doc>Click the element identified by ``locator``.</doc>
<status status="PASS" start="2025-11-21T19:17:05.195561" elapsed="0.944929"/>
</kw>
<kw name="Sleep" owner="BuiltIn">
<msg time="2025-11-21T19:17:08.143339" level="INFO">Slept 2 seconds.</msg>
<arg>2s</arg>
<doc>Pauses the test executed for the given time.</doc>
<status status="PASS" start="2025-11-21T19:17:06.142384" elapsed="2.002363"/>
</kw>
<status status="PASS" start="2025-11-21T19:17:03.991153" elapsed="4.155455"/>
</kw>
<kw name="Buy Product" owner="resources">
<kw name="Wait Until Page Contains Element" owner="SeleniumLibrary">
<arg>${orderButton}</arg>
<arg>timeout=80</arg>
<arg>error=orderButtonNotFound</arg>
<doc>Waits until the element ``locator`` appears on the current page.</doc>
<status status="PASS" start="2025-11-21T19:17:08.148678" elapsed="0.156883"/>
</kw>
<kw name="Click Element" owner="SeleniumLibrary">
<msg time="2025-11-21T19:17:08.308411" level="INFO">Clicking element '//*[@class="btn btn-success"]'.</msg>
<arg>${orderButton}</arg>
<doc>Click the element identified by ``locator``.</doc>
<status status="PASS" start="2025-11-21T19:17:08.307573" elapsed="0.451003"/>
</kw>
<kw name="Sleep" owner="BuiltIn">
<msg time="2025-11-21T19:17:10.761358" level="INFO">Slept 2 seconds.</msg>
<arg>2s</arg>
<doc>Pauses the test executed for the given time.</doc>
<status status="PASS" start="2025-11-21T19:17:08.760483" elapsed="2.002210"/>
</kw>
<kw name="Wait Until Page Contains Element" owner="SeleniumLibrary">
<arg>${orderFormModal}</arg>
<arg>timeout=80</arg>
<arg>error=orderFormModalNotFound</arg>
<doc>Waits until the element ``locator`` appears on the current page.</doc>
<status status="PASS" start="2025-11-21T19:17:10.764577" elapsed="0.187879"/>
</kw>
<kw name="Sleep" owner="BuiltIn">
<msg time="2025-11-21T19:17:11.955232" level="INFO">Slept 1 second.</msg>
<arg>1s</arg>
<doc>Pauses the test executed for the given time.</doc>
<status status="PASS" start="2025-11-21T19:17:10.954322" elapsed="1.002210"/>
</kw>
<kw name="Input Text" owner="SeleniumLibrary">
<msg time="2025-11-21T19:17:11.959319" level="INFO">Typing text 'John' into text field '//*[@id="name"]'.</msg>
<arg>${orderFormNameField}</arg>
<arg>${orderFormNameValue}</arg>
<doc>Types the given ``text`` into the text field identified by ``locator``.</doc>
<status status="PASS" start="2025-11-21T19:17:11.958406" elapsed="0.594153"/>
</kw>
<kw name="Sleep" owner="BuiltIn">
<msg time="2025-11-21T19:17:12.805450" level="INFO">Slept 250 milliseconds.</msg>
<arg>0.25s</arg>
<doc>Pauses the test executed for the given time.</doc>
<status status="PASS" start="2025-11-21T19:17:12.554532" elapsed="0.252192"/>
</kw>
<kw name="Input Text" owner="SeleniumLibrary">
<msg time="2025-11-21T19:17:12.809457" level="INFO">Typing text 'New Zeland' into text field '//*[@id="country"]'.</msg>
<arg>${orderFormCountryField}</arg>
<arg>${orderFormCountryValue}</arg>
<doc>Types the given ``text`` into the text field identified by ``locator``.</doc>
<status status="PASS" start="2025-11-21T19:17:12.808566" elapsed="0.624386"/>
</kw>
<kw name="Sleep" owner="BuiltIn">
<msg time="2025-11-21T19:17:13.685889" level="INFO">Slept 250 milliseconds.</msg>
<arg>0.25s</arg>
<doc>Pauses the test executed for the given time.</doc>
<status status="PASS" start="2025-11-21T19:17:13.434877" elapsed="0.252323"/>
</kw>
<kw name="Input Text" owner="SeleniumLibrary">
<msg time="2025-11-21T19:17:13.690000" level="INFO">Typing text 'Wellington' into text field '//*[@id="city"]'.</msg>
<arg>${orderFormCityField}</arg>
<arg>${orderFormCityValue}</arg>
<doc>Types the given ``text`` into the text field identified by ``locator``.</doc>
<status status="PASS" start="2025-11-21T19:17:13.689053" elapsed="0.636636"/>
</kw>
<kw name="Sleep" owner="BuiltIn">
<msg time="2025-11-21T19:17:14.578486" level="INFO">Slept 250 milliseconds.</msg>
<arg>0.25s</arg>
<doc>Pauses the test executed for the given time.</doc>
<status status="PASS" start="2025-11-21T19:17:14.327599" elapsed="0.252207"/>
</kw>
<kw name="Input Text" owner="SeleniumLibrary">
<msg time="2025-11-21T19:17:14.582526" level="INFO">Typing text '5130290000000009' into text field '//*[@id="card"]'.</msg>
<arg>${orderFormCreditCardField}</arg>
<arg>${orderFormCreditCardValue}</arg>
<doc>Types the given ``text`` into the text field identified by ``locator``.</doc>
<status status="PASS" start="2025-11-21T19:17:14.581652" elapsed="0.650315"/>
</kw>
<kw name="Sleep" owner="BuiltIn">
<msg time="2025-11-21T19:17:15.484816" level="INFO">Slept 250 milliseconds.</msg>
<arg>0.25s</arg>
<doc>Pauses the test executed for the given time.</doc>
<status status="PASS" start="2025-11-21T19:17:15.233856" elapsed="0.252247"/>
</kw>
<kw name="Input Text" owner="SeleniumLibrary">
<msg time="2025-11-21T19:17:15.488805" level="INFO">Typing text 'November' into text field '//*[@id="month"]'.</msg>
<arg>${orderFormMonthField}</arg>
<arg>${orderFormMonthValue}</arg>
<doc>Types the given ``text`` into the text field identified by ``locator``.</doc>
<status status="PASS" start="2025-11-21T19:17:15.487928" elapsed="0.562538"/>
</kw>
<kw name="Sleep" owner="BuiltIn">
<msg time="2025-11-21T19:17:16.303458" level="INFO">Slept 250 milliseconds.</msg>
<arg>0.25s</arg>
<doc>Pauses the test executed for the given time.</doc>
<status status="PASS" start="2025-11-21T19:17:16.052454" elapsed="0.252280"/>
</kw>
<kw name="Input Text" owner="SeleniumLibrary">
<msg time="2025-11-21T19:17:16.307447" level="INFO">Typing text '2025' into text field '//*[@id="year"]'.</msg>
<arg>${orderFormYearField}</arg>
<arg>${orderFormYearValue}</arg>
<doc>Types the given ``text`` into the text field identified by ``locator``.</doc>
<status status="PASS" start="2025-11-21T19:17:16.306569" elapsed="0.763149"/>
</kw>
<kw name="Sleep" owner="BuiltIn">
<msg time="2025-11-21T19:17:17.322524" level="INFO">Slept 250 milliseconds.</msg>
<arg>0.25s</arg>
<doc>Pauses the test executed for the given time.</doc>
<status status="PASS" start="2025-11-21T19:17:17.071645" elapsed="0.252210"/>
</kw>
<kw name="Wait Until Element Is Visible" owner="SeleniumLibrary">
<arg>${purchaseButton}</arg>
<arg>timeout=5s</arg>
<doc>Waits until the element ``locator`` is visible.</doc>
<status status="PASS" start="2025-11-21T19:17:17.325681" elapsed="0.868492"/>
</kw>
<kw name="Sleep" owner="BuiltIn">
<msg time="2025-11-21T19:17:19.199071" level="INFO">Slept 1 second.</msg>
<arg>1s</arg>
<doc>Pauses the test executed for the given time.</doc>
<status status="PASS" start="2025-11-21T19:17:18.197498" elapsed="1.002867"/>
</kw>
<kw name="Click Element" owner="SeleniumLibrary">
<msg time="2025-11-21T19:17:19.203087" level="INFO">Clicking element '//button[contains(text(), "Purchase")]'.</msg>
<arg>${purchaseButton}</arg>
<doc>Click the element identified by ``locator``.</doc>
<status status="PASS" start="2025-11-21T19:17:19.202237" elapsed="0.454442"/>
</kw>
<kw name="Wait Until Page Contains Element" owner="SeleniumLibrary">
<arg>${purchaseSuccessButton}</arg>
<arg>timeout=80</arg>
<arg>error=purchaseFormIsNotValid</arg>
<doc>Waits until the element ``locator`` appears on the current page.</doc>
<status status="PASS" start="2025-11-21T19:17:19.658620" elapsed="0.167232"/>
</kw>
<kw name="Sleep" owner="BuiltIn">
<msg time="2025-11-21T19:17:20.828691" level="INFO">Slept 1 second.</msg>
<arg>1s</arg>
<doc>Pauses the test executed for the given time.</doc>
<status status="PASS" start="2025-11-21T19:17:19.827780" elapsed="1.002201"/>
</kw>
<kw name="Click Element" owner="SeleniumLibrary">
<msg time="2025-11-21T19:17:20.832797" level="INFO">Clicking element '//*[@class="sa-confirm-button-container"]/button'.</msg>
<arg>${purchaseSuccessButton}</arg>
<doc>Click the element identified by ``locator``.</doc>
<status status="PASS" start="2025-11-21T19:17:20.831918" elapsed="0.872714"/>
</kw>
<kw name="Sleep" owner="BuiltIn">
<msg time="2025-11-21T19:17:23.707477" level="INFO">Slept 2 seconds.</msg>
<arg>2s</arg>
<doc>Pauses the test executed for the given time.</doc>
<status status="PASS" start="2025-11-21T19:17:21.706556" elapsed="2.002249"/>
</kw>
<status status="PASS" start="2025-11-21T19:17:08.147553" elapsed="15.563113"/>
</kw>
<status status="PASS" start="2025-11-21T19:16:55.813341" elapsed="27.898130"/>
</test>
<test id="s1-s3-t4" name="REMOVE_FROM_CART_TEST" line="21">
<kw name="Add To Cart" owner="resources">
<kw name="Wait Until Page Contains Element" owner="SeleniumLibrary">
<arg>${openProductPageButton}</arg>
<arg>timeout=80</arg>
<arg>error=openProductPageButtonNotFound</arg>
<doc>Waits until the element ``locator`` appears on the current page.</doc>
<status status="PASS" start="2025-11-21T19:17:24.547980" elapsed="0.221531"/>
</kw>
<kw name="Sleep" owner="BuiltIn">
<msg time="2025-11-21T19:17:25.772429" level="INFO">Slept 1 second.</msg>
<arg>1s</arg>
<doc>Pauses the test executed for the given time.</doc>
<status status="PASS" start="2025-11-21T19:17:24.771471" elapsed="1.002289"/>
</kw>
<kw name="Click Element" owner="SeleniumLibrary">
<msg time="2025-11-21T19:17:25.776498" level="INFO">Clicking element '//*[@id="tbodyid"]/div[3]/div/div/h4/a'.</msg>
<arg>${openProductPageButton}</arg>
<doc>Click the element identified by ``locator``.</doc>
<status status="PASS" start="2025-11-21T19:17:25.775648" elapsed="0.889273"/>
</kw>
<kw name="Sleep" owner="BuiltIn">
<msg time="2025-11-21T19:17:28.667802" level="INFO">Slept 2 seconds.</msg>
<arg>2s</arg>
<doc>Pauses the test executed for the given time.</doc>
<status status="PASS" start="2025-11-21T19:17:26.666916" elapsed="2.002214"/>
</kw>
<kw name="Click Element" owner="SeleniumLibrary">
<msg time="2025-11-21T19:17:28.671859" level="INFO">Clicking element '//*[@class="btn btn-success btn-lg"]'.</msg>
<arg>${addToCartButton}</arg>
<doc>Click the element identified by ``locator``.</doc>
<status status="PASS" start="2025-11-21T19:17:28.671004" elapsed="0.620217"/>
</kw>
<kw name="Sleep" owner="BuiltIn">
<msg time="2025-11-21T19:17:31.294061" level="INFO">Slept 2 seconds.</msg>
<arg>2s</arg>
<doc>Pauses the test executed for the given time.</doc>
<status status="PASS" start="2025-11-21T19:17:29.293143" elapsed="2.002212"/>
</kw>
<kw name="Handle Alert" owner="SeleniumLibrary">
<msg time="2025-11-21T19:17:31.298015" level="INFO">HANDLE::&lt;class 'NoneType'&gt;::None</msg>
<arg>action=ACCEPT</arg>
<doc>Handles the current alert and returns its message.</doc>
<status status="PASS" start="2025-11-21T19:17:31.297237" elapsed="0.942404"/>
</kw>
<kw name="Sleep" owner="BuiltIn">
<msg time="2025-11-21T19:17:33.242793" level="INFO">Slept 1 second.</msg>
<arg>1s</arg>
<doc>Pauses the test executed for the given time.</doc>
<status status="PASS" start="2025-11-21T19:17:32.241764" elapsed="1.002322"/>
</kw>
<status status="PASS" start="2025-11-21T19:17:24.547024" elapsed="8.698853"/>
</kw>
<kw name="Remove From Cart" owner="resources">
<kw name="Open Cart Page" owner="resources">
<kw name="Wait Until Page Contains Element" owner="SeleniumLibrary">
<arg>${cartButton}</arg>
<arg>timeout=80</arg>
<arg>error=openCartPageButtonNotFound</arg>
<doc>Waits until the element ``locator`` appears on the current page.</doc>
<status status="PASS" start="2025-11-21T19:17:33.248551" elapsed="0.181163"/>
</kw>
<kw name="Sleep" owner="BuiltIn">
<msg time="2025-11-21T19:17:34.432487" level="INFO">Slept 1 second.</msg>
<arg>1s</arg>
<doc>Pauses the test executed for the given time.</doc>
<status status="PASS" start="2025-11-21T19:17:33.431605" elapsed="1.002165"/>
</kw>
<kw name="Click Element" owner="SeleniumLibrary">
<msg time="2025-11-21T19:17:34.436461" level="INFO">Clicking element '//*[@id="cartur"]'.</msg>
<arg>${cartButton}</arg>
<doc>Click the element identified by ``locator``.</doc>
<status status="PASS" start="2025-11-21T19:17:34.435620" elapsed="1.354245"/>
</kw>
<kw name="Sleep" owner="BuiltIn">
<msg time="2025-11-21T19:17:37.792623" level="INFO">Slept 2 seconds.</msg>
<arg>2s</arg>
<doc>Pauses the test executed for the given time.</doc>
<status status="PASS" start="2025-11-21T19:17:35.791773" elapsed="2.004047"/>
</kw>
<status status="PASS" start="2025-11-21T19:17:33.247734" elapsed="4.552302"/>
</kw>
<kw name="Wait Until Page Contains Element" owner="SeleniumLibrary">
<arg>${removeFromCartButton}</arg>
<arg>timeout=80</arg>
<arg>error=removeButtonNotFound</arg>
<doc>Waits until the element ``locator`` appears on the current page.</doc>
<status status="PASS" start="2025-11-21T19:17:37.801792" elapsed="0.239195"/>
</kw>
<kw name="Sleep" owner="BuiltIn">
<msg time="2025-11-21T19:17:39.043820" level="INFO">Slept 1 second.</msg>
<arg>1s</arg>
<doc>Pauses the test executed for the given time.</doc>
<status status="PASS" start="2025-11-21T19:17:38.042857" elapsed="1.002259"/>
</kw>
<kw name="Click Element" owner="SeleniumLibrary">
<msg time="2025-11-21T19:17:39.047810" level="INFO">Clicking element '//tbody[@id="tbodyid"]//a[text()="Delete"]'.</msg>
<arg>${removeFromCartButton}</arg>
<doc>Click the element identified by ``locator``.</doc>
<status status="PASS" start="2025-11-21T19:17:39.046972" elapsed="0.596527"/>
</kw>
<kw name="Sleep" owner="BuiltIn">
<msg time="2025-11-21T19:17:41.646356" level="INFO">Slept 2 seconds.</msg>
<arg>2s</arg>
<doc>Pauses the test executed for the given time.</doc>
<status status="PASS" start="2025-11-21T19:17:39.645378" elapsed="2.002258"/>
</kw>
<kw name="Page Should Contain Element" owner="SeleniumLibrary">
<msg time="2025-11-21T19:17:41.889565" level="INFO">Current page contains element '//*[@id="tbodyid" and not (*)]'.</msg>
<arg>${removedElement}</arg>
<doc>Verifies that element ``locator`` is found on the current page.</doc>
<status status="PASS" start="2025-11-21T19:17:41.649506" elapsed="0.241273"/>
</kw>
<kw name="Sleep" owner="BuiltIn">
<msg time="2025-11-21T19:17:43.893522" level="INFO">Slept 2 seconds.</msg>
<arg>2s</arg>
<doc>Pauses the test executed for the given time.</doc>
<status status="PASS" start="2025-11-21T19:17:41.892623" elapsed="2.002545"/>
</kw>
<status status="PASS" start="2025-11-21T19:17:33.246750" elapsed="10.650256"/>
</kw>
<status status="PASS" start="2025-11-21T19:17:24.544396" elapsed="19.353404"/>
</test>
<kw name="Close Browser Custom" owner="resources" type="TEARDOWN">
<kw name="Close All Browsers" owner="SeleniumLibrary">
<doc>Closes all open browsers and resets the browser cache.</doc>
<status status="PASS" start="2025-11-21T19:17:44.854415" elapsed="1.513959"/>
</kw>
<status status="PASS" start="2025-11-21T19:17:44.852258" elapsed="1.516946"/>
</kw>
<status status="PASS" start="2025-11-21T19:16:03.187487" elapsed="103.183359"/>
</suite>
<doc>[https://pabot.org/?ref=log|Pabot] result from 3 executions.</doc>
<status status="PASS" start="2025-11-21T19:16:03.187000" elapsed="105.761000"/>
</suite>
<statistics>
<total>
<stat pass="12" fail="0" skip="0">All Tests</stat>
</total>
<tag>
</tag>
<suite>
<stat name="Suites" id="s1" pass="12" fail="0" skip="0">Suites</stat>
<stat name="Test Windows, 10, Chrome, 120.0" id="s1-s1" pass="4" fail="0" skip="0">Suites.Test Windows, 10, Chrome, 120.0</stat>
<stat name="Test OS X, Tahoe, Safari, 26.0" id="s1-s2" pass="4" fail="0" skip="0">Suites.Test OS X, Tahoe, Safari, 26.0</stat>
<stat name="Test Windows, 11, Firefox, latest" id="s1-s3" pass="4" fail="0" skip="0">Suites.Test Windows, 11, Firefox, latest</stat>
</suite>
</statistics>
<errors>
</errors>
</robot>
