<robot generator="Robot 7.3.2 (Python 3.12.12 on linux)" generated="2025-11-21T19:16:03.184444" rpa="false" schemaversion="5">
<statistics>
<total>
<stat pass="4" fail="0" skip="0">All Tests</stat>
</total>
<tag>
</tag>
<suite>
<stat name="Test" id="s1" pass="4" fail="0" skip="0">Test</stat>
</suite>
</statistics>
<suite name="Suites" id="s0"><suite id="s1" name="Test Windows, 11, Firefox, latest" source="/app/testCases/test.robot">
<kw name="Open Browser And Maximize" owner="resources" type="SETUP">
<kw name="Evaluate" owner="BuiltIn">
<msg time="2025-11-21T19:16:03.292309" level="INFO">${caps} = {}</msg>
<var>${caps}</var>
<arg>{}</arg>
<doc>Evaluates the given expression in Python and returns the result.</doc>
<status status="PASS" start="2025-11-21T19:16:03.291267" elapsed="0.002244" />
</kw>
<kw name="Create Webdriver" owner="SeleniumLibrary">
<msg time="2025-11-21T19:16:03.295947" level="INFO">Creating an instance of the Remote WebDriver.</msg>
<msg time="2025-11-21T19:16:03.300326" level="INFO">Completed setup!</msg>
<arg>Remote</arg>
<arg>command_executor=http://localhost:4444/wd/hub</arg>
<arg>desired_capabilities=${caps}</arg>
<doc>Creates an instance of Selenium WebDriver.</doc>
<status status="PASS" start="2025-11-21T19:16:03.294421" elapsed="21.809334" />
</kw>
<kw name="Go To" owner="SeleniumLibrary">
<msg time="2025-11-21T19:16:25.105668" level="INFO">Opening url 'https://www.demoblaze.com/'</msg>
<arg>${baseUrl}</arg>
<doc>Navigates the current browser window to the provided ``url``.</doc>
<status status="PASS" start="2025-11-21T19:16:25.104772" elapsed="0.990238" />
</kw>
<kw name="Maximize Browser Window" owner="SeleniumLibrary">
<doc>Maximizes current browser window.</doc>
<status status="PASS" start="2025-11-21T19:16:26.096200" elapsed="0.797030" />
</kw>
<status status="PASS" start="2025-11-21T19:16:03.288227" elapsed="23.605885" />
</kw>
<test id="s1-t1" name="LOGIN_TEST" line="9">
<kw name="Sign Up" owner="resources">
<kw name="Wait Until Page Contains Element" owner="SeleniumLibrary">
<arg>${signUpButton}</arg>
<arg>timeout=80</arg>
<arg>error=logInButtonNotFound</arg>
<doc>Waits until the element ``locator`` appears on the current page.</doc>
<status status="PASS" start="2025-11-21T19:16:26.899541" elapsed="0.264711" />
</kw>
<kw name="Sleep" owner="BuiltIn">
<msg time="2025-11-21T19:16:28.167206" level="INFO">Slept 1 second.</msg>
<arg>1s</arg>
<doc>Pauses the test executed for the given time.</doc>
<status status="PASS" start="2025-11-21T19:16:27.166187" elapsed="1.002381" />
</kw>
<kw name="Click Element" owner="SeleniumLibrary">
<msg time="2025-11-21T19:16:28.171252" level="INFO">Clicking element '//*[@id="signin2"]'.</msg>
<arg>${signUpButton}</arg>
<doc>Click the element identified by ``locator``.</doc>
<status status="PASS" start="2025-11-21T19:16:28.170422" elapsed="0.891393" />
</kw>
<kw name="Wait Until Page Contains Element" owner="SeleniumLibrary">
<arg>${signUpUsername}</arg>
<arg>timeout=80</arg>
<arg>error=logInButtonNotFound</arg>
<doc>Waits until the element ``locator`` appears on the current page.</doc>
<status status="PASS" start="2025-11-21T19:16:29.063752" elapsed="0.534602" />
</kw>
<kw name="Sleep" owner="BuiltIn">
<msg time="2025-11-21T19:16:30.605060" level="INFO">Slept 1 second.</msg>
<arg>1s</arg>
<doc>Pauses the test executed for the given time.</doc>
<status status="PASS" start="2025-11-21T19:16:29.602976" elapsed="1.004216" />
</kw>
<kw name="Input Text" owner="SeleniumLibrary">
<msg time="2025-11-21T19:16:30.612813" level="INFO">Typing text 'testing1996_r2s1_az7zb5' into text field '//*[@id="sign-username"]'.</msg>
<arg>${signUpUsername}</arg>
<arg>${login}</arg>
<doc>Types the given ``text`` into the text field identified by ``locator``.</doc>
<status status="PASS" start="2025-11-21T19:16:30.610649" elapsed="0.655981" />
</kw>
<kw name="Sleep" owner="BuiltIn">
<msg time="2025-11-21T19:16:31.769930" level="INFO">Slept 500 milliseconds.</msg>
<arg>0.5s</arg>
<doc>Pauses the test executed for the given time.</doc>
<status status="PASS" start="2025-11-21T19:16:31.268980" elapsed="0.502401" />
</kw>
<kw name="Input Password" owner="SeleniumLibrary">
<msg time="2025-11-21T19:16:31.774107" level="INFO">Typing password into text field '//*[@id="sign-password"]'.</msg>
<msg time="2025-11-21T19:16:32.393549" level="INFO">Temporally setting log level to: NONE</msg>
<arg>${signUpPassword}</arg>
<arg>${password}</arg>
<doc>Types the given password into the text field identified by ``locator``.</doc>
<status status="PASS" start="2025-11-21T19:16:31.773229" elapsed="1.249728" />
</kw>
<kw name="Sleep" owner="BuiltIn">
<msg time="2025-11-21T19:16:33.526103" level="INFO">Slept 500 milliseconds.</msg>
<arg>0.5s</arg>
<doc>Pauses the test executed for the given time.</doc>
<status status="PASS" start="2025-11-21T19:16:33.025130" elapsed="0.502304" />
</kw>
<kw name="Click Element" owner="SeleniumLibrary">
<msg time="2025-11-21T19:16:33.530363" level="INFO">Clicking element '//*[@id="signInModal"]/div/div/div[3]/button[2]'.</msg>
<arg>${signUpFormButton}</arg>
<doc>Click the element identified by ``locator``.</doc>
<status status="PASS" start="2025-11-21T19:16:33.529477" elapsed="0.480076" />
</kw>
<kw name="Sleep" owner="BuiltIn">
<msg time="2025-11-21T19:16:36.012593" level="INFO">Slept 2 seconds.</msg>
<arg>2s</arg>
<doc>Pauses the test executed for the given time.</doc>
<status status="PASS" start="2025-11-21T19:16:34.011598" elapsed="2.002267" />
</kw>
<kw name="Handle Alert" owner="SeleniumLibrary">
<msg time="2025-11-21T19:16:36.016505" level="INFO">HANDLE::&lt;class 'NoneType'&gt;::None</msg>
<arg>action=ACCEPT</arg>
<doc>Handles the current alert and returns its message.</doc>
<status status="PASS" start="2025-11-21T19:16:36.015749" elapsed="0.696851" />
</kw>
<kw name="Sleep" owner="BuiltIn">
<msg time="2025-11-21T19:16:37.715466" level="INFO">Slept 1 second.</msg>
<arg>1s</arg>
<doc>Pauses the test executed for the given time.</doc>
<status status="PASS" start="2025-11-21T19:16:36.714499" elapsed="1.002253" />
</kw>
<status status="PASS" start="2025-11-21T19:16:26.898550" elapsed="10.819992" />
</kw>
<kw name="Log in" owner="resources">
<kw name="Wait Until Page Contains Element" owner="SeleniumLibrary">
<arg>${logInButton}</arg>
<arg>timeout=80</arg>
<arg>error=logInButtonNotFound</arg>
<doc>Waits until the element ``locator`` appears on the current page.</doc>
<status status="PASS" start="2025-11-21T19:16:37.720336" elapsed="0.431542" />
</kw>
<kw name="Sleep" owner="BuiltIn">
<msg time="2025-11-21T19:16:39.154601" level="INFO">Slept 1 second.</msg>
<arg>1s</arg>
<doc>Pauses the test executed for the given time.</doc>
<status status="PASS" start="2025-11-21T19:16:38.153743" elapsed="1.002112" />
</kw>
<kw name="Click Element" owner="SeleniumLibrary">
<msg time="2025-11-21T19:16:39.158565" level="INFO">Clicking element '//*[@id="login2"]'.</msg>
<arg>${logInButton}</arg>
<doc>Click the element identified by ``locator``.</doc>
<status status="PASS" start="2025-11-21T19:16:39.157717" elapsed="0.442803" />
</kw>
<kw name="Wait Until Page Contains Element" owner="SeleniumLibrary">
<arg>${loginUsernameField}</arg>
<arg>timeout=80</arg>
<arg>error=logInButtonNotFound</arg>
<doc>Waits until the element ``locator`` appears on the current page.</doc>
<status status="PASS" start="2025-11-21T19:16:39.602455" elapsed="0.253680" />
</kw>
<kw name="Sleep" owner="BuiltIn">
<msg time="2025-11-21T19:16:40.859083" level="INFO">Slept 1 second.</msg>
<arg>1s</arg>
<doc>Pauses the test executed for the given time.</doc>
<status status="PASS" start="2025-11-21T19:16:39.858048" elapsed="1.002361" />
</kw>
<kw name="Input Text" owner="SeleniumLibrary">
<msg time="2025-11-21T19:16:40.863175" level="INFO">Typing text 'testing1996_r2s1_az7zb5' into text field '//*[@id="loginusername"]'.</msg>
<arg>${loginUsernameField}</arg>
<arg>${login}</arg>
<doc>Types the given ``text`` into the text field identified by ``locator``.</doc>
<status status="PASS" start="2025-11-21T19:16:40.862259" elapsed="0.570403" />
</kw>
<kw name="Input Password" owner="SeleniumLibrary">
<msg time="2025-11-21T19:16:41.435451" level="INFO">Typing password into text field '//*[@id="loginpassword"]'.</msg>
<msg time="2025-11-21T19:16:41.839811" level="INFO">Temporally setting log level to: NONE</msg>
<arg>${loginPasswordField}</arg>
<arg>${password}</arg>
<doc>Types the given password into the text field identified by ``locator``.</doc>
<status status="PASS" start="2025-11-21T19:16:41.434577" elapsed="0.582922" />
</kw>
<kw name="Sleep" owner="BuiltIn">
<msg time="2025-11-21T19:16:43.022865" level="INFO">Slept 1 second.</msg>
<arg>1s</arg>
<doc>Pauses the test executed for the given time.</doc>
<status status="PASS" start="2025-11-21T19:16:42.021577" elapsed="1.002911" />
</kw>
<kw name="Click Element" owner="SeleniumLibrary">
<msg time="2025-11-21T19:16:43.028772" level="INFO">Clicking element '//*[@id="logInModal"]/div/div/div[3]/button[2]'.</msg>
<arg>${logInFormButton}</arg>
<doc>Click the element identified by ``locator``.</doc>
<status status="PASS" start="2025-11-21T19:16:43.027334" elapsed="0.608782" />
</kw>
<kw name="Sleep" owner="BuiltIn">
<msg time="2025-11-21T19:16:45.639913" level="INFO">Slept 2 seconds.</msg>
<arg>2s</arg>
<doc>Pauses the test executed for the given time.</doc>
<status status="PASS" start="2025-11-21T19:16:43.639048" elapsed="2.002296" />
</kw>
<status status="PASS" start="2025-11-21T19:16:37.719406" elapsed="7.924054" />
</kw>
<status status="PASS" start="2025-11-21T19:16:26.895806" elapsed="18.748504" />
</test>
<test id="s1-t2" name="LOGOUT_TEST" line="13">
<kw name="Log Out" owner="resources">
<kw name="Wait Until Page Contains Element" owner="SeleniumLibrary">
<arg>${logOutButton}</arg>
<arg>timeout=80</arg>
<arg>error=logOutButtonNotFound</arg>
<doc>Waits until the element ``locator`` appears on the current page.</doc>
<status status="PASS" start="2025-11-21T19:16:46.715783" elapsed="0.250045" />
</kw>
<kw name="Sleep" owner="BuiltIn">
<msg time="2025-11-21T19:16:51.968548" level="INFO">Slept 5 seconds.</msg>
<arg>5s</arg>
<doc>Pauses the test executed for the given time.</doc>
<status status="PASS" start="2025-11-21T19:16:46.967674" elapsed="5.002185" />
</kw>
<kw name="Click Element" owner="SeleniumLibrary">
<msg time="2025-11-21T19:16:51.972548" level="INFO">Clicking element '//*[@id="logout2"]'.</msg>
<arg>${logOutButton}</arg>
<doc>Click the element identified by ``locator``.</doc>
<status status="PASS" start="2025-11-21T19:16:51.971718" elapsed="0.967982" />
</kw>
<kw name="Sleep" owner="BuiltIn">
<msg time="2025-11-21T19:16:54.942379" level="INFO">Slept 2 seconds.</msg>
<arg>2s</arg>
<doc>Pauses the test executed for the given time.</doc>
<status status="PASS" start="2025-11-21T19:16:52.941572" elapsed="2.002040" />
</kw>
<status status="PASS" start="2025-11-21T19:16:46.714519" elapsed="8.230841" />
</kw>
<status status="PASS" start="2025-11-21T19:16:46.711932" elapsed="8.234167" />
</test>
<test id="s1-t3" name="BUY_PRODUCT_TEST" line="16">
<kw name="Add To Cart" owner="resources">
<kw name="Wait Until Page Contains Element" owner="SeleniumLibrary">
<arg>${openProductPageButton}</arg>
<arg>timeout=80</arg>
<arg>error=openProductPageButtonNotFound</arg>
<doc>Waits until the element ``locator`` appears on the current page.</doc>
<status status="PASS" start="2025-11-21T19:16:55.816758" elapsed="0.243950" />
</kw>
<kw name="Sleep" owner="BuiltIn">
<msg time="2025-11-21T19:16:57.063466" level="INFO">Slept 1 second.</msg>
<arg>1s</arg>
<doc>Pauses the test executed for the given time.</doc>
<status status="PASS" start="2025-11-21T19:16:56.062599" elapsed="1.002155" />
</kw>
<kw name="Click Element" owner="SeleniumLibrary">
<msg time="2025-11-21T19:16:57.067471" level="INFO">Clicking element '//*[@id="tbodyid"]/div[3]/div/div/h4/a'.</msg>
<arg>${openProductPageButton}</arg>
<doc>Click the element identified by ``locator``.</doc>
<status status="PASS" start="2025-11-21T19:16:57.066603" elapsed="0.980648" />
</kw>
<kw name="Sleep" owner="BuiltIn">
<msg time="2025-11-21T19:17:00.050132" level="INFO">Slept 2 seconds.</msg>
<arg>2s</arg>
<doc>Pauses the test executed for the given time.</doc>
<status status="PASS" start="2025-11-21T19:16:58.049177" elapsed="2.002252" />
</kw>
<kw name="Click Element" owner="SeleniumLibrary">
<msg time="2025-11-21T19:17:00.054129" level="INFO">Clicking element '//*[@class="btn btn-success btn-lg"]'.</msg>
<arg>${addToCartButton}</arg>
<doc>Click the element identified by ``locator``.</doc>
<status status="PASS" start="2025-11-21T19:17:00.053299" elapsed="0.426302" />
</kw>
<kw name="Sleep" owner="BuiltIn">
<msg time="2025-11-21T19:17:02.482444" level="INFO">Slept 2 seconds.</msg>
<arg>2s</arg>
<doc>Pauses the test executed for the given time.</doc>
<status status="PASS" start="2025-11-21T19:17:00.481537" elapsed="2.002184" />
</kw>
<kw name="Handle Alert" owner="SeleniumLibrary">
<msg time="2025-11-21T19:17:02.486356" level="INFO">HANDLE::&lt;class 'NoneType'&gt;::None</msg>
<arg>action=ACCEPT</arg>
<doc>Handles the current alert and returns its message.</doc>
<status status="PASS" start="2025-11-21T19:17:02.485596" elapsed="0.498833" />
</kw>
<kw name="Sleep" owner="BuiltIn">
<msg time="2025-11-21T19:17:03.987294" level="INFO">Slept 1 second.</msg>
<arg>1s</arg>
<doc>Pauses the test executed for the given time.</doc>
<status status="PASS" start="2025-11-21T19:17:02.986312" elapsed="1.002257" />
</kw>
<status status="PASS" start="2025-11-21T19:16:55.815817" elapsed="8.174513" />
</kw>
<kw name="Open Cart Page" owner="resources">
<kw name="Wait Until Page Contains Element" owner="SeleniumLibrary">
<arg>${cartButton}</arg>
<arg>timeout=80</arg>
<arg>error=openCartPageButtonNotFound</arg>
<doc>Waits until the element ``locator`` appears on the current page.</doc>
<status status="PASS" start="2025-11-21T19:17:03.992088" elapsed="0.196773" />
</kw>
<kw name="Sleep" owner="BuiltIn">
<msg time="2025-11-21T19:17:05.191668" level="INFO">Slept 1 second.</msg>
<arg>1s</arg>
<doc>Pauses the test executed for the given time.</doc>
<status status="PASS" start="2025-11-21T19:17:04.190747" elapsed="1.002518" />
</kw>
<kw name="Click Element" owner="SeleniumLibrary">
<msg time="2025-11-21T19:17:05.196556" level="INFO">Clicking element '//*[@id="cartur"]'.</msg>
<arg>${cartButton}</arg>
<doc>Click the element identified by ``locator``.</doc>
<status status="PASS" start="2025-11-21T19:17:05.195561" elapsed="0.944929" />
</kw>
<kw name="Sleep" owner="BuiltIn">
<msg time="2025-11-21T19:17:08.143339" level="INFO">Slept 2 seconds.</msg>
<arg>2s</arg>
<doc>Pauses the test executed for the given time.</doc>
<status status="PASS" start="2025-11-21T19:17:06.142384" elapsed="2.002363" />
</kw>
<status status="PASS" start="2025-11-21T19:17:03.991153" elapsed="4.155455" />
</kw>
<kw name="Buy Product" owner="resources">
<kw name="Wait Until Page Contains Element" owner="SeleniumLibrary">
<arg>${orderButton}</arg>
<arg>timeout=80</arg>
<arg>error=orderButtonNotFound</arg>
<doc>Waits until the element ``locator`` appears on the current page.</doc>
<status status="PASS" start="2025-11-21T19:17:08.148678" elapsed="0.156883" />
</kw>
<kw name="Click Element" owner="SeleniumLibrary">
<msg time="2025-11-21T19:17:08.308411" level="INFO">Clicking element '//*[@class="btn btn-success"]'.</msg>
<arg>${orderButton}</arg>
<doc>Click the element identified by ``locator``.</doc>
<status status="PASS" start="2025-11-21T19:17:08.307573" elapsed="0.451003" />
</kw>
<kw name="Sleep" owner="BuiltIn">
<msg time="2025-11-21T19:17:10.761358" level="INFO">Slept 2 seconds.</msg>
<arg>2s</arg>
<doc>Pauses the test executed for the given time.</doc>
<status status="PASS" start="2025-11-21T19:17:08.760483" elapsed="2.002210" />
</kw>
<kw name="Wait Until Page Contains Element" owner="SeleniumLibrary">
<arg>${orderFormModal}</arg>
<arg>timeout=80</arg>
<arg>error=orderFormModalNotFound</arg>
<doc>Waits until the element ``locator`` appears on the current page.</doc>
<status status="PASS" start="2025-11-21T19:17:10.764577" elapsed="0.187879" />
</kw>
<kw name="Sleep" owner="BuiltIn">
<msg time="2025-11-21T19:17:11.955232" level="INFO">Slept 1 second.</msg>
<arg>1s</arg>
<doc>Pauses the test executed for the given time.</doc>
<status status="PASS" start="2025-11-21T19:17:10.954322" elapsed="1.002210" />
</kw>
<kw name="Input Text" owner="SeleniumLibrary">
<msg time="2025-11-21T19:17:11.959319" level="INFO">Typing text 'John' into text field '//*[@id="name"]'.</msg>
<arg>${orderFormNameField}</arg>
<arg>${orderFormNameValue}</arg>
<doc>Types the given ``text`` into the text field identified by ``locator``.</doc>
<status status="PASS" start="2025-11-21T19:17:11.958406" elapsed="0.594153" />
</kw>
<kw name="Sleep" owner="BuiltIn">
<msg time="2025-11-21T19:17:12.805450" level="INFO">Slept 250 milliseconds.</msg>
<arg>0.25s</arg>
<doc>Pauses the test executed for the given time.</doc>
<status status="PASS" start="2025-11-21T19:17:12.554532" elapsed="0.252192" />
</kw>
<kw name="Input Text" owner="SeleniumLibrary">
<msg time="2025-11-21T19:17:12.809457" level="INFO">Typing text 'New Zeland' into text field '//*[@id="country"]'.</msg>
<arg>${orderFormCountryField}</arg>
<arg>${orderFormCountryValue}</arg>
<doc>Types the given ``text`` into the text field identified by ``locator``.</doc>
<status status="PASS" start="2025-11-21T19:17:12.808566" elapsed="0.624386" />
</kw>
<kw name="Sleep" owner="BuiltIn">
<msg time="2025-11-21T19:17:13.685889" level="INFO">Slept 250 milliseconds.</msg>
<arg>0.25s</arg>
<doc>Pauses the test executed for the given time.</doc>
<status status="PASS" start="2025-11-21T19:17:13.434877" elapsed="0.252323" />
</kw>
<kw name="Input Text" owner="SeleniumLibrary">
<msg time="2025-11-21T19:17:13.690000" level="INFO">Typing text 'Wellington' into text field '//*[@id="city"]'.</msg>
<arg>${orderFormCityField}</arg>
<arg>${orderFormCityValue}</arg>
<doc>Types the given ``text`` into the text field identified by ``locator``.</doc>
<status status="PASS" start="2025-11-21T19:17:13.689053" elapsed="0.636636" />
</kw>
<kw name="Sleep" owner="BuiltIn">
<msg time="2025-11-21T19:17:14.578486" level="INFO">Slept 250 milliseconds.</msg>
<arg>0.25s</arg>
<doc>Pauses the test executed for the given time.</doc>
<status status="PASS" start="2025-11-21T19:17:14.327599" elapsed="0.252207" />
</kw>
<kw name="Input Text" owner="SeleniumLibrary">
<msg time="2025-11-21T19:17:14.582526" level="INFO">Typing text '5130290000000009' into text field '//*[@id="card"]'.</msg>
<arg>${orderFormCreditCardField}</arg>
<arg>${orderFormCreditCardValue}</arg>
<doc>Types the given ``text`` into the text field identified by ``locator``.</doc>
<status status="PASS" start="2025-11-21T19:17:14.581652" elapsed="0.650315" />
</kw>
<kw name="Sleep" owner="BuiltIn">
<msg time="2025-11-21T19:17:15.484816" level="INFO">Slept 250 milliseconds.</msg>
<arg>0.25s</arg>
<doc>Pauses the test executed for the given time.</doc>
<status status="PASS" start="2025-11-21T19:17:15.233856" elapsed="0.252247" />
</kw>
<kw name="Input Text" owner="SeleniumLibrary">
<msg time="2025-11-21T19:17:15.488805" level="INFO">Typing text 'November' into text field '//*[@id="month"]'.</msg>
<arg>${orderFormMonthField}</arg>
<arg>${orderFormMonthValue}</arg>
<doc>Types the given ``text`` into the text field identified by ``locator``.</doc>
<status status="PASS" start="2025-11-21T19:17:15.487928" elapsed="0.562538" />
</kw>
<kw name="Sleep" owner="BuiltIn">
<msg time="2025-11-21T19:17:16.303458" level="INFO">Slept 250 milliseconds.</msg>
<arg>0.25s</arg>
<doc>Pauses the test executed for the given time.</doc>
<status status="PASS" start="2025-11-21T19:17:16.052454" elapsed="0.252280" />
</kw>
<kw name="Input Text" owner="SeleniumLibrary">
<msg time="2025-11-21T19:17:16.307447" level="INFO">Typing text '2025' into text field '//*[@id="year"]'.</msg>
<arg>${orderFormYearField}</arg>
<arg>${orderFormYearValue}</arg>
<doc>Types the given ``text`` into the text field identified by ``locator``.</doc>
<status status="PASS" start="2025-11-21T19:17:16.306569" elapsed="0.763149" />
</kw>
<kw name="Sleep" owner="BuiltIn">
<msg time="2025-11-21T19:17:17.322524" level="INFO">Slept 250 milliseconds.</msg>
<arg>0.25s</arg>
<doc>Pauses the test executed for the given time.</doc>
<status status="PASS" start="2025-11-21T19:17:17.071645" elapsed="0.252210" />
</kw>
<kw name="Wait Until Element Is Visible" owner="SeleniumLibrary">
<arg>${purchaseButton}</arg>
<arg>timeout=5s</arg>
<doc>Waits until the element ``locator`` is visible.</doc>
<status status="PASS" start="2025-11-21T19:17:17.325681" elapsed="0.868492" />
</kw>
<kw name="Sleep" owner="BuiltIn">
<msg time="2025-11-21T19:17:19.199071" level="INFO">Slept 1 second.</msg>
<arg>1s</arg>
<doc>Pauses the test executed for the given time.</doc>
<status status="PASS" start="2025-11-21T19:17:18.197498" elapsed="1.002867" />
</kw>
<kw name="Click Element" owner="SeleniumLibrary">
<msg time="2025-11-21T19:17:19.203087" level="INFO">Clicking element '//button[contains(text(), "Purchase")]'.</msg>
<arg>${purchaseButton}</arg>
<doc>Click the element identified by ``locator``.</doc>
<status status="PASS" start="2025-11-21T19:17:19.202237" elapsed="0.454442" />
</kw>
<kw name="Wait Until Page Contains Element" owner="SeleniumLibrary">
<arg>${purchaseSuccessButton}</arg>
<arg>timeout=80</arg>
<arg>error=purchaseFormIsNotValid</arg>
<doc>Waits until the element ``locator`` appears on the current page.</doc>
<status status="PASS" start="2025-11-21T19:17:19.658620" elapsed="0.167232" />
</kw>
<kw name="Sleep" owner="BuiltIn">
<msg time="2025-11-21T19:17:20.828691" level="INFO">Slept 1 second.</msg>
<arg>1s</arg>
<doc>Pauses the test executed for the given time.</doc>
<status status="PASS" start="2025-11-21T19:17:19.827780" elapsed="1.002201" />
</kw>
<kw name="Click Element" owner="SeleniumLibrary">
<msg time="2025-11-21T19:17:20.832797" level="INFO">Clicking element '//*[@class="sa-confirm-button-container"]/button'.</msg>
<arg>${purchaseSuccessButton}</arg>
<doc>Click the element identified by ``locator``.</doc>
<status status="PASS" start="2025-11-21T19:17:20.831918" elapsed="0.872714" />
</kw>
<kw name="Sleep" owner="BuiltIn">
<msg time="2025-11-21T19:17:23.707477" level="INFO">Slept 2 seconds.</msg>
<arg>2s</arg>
<doc>Pauses the test executed for the given time.</doc>
<status status="PASS" start="2025-11-21T19:17:21.706556" elapsed="2.002249" />
</kw>
<status status="PASS" start="2025-11-21T19:17:08.147553" elapsed="15.563113" />
</kw>
<status status="PASS" start="2025-11-21T19:16:55.813341" elapsed="27.898130" />
</test>
<test id="s1-t4" name="REMOVE_FROM_CART_TEST" line="21">
<kw name="Add To Cart" owner="resources">
<kw name="Wait Until Page Contains Element" owner="SeleniumLibrary">
<arg>${openProductPageButton}</arg>
<arg>timeout=80</arg>
<arg>error=openProductPageButtonNotFound</arg>
<doc>Waits until the element ``locator`` appears on the current page.</doc>
<status status="PASS" start="2025-11-21T19:17:24.547980" elapsed="0.221531" />
</kw>
<kw name="Sleep" owner="BuiltIn">
<msg time="2025-11-21T19:17:25.772429" level="INFO">Slept 1 second.</msg>
<arg>1s</arg>
<doc>Pauses the test executed for the given time.</doc>
<status status="PASS" start="2025-11-21T19:17:24.771471" elapsed="1.002289" />
</kw>
<kw name="Click Element" owner="SeleniumLibrary">
<msg time="2025-11-21T19:17:25.776498" level="INFO">Clicking element '//*[@id="tbodyid"]/div[3]/div/div/h4/a'.</msg>
<arg>${openProductPageButton}</arg>
<doc>Click the element identified by ``locator``.</doc>
<status status="PASS" start="2025-11-21T19:17:25.775648" elapsed="0.889273" />
</kw>
<kw name="Sleep" owner="BuiltIn">
<msg time="2025-11-21T19:17:28.667802" level="INFO">Slept 2 seconds.</msg>
<arg>2s</arg>
<doc>Pauses the test executed for the given time.</doc>
<status status="PASS" start="2025-11-21T19:17:26.666916" elapsed="2.002214" />
</kw>
<kw name="Click Element" owner="SeleniumLibrary">
<msg time="2025-11-21T19:17:28.671859" level="INFO">Clicking element '//*[@class="btn btn-success btn-lg"]'.</msg>
<arg>${addToCartButton}</arg>
<doc>Click the element identified by ``locator``.</doc>
<status status="PASS" start="2025-11-21T19:17:28.671004" elapsed="0.620217" />
</kw>
<kw name="Sleep" owner="BuiltIn">
<msg time="2025-11-21T19:17:31.294061" level="INFO">Slept 2 seconds.</msg>
<arg>2s</arg>
<doc>Pauses the test executed for the given time.</doc>
<status status="PASS" start="2025-11-21T19:17:29.293143" elapsed="2.002212" />
</kw>
<kw name="Handle Alert" owner="SeleniumLibrary">
<msg time="2025-11-21T19:17:31.298015" level="INFO">HANDLE::&lt;class 'NoneType'&gt;::None</msg>
<arg>action=ACCEPT</arg>
<doc>Handles the current alert and returns its message.</doc>
<status status="PASS" start="2025-11-21T19:17:31.297237" elapsed="0.942404" />
</kw>
<kw name="Sleep" owner="BuiltIn">
<msg time="2025-11-21T19:17:33.242793" level="INFO">Slept 1 second.</msg>
<arg>1s</arg>
<doc>Pauses the test executed for the given time.</doc>
<status status="PASS" start="2025-11-21T19:17:32.241764" elapsed="1.002322" />
</kw>
<status status="PASS" start="2025-11-21T19:17:24.547024" elapsed="8.698853" />
</kw>
<kw name="Remove From Cart" owner="resources">
<kw name="Open Cart Page" owner="resources">
<kw name="Wait Until Page Contains Element" owner="SeleniumLibrary">
<arg>${cartButton}</arg>
<arg>timeout=80</arg>
<arg>error=openCartPageButtonNotFound</arg>
<doc>Waits until the element ``locator`` appears on the current page.</doc>
<status status="PASS" start="2025-11-21T19:17:33.248551" elapsed="0.181163" />
</kw>
<kw name="Sleep" owner="BuiltIn">
<msg time="2025-11-21T19:17:34.432487" level="INFO">Slept 1 second.</msg>
<arg>1s</arg>
<doc>Pauses the test executed for the given time.</doc>
<status status="PASS" start="2025-11-21T19:17:33.431605" elapsed="1.002165" />
</kw>
<kw name="Click Element" owner="SeleniumLibrary">
<msg time="2025-11-21T19:17:34.436461" level="INFO">Clicking element '//*[@id="cartur"]'.</msg>
<arg>${cartButton}</arg>
<doc>Click the element identified by ``locator``.</doc>
<status status="PASS" start="2025-11-21T19:17:34.435620" elapsed="1.354245" />
</kw>
<kw name="Sleep" owner="BuiltIn">
<msg time="2025-11-21T19:17:37.792623" level="INFO">Slept 2 seconds.</msg>
<arg>2s</arg>
<doc>Pauses the test executed for the given time.</doc>
<status status="PASS" start="2025-11-21T19:17:35.791773" elapsed="2.004047" />
</kw>
<status status="PASS" start="2025-11-21T19:17:33.247734" elapsed="4.552302" />
</kw>
<kw name="Wait Until Page Contains Element" owner="SeleniumLibrary">
<arg>${removeFromCartButton}</arg>
<arg>timeout=80</arg>
<arg>error=removeButtonNotFound</arg>
<doc>Waits until the element ``locator`` appears on the current page.</doc>
<status status="PASS" start="2025-11-21T19:17:37.801792" elapsed="0.239195" />
</kw>
<kw name="Sleep" owner="BuiltIn">
<msg time="2025-11-21T19:17:39.043820" level="INFO">Slept 1 second.</msg>
<arg>1s</arg>
<doc>Pauses the test executed for the given time.</doc>
<status status="PASS" start="2025-11-21T19:17:38.042857" elapsed="1.002259" />
</kw>
<kw name="Click Element" owner="SeleniumLibrary">
<msg time="2025-11-21T19:17:39.047810" level="INFO">Clicking element '//tbody[@id="tbodyid"]//a[text()="Delete"]'.</msg>
<arg>${removeFromCartButton}</arg>
<doc>Click the element identified by ``locator``.</doc>
<status status="PASS" start="2025-11-21T19:17:39.046972" elapsed="0.596527" />
</kw>
<kw name="Sleep" owner="BuiltIn">
<msg time="2025-11-21T19:17:41.646356" level="INFO">Slept 2 seconds.</msg>
<arg>2s</arg>
<doc>Pauses the test executed for the given time.</doc>
<status status="PASS" start="2025-11-21T19:17:39.645378" elapsed="2.002258" />
</kw>
<kw name="Page Should Contain Element" owner="SeleniumLibrary">
<msg time="2025-11-21T19:17:41.889565" level="INFO">Current page contains element '//*[@id="tbodyid" and not (*)]'.</msg>
<arg>${removedElement}</arg>
<doc>Verifies that element ``locator`` is found on the current page.</doc>
<status status="PASS" start="2025-11-21T19:17:41.649506" elapsed="0.241273" />
</kw>
<kw name="Sleep" owner="BuiltIn">
<msg time="2025-11-21T19:17:43.893522" level="INFO">Slept 2 seconds.</msg>
<arg>2s</arg>
<doc>Pauses the test executed for the given time.</doc>
<status status="PASS" start="2025-11-21T19:17:41.892623" elapsed="2.002545" />
</kw>
<status status="PASS" start="2025-11-21T19:17:33.246750" elapsed="10.650256" />
</kw>
<status status="PASS" start="2025-11-21T19:17:24.544396" elapsed="19.353404" />
</test>
<kw name="Close Browser Custom" owner="resources" type="TEARDOWN">
<kw name="Close All Browsers" owner="SeleniumLibrary">
<doc>Closes all open browsers and resets the browser cache.</doc>
<status status="PASS" start="2025-11-21T19:17:44.854415" elapsed="1.513959" />
</kw>
<status status="PASS" start="2025-11-21T19:17:44.852258" elapsed="1.516946" />
</kw>
<status status="PASS" start="2025-11-21T19:16:03.187487" elapsed="103.183359" />
</suite>
<status status="PASS" start="2025-11-21T19:16:03.187487" elapsed="103.183359" />
</suite><errors>
</errors>
</robot>