<robot generator="Robot 7.3.2 (Python 3.12.3 on linux)" generated="2025-11-21T21:49:09.074099" rpa="false" schemaversion="5">
<statistics>
<total>
<stat pass="4" fail="0" skip="0">All Tests</stat>
</total>
<tag>
</tag>
<suite>
<stat name="Test" id="s1" pass="4" fail="0" skip="0">Test</stat>
</suite>
</statistics>
<suite name="Suites" id="s0"><suite id="s1" name="Test Windows, 11, Firefox, latest" source="/home/explt13/test/testingA2/testCases/test.robot">
<kw name="Open Browser And Maximize" owner="resources" type="SETUP">
<kw name="Evaluate" owner="BuiltIn">
<msg time="2025-11-21T21:49:09.169230" level="INFO">${caps} = {}</msg>
<var>${caps}</var>
<arg>{}</arg>
<doc>Evaluates the given expression in Python and returns the result.</doc>
<status status="PASS" start="2025-11-21T21:49:09.168247" elapsed="0.002102" />
</kw>
<kw name="Create Webdriver" owner="SeleniumLibrary">
<msg time="2025-11-21T21:49:09.172133" level="INFO">Creating an instance of the Remote WebDriver.</msg>
<msg time="2025-11-21T21:49:09.176077" level="INFO">Completed setup!</msg>
<arg>Remote</arg>
<arg>command_executor=http://localhost:4444/wd/hub</arg>
<arg>desired_capabilities=${caps}</arg>
<doc>Creates an instance of Selenium WebDriver.</doc>
<status status="PASS" start="2025-11-21T21:49:09.171196" elapsed="14.549183" />
</kw>
<kw name="Go To" owner="SeleniumLibrary">
<msg time="2025-11-21T21:49:23.722226" level="INFO">Opening url 'https://www.demoblaze.com/'</msg>
<arg>${baseUrl}</arg>
<doc>Navigates the current browser window to the provided ``url``.</doc>
<status status="PASS" start="2025-11-21T21:49:23.721398" elapsed="1.077646" />
</kw>
<kw name="Maximize Browser Window" owner="SeleniumLibrary">
<doc>Maximizes current browser window.</doc>
<status status="PASS" start="2025-11-21T21:49:24.799988" elapsed="0.582145" />
</kw>
<status status="PASS" start="2025-11-21T21:49:09.165422" elapsed="16.217530" />
</kw>
<test id="s1-t1" name="LOGIN_TEST" line="9">
<kw name="Sign Up" owner="resources">
<kw name="Wait Until Page Contains Element" owner="SeleniumLibrary">
<arg>${signUpButton}</arg>
<arg>timeout=80</arg>
<arg>error=logInButtonNotFound</arg>
<doc>Waits until the element ``locator`` appears on the current page.</doc>
<status status="PASS" start="2025-11-21T21:49:25.387851" elapsed="0.309769" />
</kw>
<kw name="Sleep" owner="BuiltIn">
<msg time="2025-11-21T21:49:26.700329" level="INFO">Slept 1 second.</msg>
<arg>1s</arg>
<doc>Pauses the test executed for the given time.</doc>
<status status="PASS" start="2025-11-21T21:49:25.699369" elapsed="1.002150" />
</kw>
<kw name="Click Element" owner="SeleniumLibrary">
<msg time="2025-11-21T21:49:26.704016" level="INFO">Clicking element '//*[@id="signin2"]'.</msg>
<arg>${signUpButton}</arg>
<doc>Click the element identified by ``locator``.</doc>
<status status="PASS" start="2025-11-21T21:49:26.703221" elapsed="0.704642" />
</kw>
<kw name="Wait Until Page Contains Element" owner="SeleniumLibrary">
<arg>${signUpUsername}</arg>
<arg>timeout=80</arg>
<arg>error=logInButtonNotFound</arg>
<doc>Waits until the element ``locator`` appears on the current page.</doc>
<status status="PASS" start="2025-11-21T21:49:27.409695" elapsed="0.405109" />
</kw>
<kw name="Sleep" owner="BuiltIn">
<msg time="2025-11-21T21:49:28.817399" level="INFO">Slept 1 second.</msg>
<arg>1s</arg>
<doc>Pauses the test executed for the given time.</doc>
<status status="PASS" start="2025-11-21T21:49:27.816506" elapsed="1.002114" />
</kw>
<kw name="Input Text" owner="SeleniumLibrary">
<msg time="2025-11-21T21:49:28.821138" level="INFO">Typing text 'testing1996_r2s1_ycm2a2' into text field '//*[@id="sign-username"]'.</msg>
<arg>${signUpUsername}</arg>
<arg>${login}</arg>
<doc>Types the given ``text`` into the text field identified by ``locator``.</doc>
<status status="PASS" start="2025-11-21T21:49:28.820320" elapsed="0.672293" />
</kw>
<kw name="Sleep" owner="BuiltIn">
<msg time="2025-11-21T21:49:29.995338" level="INFO">Slept 500 milliseconds.</msg>
<arg>0.5s</arg>
<doc>Pauses the test executed for the given time.</doc>
<status status="PASS" start="2025-11-21T21:49:29.494410" elapsed="0.502133" />
</kw>
<kw name="Input Password" owner="SeleniumLibrary">
<msg time="2025-11-21T21:49:29.999043" level="INFO">Typing password into text field '//*[@id="sign-password"]'.</msg>
<msg time="2025-11-21T21:49:30.374083" level="INFO">Temporally setting log level to: NONE</msg>
<arg>${signUpPassword}</arg>
<arg>${password}</arg>
<doc>Types the given password into the text field identified by ``locator``.</doc>
<status status="PASS" start="2025-11-21T21:49:29.998216" elapsed="0.555876" />
</kw>
<kw name="Sleep" owner="BuiltIn">
<msg time="2025-11-21T21:49:31.056681" level="INFO">Slept 500 milliseconds.</msg>
<arg>0.5s</arg>
<doc>Pauses the test executed for the given time.</doc>
<status status="PASS" start="2025-11-21T21:49:30.555858" elapsed="0.502098" />
</kw>
<kw name="Click Element" owner="SeleniumLibrary">
<msg time="2025-11-21T21:49:31.060449" level="INFO">Clicking element '//*[@id="signInModal"]/div/div/div[3]/button[2]'.</msg>
<arg>${signUpFormButton}</arg>
<doc>Click the element identified by ``locator``.</doc>
<status status="PASS" start="2025-11-21T21:49:31.059637" elapsed="0.443437" />
</kw>
<kw name="Sleep" owner="BuiltIn">
<msg time="2025-11-21T21:49:33.505782" level="INFO">Slept 2 seconds.</msg>
<arg>2s</arg>
<doc>Pauses the test executed for the given time.</doc>
<status status="PASS" start="2025-11-21T21:49:31.504840" elapsed="2.002116" />
</kw>
<kw name="Handle Alert" owner="SeleniumLibrary">
<msg time="2025-11-21T21:49:33.509371" level="INFO">HANDLE::&lt;class 'NoneType'&gt;::None</msg>
<arg>action=ACCEPT</arg>
<doc>Handles the current alert and returns its message.</doc>
<status status="PASS" start="2025-11-21T21:49:33.508655" elapsed="0.644403" />
</kw>
<kw name="Sleep" owner="BuiltIn">
<msg time="2025-11-21T21:49:35.155762" level="INFO">Slept 1 second.</msg>
<arg>1s</arg>
<doc>Pauses the test executed for the given time.</doc>
<status status="PASS" start="2025-11-21T21:49:34.154857" elapsed="1.002212" />
</kw>
<status status="PASS" start="2025-11-21T21:49:25.386956" elapsed="9.771823" />
</kw>
<kw name="Log in" owner="resources">
<kw name="Wait Until Page Contains Element" owner="SeleniumLibrary">
<arg>${logInButton}</arg>
<arg>timeout=80</arg>
<arg>error=logInButtonNotFound</arg>
<doc>Waits until the element ``locator`` appears on the current page.</doc>
<status status="PASS" start="2025-11-21T21:49:35.160457" elapsed="0.215785" />
</kw>
<kw name="Sleep" owner="BuiltIn">
<msg time="2025-11-21T21:49:36.378886" level="INFO">Slept 1 second.</msg>
<arg>1s</arg>
<doc>Pauses the test executed for the given time.</doc>
<status status="PASS" start="2025-11-21T21:49:35.377933" elapsed="1.002123" />
</kw>
<kw name="Click Element" owner="SeleniumLibrary">
<msg time="2025-11-21T21:49:36.382512" level="INFO">Clicking element '//*[@id="login2"]'.</msg>
<arg>${logInButton}</arg>
<doc>Click the element identified by ``locator``.</doc>
<status status="PASS" start="2025-11-21T21:49:36.381722" elapsed="0.477137" />
</kw>
<kw name="Wait Until Page Contains Element" owner="SeleniumLibrary">
<arg>${loginUsernameField}</arg>
<arg>timeout=80</arg>
<arg>error=logInButtonNotFound</arg>
<doc>Waits until the element ``locator`` appears on the current page.</doc>
<status status="PASS" start="2025-11-21T21:49:36.860605" elapsed="0.217532" />
</kw>
<kw name="Sleep" owner="BuiltIn">
<msg time="2025-11-21T21:49:38.080808" level="INFO">Slept 1 second.</msg>
<arg>1s</arg>
<doc>Pauses the test executed for the given time.</doc>
<status status="PASS" start="2025-11-21T21:49:37.079871" elapsed="1.002132" />
</kw>
<kw name="Input Text" owner="SeleniumLibrary">
<msg time="2025-11-21T21:49:38.084539" level="INFO">Typing text 'testing1996_r2s1_ycm2a2' into text field '//*[@id="loginusername"]'.</msg>
<arg>${loginUsernameField}</arg>
<arg>${login}</arg>
<doc>Types the given ``text`` into the text field identified by ``locator``.</doc>
<status status="PASS" start="2025-11-21T21:49:38.083707" elapsed="0.628673" />
</kw>
<kw name="Input Password" owner="SeleniumLibrary">
<msg time="2025-11-21T21:49:38.716875" level="INFO">Typing password into text field '//*[@id="loginpassword"]'.</msg>
<msg time="2025-11-21T21:49:39.104870" level="INFO">Temporally setting log level to: NONE</msg>
<arg>${loginPasswordField}</arg>
<arg>${password}</arg>
<doc>Types the given password into the text field identified by ``locator``.</doc>
<status status="PASS" start="2025-11-21T21:49:38.715474" elapsed="0.660586" />
</kw>
<kw name="Sleep" owner="BuiltIn">
<msg time="2025-11-21T21:49:40.378805" level="INFO">Slept 1 second.</msg>
<arg>1s</arg>
<doc>Pauses the test executed for the given time.</doc>
<status status="PASS" start="2025-11-21T21:49:39.377869" elapsed="1.002125" />
</kw>
<kw name="Click Element" owner="SeleniumLibrary">
<msg time="2025-11-21T21:49:40.382485" level="INFO">Clicking element '//*[@id="logInModal"]/div/div/div[3]/button[2]'.</msg>
<arg>${logInFormButton}</arg>
<doc>Click the element identified by ``locator``.</doc>
<status status="PASS" start="2025-11-21T21:49:40.381695" elapsed="0.523435" />
</kw>
<kw name="Sleep" owner="BuiltIn">
<msg time="2025-11-21T21:49:42.907764" level="INFO">Slept 2 seconds.</msg>
<arg>2s</arg>
<doc>Pauses the test executed for the given time.</doc>
<status status="PASS" start="2025-11-21T21:49:40.906860" elapsed="2.002075" />
</kw>
<status status="PASS" start="2025-11-21T21:49:35.159586" elapsed="7.750973" />
</kw>
<status status="PASS" start="2025-11-21T21:49:25.384496" elapsed="17.526793" />
</test>
<test id="s1-t2" name="LOGOUT_TEST" line="13">
<kw name="Log Out" owner="resources">
<kw name="Wait Until Page Contains Element" owner="SeleniumLibrary">
<arg>${logOutButton}</arg>
<arg>timeout=80</arg>
<arg>error=logOutButtonNotFound</arg>
<doc>Waits until the element ``locator`` appears on the current page.</doc>
<status status="PASS" start="2025-11-21T21:49:43.760644" elapsed="0.205892" />
</kw>
<kw name="Sleep" owner="BuiltIn">
<msg time="2025-11-21T21:49:48.969060" level="INFO">Slept 5 seconds.</msg>
<arg>5s</arg>
<doc>Pauses the test executed for the given time.</doc>
<status status="PASS" start="2025-11-21T21:49:43.968221" elapsed="5.002048" />
</kw>
<kw name="Click Element" owner="SeleniumLibrary">
<msg time="2025-11-21T21:49:48.972795" level="INFO">Clicking element '//*[@id="logout2"]'.</msg>
<arg>${logOutButton}</arg>
<doc>Click the element identified by ``locator``.</doc>
<status status="PASS" start="2025-11-21T21:49:48.971990" elapsed="1.118965" />
</kw>
<kw name="Sleep" owner="BuiltIn">
<msg time="2025-11-21T21:49:52.093602" level="INFO">Slept 2 seconds.</msg>
<arg>2s</arg>
<doc>Pauses the test executed for the given time.</doc>
<status status="PASS" start="2025-11-21T21:49:50.092755" elapsed="2.002047" />
</kw>
<status status="PASS" start="2025-11-21T21:49:43.759795" elapsed="8.336614" />
</kw>
<status status="PASS" start="2025-11-21T21:49:43.757538" elapsed="8.339553" />
</test>
<test id="s1-t3" name="BUY_PRODUCT_TEST" line="16">
<kw name="Add To Cart" owner="resources">
<kw name="Wait Until Page Contains Element" owner="SeleniumLibrary">
<arg>${openProductPageButton}</arg>
<arg>timeout=80</arg>
<arg>error=openProductPageButtonNotFound</arg>
<doc>Waits until the element ``locator`` appears on the current page.</doc>
<status status="PASS" start="2025-11-21T21:49:52.975408" elapsed="0.182722" />
</kw>
<kw name="Sleep" owner="BuiltIn">
<msg time="2025-11-21T21:49:54.160833" level="INFO">Slept 1 second.</msg>
<arg>1s</arg>
<doc>Pauses the test executed for the given time.</doc>
<status status="PASS" start="2025-11-21T21:49:53.159886" elapsed="1.002118" />
</kw>
<kw name="Click Element" owner="SeleniumLibrary">
<msg time="2025-11-21T21:49:54.164451" level="INFO">Clicking element '//*[@id="tbodyid"]/div[3]/div/div/h4/a'.</msg>
<arg>${openProductPageButton}</arg>
<doc>Click the element identified by ``locator``.</doc>
<status status="PASS" start="2025-11-21T21:49:54.163672" elapsed="0.964004" />
</kw>
<kw name="Sleep" owner="BuiltIn">
<msg time="2025-11-21T21:49:57.130304" level="INFO">Slept 2 seconds.</msg>
<arg>2s</arg>
<doc>Pauses the test executed for the given time.</doc>
<status status="PASS" start="2025-11-21T21:49:55.129414" elapsed="2.002120" />
</kw>
<kw name="Click Element" owner="SeleniumLibrary">
<msg time="2025-11-21T21:49:57.134043" level="INFO">Clicking element '//*[@class="btn btn-success btn-lg"]'.</msg>
<arg>${addToCartButton}</arg>
<doc>Click the element identified by ``locator``.</doc>
<status status="PASS" start="2025-11-21T21:49:57.133265" elapsed="0.610232" />
</kw>
<kw name="Sleep" owner="BuiltIn">
<msg time="2025-11-21T21:49:59.745988" level="INFO">Slept 2 seconds.</msg>
<arg>2s</arg>
<doc>Pauses the test executed for the given time.</doc>
<status status="PASS" start="2025-11-21T21:49:57.745179" elapsed="2.002775" />
</kw>
<kw name="Handle Alert" owner="SeleniumLibrary">
<msg time="2025-11-21T21:49:59.751977" level="INFO">HANDLE::&lt;class 'NoneType'&gt;::None</msg>
<arg>action=ACCEPT</arg>
<doc>Handles the current alert and returns its message.</doc>
<status status="PASS" start="2025-11-21T21:49:59.750838" elapsed="0.558244" />
</kw>
<kw name="Sleep" owner="BuiltIn">
<msg time="2025-11-21T21:50:01.311712" level="INFO">Slept 1 second.</msg>
<arg>1s</arg>
<doc>Pauses the test executed for the given time.</doc>
<status status="PASS" start="2025-11-21T21:50:00.310798" elapsed="1.002112" />
</kw>
<status status="PASS" start="2025-11-21T21:49:52.974549" elapsed="8.339964" />
</kw>
<kw name="Open Cart Page" owner="resources">
<kw name="Wait Until Page Contains Element" owner="SeleniumLibrary">
<arg>${cartButton}</arg>
<arg>timeout=80</arg>
<arg>error=openCartPageButtonNotFound</arg>
<doc>Waits until the element ``locator`` appears on the current page.</doc>
<status status="PASS" start="2025-11-21T21:50:01.316148" elapsed="0.197848" />
</kw>
<kw name="Sleep" owner="BuiltIn">
<msg time="2025-11-21T21:50:02.516564" level="INFO">Slept 1 second.</msg>
<arg>1s</arg>
<doc>Pauses the test executed for the given time.</doc>
<status status="PASS" start="2025-11-21T21:50:01.515721" elapsed="1.002009" />
</kw>
<kw name="Click Element" owner="SeleniumLibrary">
<msg time="2025-11-21T21:50:02.520188" level="INFO">Clicking element '//*[@id="cartur"]'.</msg>
<arg>${cartButton}</arg>
<doc>Click the element identified by ``locator``.</doc>
<status status="PASS" start="2025-11-21T21:50:02.519423" elapsed="0.894117" />
</kw>
<kw name="Sleep" owner="BuiltIn">
<msg time="2025-11-21T21:50:05.416177" level="INFO">Slept 2 seconds.</msg>
<arg>2s</arg>
<doc>Pauses the test executed for the given time.</doc>
<status status="PASS" start="2025-11-21T21:50:03.415256" elapsed="2.002110" />
</kw>
<status status="PASS" start="2025-11-21T21:50:01.315288" elapsed="4.103667" />
</kw>
<kw name="Buy Product" owner="resources">
<kw name="Wait Until Page Contains Element" owner="SeleniumLibrary">
<arg>${orderButton}</arg>
<arg>timeout=80</arg>
<arg>error=orderButtonNotFound</arg>
<doc>Waits until the element ``locator`` appears on the current page.</doc>
<status status="PASS" start="2025-11-21T21:50:05.420711" elapsed="0.236090" />
</kw>
<kw name="Click Element" owner="SeleniumLibrary">
<msg time="2025-11-21T21:50:05.659327" level="INFO">Clicking element '//*[@class="btn btn-success"]'.</msg>
<arg>${orderButton}</arg>
<doc>Click the element identified by ``locator``.</doc>
<status status="PASS" start="2025-11-21T21:50:05.658495" elapsed="0.408124" />
</kw>
<kw name="Sleep" owner="BuiltIn">
<msg time="2025-11-21T21:50:08.069466" level="INFO">Slept 2 seconds.</msg>
<arg>2s</arg>
<doc>Pauses the test executed for the given time.</doc>
<status status="PASS" start="2025-11-21T21:50:06.068584" elapsed="2.002069" />
</kw>
<kw name="Wait Until Page Contains Element" owner="SeleniumLibrary">
<arg>${orderFormModal}</arg>
<arg>timeout=80</arg>
<arg>error=orderFormModalNotFound</arg>
<doc>Waits until the element ``locator`` appears on the current page.</doc>
<status status="PASS" start="2025-11-21T21:50:08.072351" elapsed="0.196069" />
</kw>
<kw name="Sleep" owner="BuiltIn">
<msg time="2025-11-21T21:50:09.271005" level="INFO">Slept 1 second.</msg>
<arg>1s</arg>
<doc>Pauses the test executed for the given time.</doc>
<status status="PASS" start="2025-11-21T21:50:08.270104" elapsed="1.002067" />
</kw>
<kw name="Input Text" owner="SeleniumLibrary">
<msg time="2025-11-21T21:50:09.274707" level="INFO">Typing text 'John' into text field '//*[@id="name"]'.</msg>
<arg>${orderFormNameField}</arg>
<arg>${orderFormNameValue}</arg>
<doc>Types the given ``text`` into the text field identified by ``locator``.</doc>
<status status="PASS" start="2025-11-21T21:50:09.273876" elapsed="0.522667" />
</kw>
<kw name="Sleep" owner="BuiltIn">
<msg time="2025-11-21T21:50:10.049172" level="INFO">Slept 250 milliseconds.</msg>
<arg>0.25s</arg>
<doc>Pauses the test executed for the given time.</doc>
<status status="PASS" start="2025-11-21T21:50:09.798321" elapsed="0.252005" />
</kw>
<kw name="Input Text" owner="SeleniumLibrary">
<msg time="2025-11-21T21:50:10.052808" level="INFO">Typing text 'New Zeland' into text field '//*[@id="country"]'.</msg>
<arg>${orderFormCountryField}</arg>
<arg>${orderFormCountryValue}</arg>
<doc>Types the given ``text`` into the text field identified by ``locator``.</doc>
<status status="PASS" start="2025-11-21T21:50:10.051995" elapsed="0.656560" />
</kw>
<kw name="Sleep" owner="BuiltIn">
<msg time="2025-11-21T21:50:10.961516" level="INFO">Slept 250 milliseconds.</msg>
<arg>0.25s</arg>
<doc>Pauses the test executed for the given time.</doc>
<status status="PASS" start="2025-11-21T21:50:10.710636" elapsed="0.252573" />
</kw>
<kw name="Input Text" owner="SeleniumLibrary">
<msg time="2025-11-21T21:50:10.966828" level="INFO">Typing text 'Wellington' into text field '//*[@id="city"]'.</msg>
<arg>${orderFormCityField}</arg>
<arg>${orderFormCityValue}</arg>
<doc>Types the given ``text`` into the text field identified by ``locator``.</doc>
<status status="PASS" start="2025-11-21T21:50:10.965736" elapsed="0.559022" />
</kw>
<kw name="Sleep" owner="BuiltIn">
<msg time="2025-11-21T21:50:11.777450" level="INFO">Slept 250 milliseconds.</msg>
<arg>0.25s</arg>
<doc>Pauses the test executed for the given time.</doc>
<status status="PASS" start="2025-11-21T21:50:11.526528" elapsed="0.252145" />
</kw>
<kw name="Input Text" owner="SeleniumLibrary">
<msg time="2025-11-21T21:50:11.781239" level="INFO">Typing text '5130290000000009' into text field '//*[@id="card"]'.</msg>
<arg>${orderFormCreditCardField}</arg>
<arg>${orderFormCreditCardValue}</arg>
<doc>Types the given ``text`` into the text field identified by ``locator``.</doc>
<status status="PASS" start="2025-11-21T21:50:11.780419" elapsed="0.538368" />
</kw>
<kw name="Sleep" owner="BuiltIn">
<msg time="2025-11-21T21:50:12.571462" level="INFO">Slept 250 milliseconds.</msg>
<arg>0.25s</arg>
<doc>Pauses the test executed for the given time.</doc>
<status status="PASS" start="2025-11-21T21:50:12.320613" elapsed="0.252024" />
</kw>
<kw name="Input Text" owner="SeleniumLibrary">
<msg time="2025-11-21T21:50:12.575164" level="INFO">Typing text 'November' into text field '//*[@id="month"]'.</msg>
<arg>${orderFormMonthField}</arg>
<arg>${orderFormMonthValue}</arg>
<doc>Types the given ``text`` into the text field identified by ``locator``.</doc>
<status status="PASS" start="2025-11-21T21:50:12.574347" elapsed="0.552327" />
</kw>
<kw name="Sleep" owner="BuiltIn">
<msg time="2025-11-21T21:50:13.379400" level="INFO">Slept 250 milliseconds.</msg>
<arg>0.25s</arg>
<doc>Pauses the test executed for the given time.</doc>
<status status="PASS" start="2025-11-21T21:50:13.128466" elapsed="0.252121" />
</kw>
<kw name="Input Text" owner="SeleniumLibrary">
<msg time="2025-11-21T21:50:13.383168" level="INFO">Typing text '2025' into text field '//*[@id="year"]'.</msg>
<arg>${orderFormYearField}</arg>
<arg>${orderFormYearValue}</arg>
<doc>Types the given ``text`` into the text field identified by ``locator``.</doc>
<status status="PASS" start="2025-11-21T21:50:13.382350" elapsed="0.552571" />
</kw>
<kw name="Sleep" owner="BuiltIn">
<msg time="2025-11-21T21:50:14.187511" level="INFO">Slept 250 milliseconds.</msg>
<arg>0.25s</arg>
<doc>Pauses the test executed for the given time.</doc>
<status status="PASS" start="2025-11-21T21:50:13.936668" elapsed="0.252027" />
</kw>
<kw name="Wait Until Element Is Visible" owner="SeleniumLibrary">
<arg>${purchaseButton}</arg>
<arg>timeout=5s</arg>
<doc>Waits until the element ``locator`` is visible.</doc>
<status status="PASS" start="2025-11-21T21:50:14.190400" elapsed="0.495734" />
</kw>
<kw name="Sleep" owner="BuiltIn">
<msg time="2025-11-21T21:50:15.688821" level="INFO">Slept 1 second.</msg>
<arg>1s</arg>
<doc>Pauses the test executed for the given time.</doc>
<status status="PASS" start="2025-11-21T21:50:14.687906" elapsed="1.002090" />
</kw>
<kw name="Click Element" owner="SeleniumLibrary">
<msg time="2025-11-21T21:50:15.692610" level="INFO">Clicking element '//button[contains(text(), "Purchase")]'.</msg>
<arg>${purchaseButton}</arg>
<doc>Click the element identified by ``locator``.</doc>
<status status="PASS" start="2025-11-21T21:50:15.691785" elapsed="0.492134" />
</kw>
<kw name="Wait Until Page Contains Element" owner="SeleniumLibrary">
<arg>${purchaseSuccessButton}</arg>
<arg>timeout=80</arg>
<arg>error=purchaseFormIsNotValid</arg>
<doc>Waits until the element ``locator`` appears on the current page.</doc>
<status status="PASS" start="2025-11-21T21:50:16.185786" elapsed="0.177764" />
</kw>
<kw name="Sleep" owner="BuiltIn">
<msg time="2025-11-21T21:50:17.366263" level="INFO">Slept 1 second.</msg>
<arg>1s</arg>
<doc>Pauses the test executed for the given time.</doc>
<status status="PASS" start="2025-11-21T21:50:16.365256" elapsed="1.003169" />
</kw>
<kw name="Click Element" owner="SeleniumLibrary">
<msg time="2025-11-21T21:50:17.372924" level="INFO">Clicking element '//*[@class="sa-confirm-button-container"]/button'.</msg>
<arg>${purchaseSuccessButton}</arg>
<doc>Click the element identified by ``locator``.</doc>
<status status="PASS" start="2025-11-21T21:50:17.371585" elapsed="1.785903" />
</kw>
<kw name="Sleep" owner="BuiltIn">
<msg time="2025-11-21T21:50:21.160137" level="INFO">Slept 2 seconds.</msg>
<arg>2s</arg>
<doc>Pauses the test executed for the given time.</doc>
<status status="PASS" start="2025-11-21T21:50:19.159290" elapsed="2.002547" />
</kw>
<status status="PASS" start="2025-11-21T21:50:05.419840" elapsed="15.743953" />
</kw>
<status status="PASS" start="2025-11-21T21:49:52.972305" elapsed="28.192482" />
</test>
<test id="s1-t4" name="REMOVE_FROM_CART_TEST" line="21">
<kw name="Add To Cart" owner="resources">
<kw name="Wait Until Page Contains Element" owner="SeleniumLibrary">
<arg>${openProductPageButton}</arg>
<arg>timeout=80</arg>
<arg>error=openProductPageButtonNotFound</arg>
<doc>Waits until the element ``locator`` appears on the current page.</doc>
<status status="PASS" start="2025-11-21T21:50:22.183952" elapsed="0.214988" />
</kw>
<kw name="Sleep" owner="BuiltIn">
<msg time="2025-11-21T21:50:23.401484" level="INFO">Slept 1 second.</msg>
<arg>1s</arg>
<doc>Pauses the test executed for the given time.</doc>
<status status="PASS" start="2025-11-21T21:50:22.400646" elapsed="1.002044" />
</kw>
<kw name="Click Element" owner="SeleniumLibrary">
<msg time="2025-11-21T21:50:23.405156" level="INFO">Clicking element '//*[@id="tbodyid"]/div[3]/div/div/h4/a'.</msg>
<arg>${openProductPageButton}</arg>
<doc>Click the element identified by ``locator``.</doc>
<status status="PASS" start="2025-11-21T21:50:23.404385" elapsed="0.901665" />
</kw>
<kw name="Sleep" owner="BuiltIn">
<msg time="2025-11-21T21:50:26.308775" level="INFO">Slept 2 seconds.</msg>
<arg>2s</arg>
<doc>Pauses the test executed for the given time.</doc>
<status status="PASS" start="2025-11-21T21:50:24.307900" elapsed="2.002026" />
</kw>
<kw name="Click Element" owner="SeleniumLibrary">
<msg time="2025-11-21T21:50:26.312528" level="INFO">Clicking element '//*[@class="btn btn-success btn-lg"]'.</msg>
<arg>${addToCartButton}</arg>
<doc>Click the element identified by ``locator``.</doc>
<status status="PASS" start="2025-11-21T21:50:26.311745" elapsed="0.440590" />
</kw>
<kw name="Sleep" owner="BuiltIn">
<msg time="2025-11-21T21:50:28.754997" level="INFO">Slept 2 seconds.</msg>
<arg>2s</arg>
<doc>Pauses the test executed for the given time.</doc>
<status status="PASS" start="2025-11-21T21:50:26.754092" elapsed="2.002095" />
</kw>
<kw name="Handle Alert" owner="SeleniumLibrary">
<msg time="2025-11-21T21:50:28.758627" level="INFO">HANDLE::&lt;class 'NoneType'&gt;::None</msg>
<arg>action=ACCEPT</arg>
<doc>Handles the current alert and returns its message.</doc>
<status status="PASS" start="2025-11-21T21:50:28.757931" elapsed="0.517490" />
</kw>
<kw name="Sleep" owner="BuiltIn">
<msg time="2025-11-21T21:50:30.278155" level="INFO">Slept 1 second.</msg>
<arg>1s</arg>
<doc>Pauses the test executed for the given time.</doc>
<status status="PASS" start="2025-11-21T21:50:29.277210" elapsed="1.002184" />
</kw>
<status status="PASS" start="2025-11-21T21:50:22.183086" elapsed="8.097990" />
</kw>
<kw name="Remove From Cart" owner="resources">
<kw name="Open Cart Page" owner="resources">
<kw name="Wait Until Page Contains Element" owner="SeleniumLibrary">
<arg>${cartButton}</arg>
<arg>timeout=80</arg>
<arg>error=openCartPageButtonNotFound</arg>
<doc>Waits until the element ``locator`` appears on the current page.</doc>
<status status="PASS" start="2025-11-21T21:50:30.283574" elapsed="0.227962" />
</kw>
<kw name="Sleep" owner="BuiltIn">
<msg time="2025-11-21T21:50:31.514233" level="INFO">Slept 1 second.</msg>
<arg>1s</arg>
<doc>Pauses the test executed for the given time.</doc>
<status status="PASS" start="2025-11-21T21:50:30.513297" elapsed="1.002121" />
</kw>
<kw name="Click Element" owner="SeleniumLibrary">
<msg time="2025-11-21T21:50:31.517967" level="INFO">Clicking element '//*[@id="cartur"]'.</msg>
<arg>${cartButton}</arg>
<doc>Click the element identified by ``locator``.</doc>
<status status="PASS" start="2025-11-21T21:50:31.517196" elapsed="0.920710" />
</kw>
<kw name="Sleep" owner="BuiltIn">
<msg time="2025-11-21T21:50:34.440592" level="INFO">Slept 2 seconds.</msg>
<arg>2s</arg>
<doc>Pauses the test executed for the given time.</doc>
<status status="PASS" start="2025-11-21T21:50:32.439655" elapsed="2.002465" />
</kw>
<status status="PASS" start="2025-11-21T21:50:30.282813" elapsed="4.160960" />
</kw>
<kw name="Wait Until Page Contains Element" owner="SeleniumLibrary">
<arg>${removeFromCartButton}</arg>
<arg>timeout=80</arg>
<arg>error=removeButtonNotFound</arg>
<doc>Waits until the element ``locator`` appears on the current page.</doc>
<status status="PASS" start="2025-11-21T21:50:34.445326" elapsed="0.188599" />
</kw>
<kw name="Sleep" owner="BuiltIn">
<msg time="2025-11-21T21:50:35.636437" level="INFO">Slept 1 second.</msg>
<arg>1s</arg>
<doc>Pauses the test executed for the given time.</doc>
<status status="PASS" start="2025-11-21T21:50:34.635654" elapsed="1.001972" />
</kw>
<kw name="Click Element" owner="SeleniumLibrary">
<msg time="2025-11-21T21:50:35.640105" level="INFO">Clicking element '//tbody[@id="tbodyid"]//a[text()="Delete"]'.</msg>
<arg>${removeFromCartButton}</arg>
<doc>Click the element identified by ``locator``.</doc>
<status status="PASS" start="2025-11-21T21:50:35.639324" elapsed="0.459794" />
</kw>
<kw name="Sleep" owner="BuiltIn">
<msg time="2025-11-21T21:50:38.102138" level="INFO">Slept 2 seconds.</msg>
<arg>2s</arg>
<doc>Pauses the test executed for the given time.</doc>
<status status="PASS" start="2025-11-21T21:50:36.100909" elapsed="2.002420" />
</kw>
<kw name="Page Should Contain Element" owner="SeleniumLibrary">
<msg time="2025-11-21T21:50:38.288214" level="INFO">Current page contains element '//*[@id="tbodyid" and not (*)]'.</msg>
<arg>${removedElement}</arg>
<doc>Verifies that element ``locator`` is found on the current page.</doc>
<status status="PASS" start="2025-11-21T21:50:38.105013" elapsed="0.184384" />
</kw>
<kw name="Sleep" owner="BuiltIn">
<msg time="2025-11-21T21:50:40.291959" level="INFO">Slept 2 seconds.</msg>
<arg>2s</arg>
<doc>Pauses the test executed for the given time.</doc>
<status status="PASS" start="2025-11-21T21:50:38.291053" elapsed="2.002097" />
</kw>
<status status="PASS" start="2025-11-21T21:50:30.281894" elapsed="10.012896" />
</kw>
<status status="PASS" start="2025-11-21T21:50:22.180779" elapsed="18.114736" />
</test>
<kw name="Close Browser Custom" owner="resources" type="TEARDOWN">
<kw name="Close All Browsers" owner="SeleniumLibrary">
<doc>Closes all open browsers and resets the browser cache.</doc>
<status status="PASS" start="2025-11-21T21:50:41.170817" elapsed="1.571193" />
</kw>
<status status="PASS" start="2025-11-21T21:50:41.168801" elapsed="1.573986" />
</kw>
<status status="PASS" start="2025-11-21T21:49:09.076924" elapsed="93.667336" />
</suite>
<status status="PASS" start="2025-11-21T21:49:09.076924" elapsed="93.667336" />
</suite><errors>
</errors>
</robot>