<robot generator="Robot 7.3.2 (Python 3.12.3 on linux)" generated="2025-11-21T21:49:09.579338" rpa="false" schemaversion="5">
<statistics>
<total>
<stat pass="4" fail="0" skip="0">All Tests</stat>
</total>
<tag>
</tag>
<suite>
<stat name="Test" id="s1" pass="4" fail="0" skip="0">Test</stat>
</suite>
</statistics>
<suite name="Suites" id="s0"><suite id="s1" name="Test OS X, Tahoe, Safari, 26.0" source="/home/explt13/test/testingA2/testCases/test.robot">
<kw name="Open Browser And Maximize" owner="resources" type="SETUP">
<kw name="Evaluate" owner="BuiltIn">
<msg time="2025-11-21T21:49:09.675704" level="INFO">${caps} = {}</msg>
<var>${caps}</var>
<arg>{}</arg>
<doc>Evaluates the given expression in Python and returns the result.</doc>
<status status="PASS" start="2025-11-21T21:49:09.674731" elapsed="0.002071" />
</kw>
<kw name="Create Webdriver" owner="SeleniumLibrary">
<msg time="2025-11-21T21:49:09.678718" level="INFO">Creating an instance of the Remote WebDriver.</msg>
<msg time="2025-11-21T21:49:09.682829" level="INFO">Completed setup!</msg>
<arg>Remote</arg>
<arg>command_executor=http://localhost:4444/wd/hub</arg>
<arg>desired_capabilities=${caps}</arg>
<doc>Creates an instance of Selenium WebDriver.</doc>
<status status="PASS" start="2025-11-21T21:49:09.677798" elapsed="5.050861" />
</kw>
<kw name="Go To" owner="SeleniumLibrary">
<msg time="2025-11-21T21:49:14.730450" level="INFO">Opening url 'https://www.demoblaze.com/'</msg>
<arg>${baseUrl}</arg>
<doc>Navigates the current browser window to the provided ``url``.</doc>
<status status="PASS" start="2025-11-21T21:49:14.729629" elapsed="2.959009" />
</kw>
<kw name="Maximize Browser Window" owner="SeleniumLibrary">
<doc>Maximizes current browser window.</doc>
<status status="PASS" start="2025-11-21T21:49:17.689555" elapsed="0.179523" />
</kw>
<status status="PASS" start="2025-11-21T21:49:09.671871" elapsed="8.198015" />
</kw>
<test id="s1-t1" name="LOGIN_TEST" line="9">
<kw name="Sign Up" owner="resources">
<kw name="Wait Until Page Contains Element" owner="SeleniumLibrary">
<arg>${signUpButton}</arg>
<arg>timeout=80</arg>
<arg>error=logInButtonNotFound</arg>
<doc>Waits until the element ``locator`` appears on the current page.</doc>
<status status="PASS" start="2025-11-21T21:49:17.874870" elapsed="0.173320" />
</kw>
<kw name="Sleep" owner="BuiltIn">
<msg time="2025-11-21T21:49:19.050879" level="INFO">Slept 1 second.</msg>
<arg>1s</arg>
<doc>Pauses the test executed for the given time.</doc>
<status status="PASS" start="2025-11-21T21:49:18.049951" elapsed="1.002073" />
</kw>
<kw name="Click Element" owner="SeleniumLibrary">
<msg time="2025-11-21T21:49:19.054525" level="INFO">Clicking element '//*[@id="signin2"]'.</msg>
<arg>${signUpButton}</arg>
<doc>Click the element identified by ``locator``.</doc>
<status status="PASS" start="2025-11-21T21:49:19.053735" elapsed="0.368159" />
</kw>
<kw name="Wait Until Page Contains Element" owner="SeleniumLibrary">
<arg>${signUpUsername}</arg>
<arg>timeout=80</arg>
<arg>error=logInButtonNotFound</arg>
<doc>Waits until the element ``locator`` appears on the current page.</doc>
<status status="PASS" start="2025-11-21T21:49:19.423633" elapsed="0.168559" />
</kw>
<kw name="Sleep" owner="BuiltIn">
<msg time="2025-11-21T21:49:20.594825" level="INFO">Slept 1 second.</msg>
<arg>1s</arg>
<doc>Pauses the test executed for the given time.</doc>
<status status="PASS" start="2025-11-21T21:49:19.593904" elapsed="1.002078" />
</kw>
<kw name="Input Text" owner="SeleniumLibrary">
<msg time="2025-11-21T21:49:20.598461" level="INFO">Typing text 'testing1996_r2s1_6e4rw3' into text field '//*[@id="sign-username"]'.</msg>
<arg>${signUpUsername}</arg>
<arg>${login}</arg>
<doc>Types the given ``text`` into the text field identified by ``locator``.</doc>
<status status="PASS" start="2025-11-21T21:49:20.597643" elapsed="0.597568" />
</kw>
<kw name="Sleep" owner="BuiltIn">
<msg time="2025-11-21T21:49:21.697793" level="INFO">Slept 500 milliseconds.</msg>
<arg>0.5s</arg>
<doc>Pauses the test executed for the given time.</doc>
<status status="PASS" start="2025-11-21T21:49:21.196928" elapsed="0.502082" />
</kw>
<kw name="Input Password" owner="SeleniumLibrary">
<msg time="2025-11-21T21:49:21.701525" level="INFO">Typing password into text field '//*[@id="sign-password"]'.</msg>
<msg time="2025-11-21T21:49:22.094486" level="INFO">Temporally setting log level to: NONE</msg>
<arg>${signUpPassword}</arg>
<arg>${password}</arg>
<doc>Types the given password into the text field identified by ``locator``.</doc>
<status status="PASS" start="2025-11-21T21:49:21.700711" elapsed="0.662183" />
</kw>
<kw name="Sleep" owner="BuiltIn">
<msg time="2025-11-21T21:49:22.865456" level="INFO">Slept 500 milliseconds.</msg>
<arg>0.5s</arg>
<doc>Pauses the test executed for the given time.</doc>
<status status="PASS" start="2025-11-21T21:49:22.364617" elapsed="0.502000" />
</kw>
<kw name="Click Element" owner="SeleniumLibrary">
<msg time="2025-11-21T21:49:22.869044" level="INFO">Clicking element '//*[@id="signInModal"]/div/div/div[3]/button[2]'.</msg>
<arg>${signUpFormButton}</arg>
<doc>Click the element identified by ``locator``.</doc>
<status status="PASS" start="2025-11-21T21:49:22.868266" elapsed="0.416838" />
</kw>
<kw name="Sleep" owner="BuiltIn">
<msg time="2025-11-21T21:49:25.287632" level="INFO">Slept 2 seconds.</msg>
<arg>2s</arg>
<doc>Pauses the test executed for the given time.</doc>
<status status="PASS" start="2025-11-21T21:49:23.286830" elapsed="2.002103" />
</kw>
<kw name="Handle Alert" owner="SeleniumLibrary">
<msg time="2025-11-21T21:49:25.291266" level="INFO">HANDLE::&lt;class 'NoneType'&gt;::None</msg>
<arg>action=ACCEPT</arg>
<doc>Handles the current alert and returns its message.</doc>
<status status="PASS" start="2025-11-21T21:49:25.290592" elapsed="0.497638" />
</kw>
<kw name="Sleep" owner="BuiltIn">
<msg time="2025-11-21T21:49:26.790897" level="INFO">Slept 1 second.</msg>
<arg>1s</arg>
<doc>Pauses the test executed for the given time.</doc>
<status status="PASS" start="2025-11-21T21:49:25.789979" elapsed="1.002064" />
</kw>
<status status="PASS" start="2025-11-21T21:49:17.873948" elapsed="8.919727" />
</kw>
<kw name="Log in" owner="resources">
<kw name="Wait Until Page Contains Element" owner="SeleniumLibrary">
<arg>${logInButton}</arg>
<arg>timeout=80</arg>
<arg>error=logInButtonNotFound</arg>
<doc>Waits until the element ``locator`` appears on the current page.</doc>
<status status="PASS" start="2025-11-21T21:49:26.795417" elapsed="0.168903" />
</kw>
<kw name="Sleep" owner="BuiltIn">
<msg time="2025-11-21T21:49:27.966848" level="INFO">Slept 1 second.</msg>
<arg>1s</arg>
<doc>Pauses the test executed for the given time.</doc>
<status status="PASS" start="2025-11-21T21:49:26.965985" elapsed="1.002491" />
</kw>
<kw name="Click Element" owner="SeleniumLibrary">
<msg time="2025-11-21T21:49:27.972085" level="INFO">Clicking element '//*[@id="login2"]'.</msg>
<arg>${logInButton}</arg>
<doc>Click the element identified by ``locator``.</doc>
<status status="PASS" start="2025-11-21T21:49:27.970938" elapsed="0.513150" />
</kw>
<kw name="Wait Until Page Contains Element" owner="SeleniumLibrary">
<arg>${loginUsernameField}</arg>
<arg>timeout=80</arg>
<arg>error=logInButtonNotFound</arg>
<doc>Waits until the element ``locator`` appears on the current page.</doc>
<status status="PASS" start="2025-11-21T21:49:28.485855" elapsed="0.177716" />
</kw>
<kw name="Sleep" owner="BuiltIn">
<msg time="2025-11-21T21:49:29.666304" level="INFO">Slept 1 second.</msg>
<arg>1s</arg>
<doc>Pauses the test executed for the given time.</doc>
<status status="PASS" start="2025-11-21T21:49:28.665237" elapsed="1.002242" />
</kw>
<kw name="Input Text" owner="SeleniumLibrary">
<msg time="2025-11-21T21:49:29.669944" level="INFO">Typing text 'testing1996_r2s1_6e4rw3' into text field '//*[@id="loginusername"]'.</msg>
<arg>${loginUsernameField}</arg>
<arg>${login}</arg>
<doc>Types the given ``text`` into the text field identified by ``locator``.</doc>
<status status="PASS" start="2025-11-21T21:49:29.669127" elapsed="0.551736" />
</kw>
<kw name="Input Password" owner="SeleniumLibrary">
<msg time="2025-11-21T21:49:30.223374" level="INFO">Typing password into text field '//*[@id="loginpassword"]'.</msg>
<msg time="2025-11-21T21:49:30.552593" level="INFO">Temporally setting log level to: NONE</msg>
<arg>${loginPasswordField}</arg>
<arg>${password}</arg>
<doc>Types the given password into the text field identified by ``locator``.</doc>
<status status="PASS" start="2025-11-21T21:49:30.222548" elapsed="0.511217" />
</kw>
<kw name="Sleep" owner="BuiltIn">
<msg time="2025-11-21T21:49:31.736474" level="INFO">Slept 1 second.</msg>
<arg>1s</arg>
<doc>Pauses the test executed for the given time.</doc>
<status status="PASS" start="2025-11-21T21:49:30.735529" elapsed="1.002121" />
</kw>
<kw name="Click Element" owner="SeleniumLibrary">
<msg time="2025-11-21T21:49:31.740096" level="INFO">Clicking element '//*[@id="logInModal"]/div/div/div[3]/button[2]'.</msg>
<arg>${logInFormButton}</arg>
<doc>Click the element identified by ``locator``.</doc>
<status status="PASS" start="2025-11-21T21:49:31.739325" elapsed="0.369759" />
</kw>
<kw name="Sleep" owner="BuiltIn">
<msg time="2025-11-21T21:49:34.111691" level="INFO">Slept 2 seconds.</msg>
<arg>2s</arg>
<doc>Pauses the test executed for the given time.</doc>
<status status="PASS" start="2025-11-21T21:49:32.110759" elapsed="2.002118" />
</kw>
<status status="PASS" start="2025-11-21T21:49:26.794484" elapsed="7.320006" />
</kw>
<status status="PASS" start="2025-11-21T21:49:17.871420" elapsed="16.243793" />
</test>
<test id="s1-t2" name="LOGOUT_TEST" line="13">
<kw name="Log Out" owner="resources">
<kw name="Wait Until Page Contains Element" owner="SeleniumLibrary">
<arg>${logOutButton}</arg>
<arg>timeout=80</arg>
<arg>error=logOutButtonNotFound</arg>
<doc>Waits until the element ``locator`` appears on the current page.</doc>
<status status="PASS" start="2025-11-21T21:49:35.064764" elapsed="0.184401" />
</kw>
<kw name="Sleep" owner="BuiltIn">
<msg time="2025-11-21T21:49:40.251772" level="INFO">Slept 5 seconds.</msg>
<arg>5s</arg>
<doc>Pauses the test executed for the given time.</doc>
<status status="PASS" start="2025-11-21T21:49:35.250875" elapsed="5.002102" />
</kw>
<kw name="Click Element" owner="SeleniumLibrary">
<msg time="2025-11-21T21:49:40.255495" level="INFO">Clicking element '//*[@id="logout2"]'.</msg>
<arg>${logOutButton}</arg>
<doc>Click the element identified by ``locator``.</doc>
<status status="PASS" start="2025-11-21T21:49:40.254708" elapsed="0.565974" />
</kw>
<kw name="Sleep" owner="BuiltIn">
<msg time="2025-11-21T21:49:42.823351" level="INFO">Slept 2 seconds.</msg>
<arg>2s</arg>
<doc>Pauses the test executed for the given time.</doc>
<status status="PASS" start="2025-11-21T21:49:40.822414" elapsed="2.002115" />
</kw>
<status status="PASS" start="2025-11-21T21:49:35.063894" elapsed="7.762220" />
</kw>
<status status="PASS" start="2025-11-21T21:49:35.061592" elapsed="7.765217" />
</test>
<test id="s1-t3" name="BUY_PRODUCT_TEST" line="16">
<kw name="Add To Cart" owner="resources">
<kw name="Wait Until Page Contains Element" owner="SeleniumLibrary">
<arg>${openProductPageButton}</arg>
<arg>timeout=80</arg>
<arg>error=openProductPageButtonNotFound</arg>
<doc>Waits until the element ``locator`` appears on the current page.</doc>
<status status="PASS" start="2025-11-21T21:49:43.714711" elapsed="0.167494" />
</kw>
<kw name="Sleep" owner="BuiltIn">
<msg time="2025-11-21T21:49:44.884944" level="INFO">Slept 1 second.</msg>
<arg>1s</arg>
<doc>Pauses the test executed for the given time.</doc>
<status status="PASS" start="2025-11-21T21:49:43.884009" elapsed="1.002086" />
</kw>
<kw name="Click Element" owner="SeleniumLibrary">
<msg time="2025-11-21T21:49:44.888612" level="INFO">Clicking element '//*[@id="tbodyid"]/div[3]/div/div/h4/a'.</msg>
<arg>${openProductPageButton}</arg>
<doc>Click the element identified by ``locator``.</doc>
<status status="PASS" start="2025-11-21T21:49:44.887835" elapsed="0.356546" />
</kw>
<kw name="Sleep" owner="BuiltIn">
<msg time="2025-11-21T21:49:47.247011" level="INFO">Slept 2 seconds.</msg>
<arg>2s</arg>
<doc>Pauses the test executed for the given time.</doc>
<status status="PASS" start="2025-11-21T21:49:45.246193" elapsed="2.002757" />
</kw>
<kw name="Click Element" owner="SeleniumLibrary">
<msg time="2025-11-21T21:49:47.253113" level="INFO">Clicking element '//*[@class="btn btn-success btn-lg"]'.</msg>
<arg>${addToCartButton}</arg>
<doc>Click the element identified by ``locator``.</doc>
<status status="PASS" start="2025-11-21T21:49:47.251859" elapsed="0.370049" />
</kw>
<kw name="Sleep" owner="BuiltIn">
<msg time="2025-11-21T21:49:49.624475" level="INFO">Slept 2 seconds.</msg>
<arg>2s</arg>
<doc>Pauses the test executed for the given time.</doc>
<status status="PASS" start="2025-11-21T21:49:47.623652" elapsed="2.001996" />
</kw>
<kw name="Handle Alert" owner="SeleniumLibrary">
<msg time="2025-11-21T21:49:49.628108" level="INFO">HANDLE::&lt;class 'NoneType'&gt;::None</msg>
<arg>action=ACCEPT</arg>
<doc>Handles the current alert and returns its message.</doc>
<status status="PASS" start="2025-11-21T21:49:49.627424" elapsed="0.561203" />
</kw>
<kw name="Sleep" owner="BuiltIn">
<msg time="2025-11-21T21:49:51.191251" level="INFO">Slept 1 second.</msg>
<arg>1s</arg>
<doc>Pauses the test executed for the given time.</doc>
<status status="PASS" start="2025-11-21T21:49:50.190348" elapsed="1.002039" />
</kw>
<status status="PASS" start="2025-11-21T21:49:43.713840" elapsed="7.480124" />
</kw>
<kw name="Open Cart Page" owner="resources">
<kw name="Wait Until Page Contains Element" owner="SeleniumLibrary">
<arg>${cartButton}</arg>
<arg>timeout=80</arg>
<arg>error=openCartPageButtonNotFound</arg>
<doc>Waits until the element ``locator`` appears on the current page.</doc>
<status status="PASS" start="2025-11-21T21:49:51.195596" elapsed="0.163563" />
</kw>
<kw name="Sleep" owner="BuiltIn">
<msg time="2025-11-21T21:49:52.361849" level="INFO">Slept 1 second.</msg>
<arg>1s</arg>
<doc>Pauses the test executed for the given time.</doc>
<status status="PASS" start="2025-11-21T21:49:51.360889" elapsed="1.002116" />
</kw>
<kw name="Click Element" owner="SeleniumLibrary">
<msg time="2025-11-21T21:49:52.365426" level="INFO">Clicking element '//*[@id="cartur"]'.</msg>
<arg>${cartButton}</arg>
<doc>Click the element identified by ``locator``.</doc>
<status status="PASS" start="2025-11-21T21:49:52.364658" elapsed="0.360266" />
</kw>
<kw name="Sleep" owner="BuiltIn">
<msg time="2025-11-21T21:49:54.727494" level="INFO">Slept 2 seconds.</msg>
<arg>2s</arg>
<doc>Pauses the test executed for the given time.</doc>
<status status="PASS" start="2025-11-21T21:49:52.726628" elapsed="2.002029" />
</kw>
<status status="PASS" start="2025-11-21T21:49:51.194734" elapsed="3.535500" />
</kw>
<kw name="Buy Product" owner="resources">
<kw name="Wait Until Page Contains Element" owner="SeleniumLibrary">
<arg>${orderButton}</arg>
<arg>timeout=80</arg>
<arg>error=orderButtonNotFound</arg>
<doc>Waits until the element ``locator`` appears on the current page.</doc>
<status status="PASS" start="2025-11-21T21:49:54.731970" elapsed="0.213538" />
</kw>
<kw name="Click Element" owner="SeleniumLibrary">
<msg time="2025-11-21T21:49:54.947963" level="INFO">Clicking element '//*[@class="btn btn-success"]'.</msg>
<arg>${orderButton}</arg>
<doc>Click the element identified by ``locator``.</doc>
<status status="PASS" start="2025-11-21T21:49:54.947181" elapsed="0.360405" />
</kw>
<kw name="Sleep" owner="BuiltIn">
<msg time="2025-11-21T21:49:57.310170" level="INFO">Slept 2 seconds.</msg>
<arg>2s</arg>
<doc>Pauses the test executed for the given time.</doc>
<status status="PASS" start="2025-11-21T21:49:55.309269" elapsed="2.002077" />
</kw>
<kw name="Wait Until Page Contains Element" owner="SeleniumLibrary">
<arg>${orderFormModal}</arg>
<arg>timeout=80</arg>
<arg>error=orderFormModalNotFound</arg>
<doc>Waits until the element ``locator`` appears on the current page.</doc>
<status status="PASS" start="2025-11-21T21:49:57.313044" elapsed="0.165146" />
</kw>
<kw name="Sleep" owner="BuiltIn">
<msg time="2025-11-21T21:49:58.480666" level="INFO">Slept 1 second.</msg>
<arg>1s</arg>
<doc>Pauses the test executed for the given time.</doc>
<status status="PASS" start="2025-11-21T21:49:57.479842" elapsed="1.001963" />
</kw>
<kw name="Input Text" owner="SeleniumLibrary">
<msg time="2025-11-21T21:49:58.484329" level="INFO">Typing text 'John' into text field '//*[@id="name"]'.</msg>
<arg>${orderFormNameField}</arg>
<arg>${orderFormNameValue}</arg>
<doc>Types the given ``text`` into the text field identified by ``locator``.</doc>
<status status="PASS" start="2025-11-21T21:49:58.483499" elapsed="0.528997" />
</kw>
<kw name="Sleep" owner="BuiltIn">
<msg time="2025-11-21T21:49:59.265904" level="INFO">Slept 250 milliseconds.</msg>
<arg>0.25s</arg>
<doc>Pauses the test executed for the given time.</doc>
<status status="PASS" start="2025-11-21T21:49:59.014958" elapsed="0.252087" />
</kw>
<kw name="Input Text" owner="SeleniumLibrary">
<msg time="2025-11-21T21:49:59.269551" level="INFO">Typing text 'New Zeland' into text field '//*[@id="country"]'.</msg>
<arg>${orderFormCountryField}</arg>
<arg>${orderFormCountryValue}</arg>
<doc>Types the given ``text`` into the text field identified by ``locator``.</doc>
<status status="PASS" start="2025-11-21T21:49:59.268722" elapsed="0.549623" />
</kw>
<kw name="Sleep" owner="BuiltIn">
<msg time="2025-11-21T21:50:00.071294" level="INFO">Slept 250 milliseconds.</msg>
<arg>0.25s</arg>
<doc>Pauses the test executed for the given time.</doc>
<status status="PASS" start="2025-11-21T21:49:59.820443" elapsed="0.252669" />
</kw>
<kw name="Input Text" owner="SeleniumLibrary">
<msg time="2025-11-21T21:50:00.077366" level="INFO">Typing text 'Wellington' into text field '//*[@id="city"]'.</msg>
<arg>${orderFormCityField}</arg>
<arg>${orderFormCityValue}</arg>
<doc>Types the given ``text`` into the text field identified by ``locator``.</doc>
<status status="PASS" start="2025-11-21T21:50:00.076008" elapsed="0.569381" />
</kw>
<kw name="Sleep" owner="BuiltIn">
<msg time="2025-11-21T21:50:00.898069" level="INFO">Slept 250 milliseconds.</msg>
<arg>0.25s</arg>
<doc>Pauses the test executed for the given time.</doc>
<status status="PASS" start="2025-11-21T21:50:00.647133" elapsed="0.252084" />
</kw>
<kw name="Input Text" owner="SeleniumLibrary">
<msg time="2025-11-21T21:50:00.901679" level="INFO">Typing text '5130290000000009' into text field '//*[@id="card"]'.</msg>
<arg>${orderFormCreditCardField}</arg>
<arg>${orderFormCreditCardValue}</arg>
<doc>Types the given ``text`` into the text field identified by ``locator``.</doc>
<status status="PASS" start="2025-11-21T21:50:00.900867" elapsed="0.564590" />
</kw>
<kw name="Sleep" owner="BuiltIn">
<msg time="2025-11-21T21:50:01.718002" level="INFO">Slept 250 milliseconds.</msg>
<arg>0.25s</arg>
<doc>Pauses the test executed for the given time.</doc>
<status status="PASS" start="2025-11-21T21:50:01.467139" elapsed="0.251976" />
</kw>
<kw name="Input Text" owner="SeleniumLibrary">
<msg time="2025-11-21T21:50:01.721569" level="INFO">Typing text 'November' into text field '//*[@id="month"]'.</msg>
<arg>${orderFormMonthField}</arg>
<arg>${orderFormMonthValue}</arg>
<doc>Types the given ``text`` into the text field identified by ``locator``.</doc>
<status status="PASS" start="2025-11-21T21:50:01.720757" elapsed="0.572547" />
</kw>
<kw name="Sleep" owner="BuiltIn">
<msg time="2025-11-21T21:50:02.545910" level="INFO">Slept 250 milliseconds.</msg>
<arg>0.25s</arg>
<doc>Pauses the test executed for the given time.</doc>
<status status="PASS" start="2025-11-21T21:50:02.294997" elapsed="0.252047" />
</kw>
<kw name="Input Text" owner="SeleniumLibrary">
<msg time="2025-11-21T21:50:02.549647" level="INFO">Typing text '2025' into text field '//*[@id="year"]'.</msg>
<arg>${orderFormYearField}</arg>
<arg>${orderFormYearValue}</arg>
<doc>Types the given ``text`` into the text field identified by ``locator``.</doc>
<status status="PASS" start="2025-11-21T21:50:02.548825" elapsed="0.499760" />
</kw>
<kw name="Sleep" owner="BuiltIn">
<msg time="2025-11-21T21:50:03.301322" level="INFO">Slept 250 milliseconds.</msg>
<arg>0.25s</arg>
<doc>Pauses the test executed for the given time.</doc>
<status status="PASS" start="2025-11-21T21:50:03.050388" elapsed="0.252082" />
</kw>
<kw name="Wait Until Element Is Visible" owner="SeleniumLibrary">
<arg>${purchaseButton}</arg>
<arg>timeout=5s</arg>
<doc>Waits until the element ``locator`` is visible.</doc>
<status status="PASS" start="2025-11-21T21:50:03.304107" elapsed="0.487709" />
</kw>
<kw name="Sleep" owner="BuiltIn">
<msg time="2025-11-21T21:50:04.794465" level="INFO">Slept 1 second.</msg>
<arg>1s</arg>
<doc>Pauses the test executed for the given time.</doc>
<status status="PASS" start="2025-11-21T21:50:03.793521" elapsed="1.002087" />
</kw>
<kw name="Click Element" owner="SeleniumLibrary">
<msg time="2025-11-21T21:50:04.798132" level="INFO">Clicking element '//button[contains(text(), "Purchase")]'.</msg>
<arg>${purchaseButton}</arg>
<doc>Click the element identified by ``locator``.</doc>
<status status="PASS" start="2025-11-21T21:50:04.797284" elapsed="0.406231" />
</kw>
<kw name="Wait Until Page Contains Element" owner="SeleniumLibrary">
<arg>${purchaseSuccessButton}</arg>
<arg>timeout=80</arg>
<arg>error=purchaseFormIsNotValid</arg>
<doc>Waits until the element ``locator`` appears on the current page.</doc>
<status status="PASS" start="2025-11-21T21:50:05.205293" elapsed="0.178150" />
</kw>
<kw name="Sleep" owner="BuiltIn">
<msg time="2025-11-21T21:50:06.386101" level="INFO">Slept 1 second.</msg>
<arg>1s</arg>
<doc>Pauses the test executed for the given time.</doc>
<status status="PASS" start="2025-11-21T21:50:05.385176" elapsed="1.002275" />
</kw>
<kw name="Click Element" owner="SeleniumLibrary">
<msg time="2025-11-21T21:50:06.389969" level="INFO">Clicking element '//*[@class="sa-confirm-button-container"]/button'.</msg>
<arg>${purchaseSuccessButton}</arg>
<doc>Click the element identified by ``locator``.</doc>
<status status="PASS" start="2025-11-21T21:50:06.389171" elapsed="0.374554" />
</kw>
<kw name="Sleep" owner="BuiltIn">
<msg time="2025-11-21T21:50:08.766368" level="INFO">Slept 2 seconds.</msg>
<arg>2s</arg>
<doc>Pauses the test executed for the given time.</doc>
<status status="PASS" start="2025-11-21T21:50:06.765443" elapsed="2.002119" />
</kw>
<status status="PASS" start="2025-11-21T21:49:54.731100" elapsed="14.038073" />
</kw>
<status status="PASS" start="2025-11-21T21:49:43.711597" elapsed="25.058299" />
</test>
<test id="s1-t4" name="REMOVE_FROM_CART_TEST" line="21">
<kw name="Add To Cart" owner="resources">
<kw name="Wait Until Page Contains Element" owner="SeleniumLibrary">
<arg>${openProductPageButton}</arg>
<arg>timeout=80</arg>
<arg>error=openProductPageButtonNotFound</arg>
<doc>Waits until the element ``locator`` appears on the current page.</doc>
<status status="PASS" start="2025-11-21T21:50:09.682883" elapsed="0.315402" />
</kw>
<kw name="Sleep" owner="BuiltIn">
<msg time="2025-11-21T21:50:11.000957" level="INFO">Slept 1 second.</msg>
<arg>1s</arg>
<doc>Pauses the test executed for the given time.</doc>
<status status="PASS" start="2025-11-21T21:50:10.000082" elapsed="1.002062" />
</kw>
<kw name="Click Element" owner="SeleniumLibrary">
<msg time="2025-11-21T21:50:11.005539" level="INFO">Clicking element '//*[@id="tbodyid"]/div[3]/div/div/h4/a'.</msg>
<arg>${openProductPageButton}</arg>
<doc>Click the element identified by ``locator``.</doc>
<status status="PASS" start="2025-11-21T21:50:11.004177" elapsed="0.412886" />
</kw>
<kw name="Sleep" owner="BuiltIn">
<msg time="2025-11-21T21:50:13.419626" level="INFO">Slept 2 seconds.</msg>
<arg>2s</arg>
<doc>Pauses the test executed for the given time.</doc>
<status status="PASS" start="2025-11-21T21:50:11.418810" elapsed="2.001992" />
</kw>
<kw name="Click Element" owner="SeleniumLibrary">
<msg time="2025-11-21T21:50:13.423282" level="INFO">Clicking element '//*[@class="btn btn-success btn-lg"]'.</msg>
<arg>${addToCartButton}</arg>
<doc>Click the element identified by ``locator``.</doc>
<status status="PASS" start="2025-11-21T21:50:13.422497" elapsed="0.372826" />
</kw>
<kw name="Sleep" owner="BuiltIn">
<msg time="2025-11-21T21:50:15.797818" level="INFO">Slept 2 seconds.</msg>
<arg>2s</arg>
<doc>Pauses the test executed for the given time.</doc>
<status status="PASS" start="2025-11-21T21:50:13.797043" elapsed="2.001986" />
</kw>
<kw name="Handle Alert" owner="SeleniumLibrary">
<msg time="2025-11-21T21:50:15.801455" level="INFO">HANDLE::&lt;class 'NoneType'&gt;::None</msg>
<arg>action=ACCEPT</arg>
<doc>Handles the current alert and returns its message.</doc>
<status status="PASS" start="2025-11-21T21:50:15.800765" elapsed="0.562759" />
</kw>
<kw name="Sleep" owner="BuiltIn">
<msg time="2025-11-21T21:50:17.366263" level="INFO">Slept 1 second.</msg>
<arg>1s</arg>
<doc>Pauses the test executed for the given time.</doc>
<status status="PASS" start="2025-11-21T21:50:16.365361" elapsed="1.003064" />
</kw>
<status status="PASS" start="2025-11-21T21:50:09.681981" elapsed="7.689514" />
</kw>
<kw name="Remove From Cart" owner="resources">
<kw name="Open Cart Page" owner="resources">
<kw name="Wait Until Page Contains Element" owner="SeleniumLibrary">
<arg>${cartButton}</arg>
<arg>timeout=80</arg>
<arg>error=openCartPageButtonNotFound</arg>
<doc>Waits until the element ``locator`` appears on the current page.</doc>
<status status="PASS" start="2025-11-21T21:50:17.375636" elapsed="0.170189" />
</kw>
<kw name="Sleep" owner="BuiltIn">
<msg time="2025-11-21T21:50:18.548442" level="INFO">Slept 1 second.</msg>
<arg>1s</arg>
<doc>Pauses the test executed for the given time.</doc>
<status status="PASS" start="2025-11-21T21:50:17.547529" elapsed="1.002089" />
</kw>
<kw name="Click Element" owner="SeleniumLibrary">
<msg time="2025-11-21T21:50:18.552055" level="INFO">Clicking element '//*[@id="cartur"]'.</msg>
<arg>${cartButton}</arg>
<doc>Click the element identified by ``locator``.</doc>
<status status="PASS" start="2025-11-21T21:50:18.551290" elapsed="0.363837" />
</kw>
<kw name="Sleep" owner="BuiltIn">
<msg time="2025-11-21T21:50:20.917842" level="INFO">Slept 2 seconds.</msg>
<arg>2s</arg>
<doc>Pauses the test executed for the given time.</doc>
<status status="PASS" start="2025-11-21T21:50:18.916831" elapsed="2.002190" />
</kw>
<status status="PASS" start="2025-11-21T21:50:17.374374" elapsed="3.546284" />
</kw>
<kw name="Wait Until Page Contains Element" owner="SeleniumLibrary">
<arg>${removeFromCartButton}</arg>
<arg>timeout=80</arg>
<arg>error=removeButtonNotFound</arg>
<doc>Waits until the element ``locator`` appears on the current page.</doc>
<status status="PASS" start="2025-11-21T21:50:20.922206" elapsed="0.211380" />
</kw>
<kw name="Sleep" owner="BuiltIn">
<msg time="2025-11-21T21:50:22.136251" level="INFO">Slept 1 second.</msg>
<arg>1s</arg>
<doc>Pauses the test executed for the given time.</doc>
<status status="PASS" start="2025-11-21T21:50:21.135336" elapsed="1.002159" />
</kw>
<kw name="Click Element" owner="SeleniumLibrary">
<msg time="2025-11-21T21:50:22.139933" level="INFO">Clicking element '//tbody[@id="tbodyid"]//a[text()="Delete"]'.</msg>
<arg>${removeFromCartButton}</arg>
<doc>Click the element identified by ``locator``.</doc>
<status status="PASS" start="2025-11-21T21:50:22.139163" elapsed="0.383901" />
</kw>
<kw name="Sleep" owner="BuiltIn">
<msg time="2025-11-21T21:50:24.525526" level="INFO">Slept 2 seconds.</msg>
<arg>2s</arg>
<doc>Pauses the test executed for the given time.</doc>
<status status="PASS" start="2025-11-21T21:50:22.524771" elapsed="2.001925" />
</kw>
<kw name="Page Should Contain Element" owner="SeleniumLibrary">
<msg time="2025-11-21T21:50:24.733374" level="INFO">Current page contains element '//*[@id="tbodyid" and not (*)]'.</msg>
<arg>${removedElement}</arg>
<doc>Verifies that element ``locator`` is found on the current page.</doc>
<status status="PASS" start="2025-11-21T21:50:24.528377" elapsed="0.206105" />
</kw>
<kw name="Sleep" owner="BuiltIn">
<msg time="2025-11-21T21:50:26.737039" level="INFO">Slept 2 seconds.</msg>
<arg>2s</arg>
<doc>Pauses the test executed for the given time.</doc>
<status status="PASS" start="2025-11-21T21:50:24.736124" elapsed="2.002073" />
</kw>
<status status="PASS" start="2025-11-21T21:50:17.372819" elapsed="9.366999" />
</kw>
<status status="PASS" start="2025-11-21T21:50:09.679535" elapsed="17.061008" />
</test>
<kw name="Close Browser Custom" owner="resources" type="TEARDOWN">
<kw name="Close All Browsers" owner="SeleniumLibrary">
<doc>Closes all open browsers and resets the browser cache.</doc>
<status status="PASS" start="2025-11-21T21:50:27.720338" elapsed="2.178483" />
</kw>
<status status="PASS" start="2025-11-21T21:50:27.718372" elapsed="2.181253" />
</kw>
<status status="PASS" start="2025-11-21T21:49:09.582172" elapsed="80.318914" />
</suite>
<status status="PASS" start="2025-11-21T21:49:09.582172" elapsed="80.318914" />
</suite><errors>
</errors>
</robot>